[2024-05-21T17:26:11.834+0000] {taskinstance.py:1159} INFO - Dependencies all met for dep_context=non-requeueable deps ti=<TaskInstance: fraud_bitcoin.load_and_prepare_data manual__2024-05-21T17:24:46.231076+00:00 [queued]>
[2024-05-21T17:26:11.844+0000] {taskinstance.py:1159} INFO - Dependencies all met for dep_context=requeueable deps ti=<TaskInstance: fraud_bitcoin.load_and_prepare_data manual__2024-05-21T17:24:46.231076+00:00 [queued]>
[2024-05-21T17:26:11.844+0000] {taskinstance.py:1361} INFO - Starting attempt 2 of 3
[2024-05-21T17:26:11.863+0000] {taskinstance.py:1382} INFO - Executing <Task(PythonOperator): load_and_prepare_data> on 2024-05-21 17:24:46.231076+00:00
[2024-05-21T17:26:11.891+0000] {standard_task_runner.py:57} INFO - Started process 136 to run task
[2024-05-21T17:26:11.902+0000] {standard_task_runner.py:84} INFO - Running: ['***', 'tasks', 'run', 'fraud_bitcoin', 'load_and_prepare_data', 'manual__2024-05-21T17:24:46.231076+00:00', '--job-id', '352', '--raw', '--subdir', 'DAGS_FOLDER/fraud.py', '--cfg-path', '/tmp/tmp8abf7qvu']
[2024-05-21T17:26:11.911+0000] {standard_task_runner.py:85} INFO - Job 352: Subtask load_and_prepare_data
[2024-05-21T17:26:12.087+0000] {task_command.py:416} INFO - Running <TaskInstance: fraud_bitcoin.load_and_prepare_data manual__2024-05-21T17:24:46.231076+00:00 [running]> on host 66abfe055500
[2024-05-21T17:26:12.307+0000] {taskinstance.py:1662} INFO - Exporting env vars: AIRFLOW_CTX_DAG_OWNER='***' AIRFLOW_CTX_DAG_ID='fraud_bitcoin' AIRFLOW_CTX_TASK_ID='load_and_prepare_data' AIRFLOW_CTX_EXECUTION_DATE='2024-05-21T17:24:46.231076+00:00' AIRFLOW_CTX_TRY_NUMBER='2' AIRFLOW_CTX_DAG_RUN_ID='manual__2024-05-21T17:24:46.231076+00:00'
[2024-05-21T17:26:12.320+0000] {taskinstance.py:1937} ERROR - Task failed with exception
Traceback (most recent call last):
  File "/home/airflow/.local/lib/python3.8/site-packages/airflow/operators/python.py", line 192, in execute
    return_value = self.execute_callable()
  File "/home/airflow/.local/lib/python3.8/site-packages/airflow/operators/python.py", line 209, in execute_callable
    return self.python_callable(*self.op_args, **self.op_kwargs)
  File "/opt/airflow/dags/fraud.py", line 39, in load_and_prepare_data
    data = pd.read_csv(file_path)
  File "/home/airflow/.local/lib/python3.8/site-packages/pandas/io/parsers/readers.py", line 912, in read_csv
    return _read(filepath_or_buffer, kwds)
  File "/home/airflow/.local/lib/python3.8/site-packages/pandas/io/parsers/readers.py", line 577, in _read
    parser = TextFileReader(filepath_or_buffer, **kwds)
  File "/home/airflow/.local/lib/python3.8/site-packages/pandas/io/parsers/readers.py", line 1407, in __init__
    self._engine = self._make_engine(f, self.engine)
  File "/home/airflow/.local/lib/python3.8/site-packages/pandas/io/parsers/readers.py", line 1661, in _make_engine
    self.handles = get_handle(
  File "/home/airflow/.local/lib/python3.8/site-packages/pandas/io/common.py", line 859, in get_handle
    handle = open(
FileNotFoundError: [Errno 2] No such file or directory: '/opt/airflow/datasets/usable_datasets/out.csv'
[2024-05-21T17:26:12.357+0000] {taskinstance.py:1400} INFO - Marking task as UP_FOR_RETRY. dag_id=fraud_bitcoin, task_id=load_and_prepare_data, execution_date=20240521T172446, start_date=20240521T172611, end_date=20240521T172612
[2024-05-21T17:26:12.375+0000] {standard_task_runner.py:104} ERROR - Failed to execute job 352 for task load_and_prepare_data ([Errno 2] No such file or directory: '/opt/airflow/datasets/usable_datasets/out.csv'; 136)
[2024-05-21T17:26:12.411+0000] {local_task_job_runner.py:228} INFO - Task exited with return code 1
[2024-05-21T17:26:12.454+0000] {taskinstance.py:2778} INFO - 0 downstream tasks scheduled from follow-on schedule check
