[2024-05-04T07:16:34.362+0000] {taskinstance.py:1159} INFO - Dependencies all met for dep_context=non-requeueable deps ti=<TaskInstance: bitcoin_transaction_analysis.select_features manual__2024-05-04T07:14:06.542644+00:00 [queued]>
[2024-05-04T07:16:34.371+0000] {taskinstance.py:1159} INFO - Dependencies all met for dep_context=requeueable deps ti=<TaskInstance: bitcoin_transaction_analysis.select_features manual__2024-05-04T07:14:06.542644+00:00 [queued]>
[2024-05-04T07:16:34.371+0000] {taskinstance.py:1361} INFO - Starting attempt 1 of 2
[2024-05-04T07:16:34.382+0000] {taskinstance.py:1382} INFO - Executing <Task(PythonOperator): select_features> on 2024-05-04 07:14:06.542644+00:00
[2024-05-04T07:16:34.391+0000] {standard_task_runner.py:57} INFO - Started process 166 to run task
[2024-05-04T07:16:34.397+0000] {standard_task_runner.py:84} INFO - Running: ['***', 'tasks', 'run', 'bitcoin_transaction_analysis', 'select_features', 'manual__2024-05-04T07:14:06.542644+00:00', '--job-id', '180', '--raw', '--subdir', 'DAGS_FOLDER/bitcoin.py', '--cfg-path', '/tmp/tmp5vi7y_az']
[2024-05-04T07:16:34.403+0000] {standard_task_runner.py:85} INFO - Job 180: Subtask select_features
[2024-05-04T07:16:34.458+0000] {task_command.py:416} INFO - Running <TaskInstance: bitcoin_transaction_analysis.select_features manual__2024-05-04T07:14:06.542644+00:00 [running]> on host c967b8493ef9
[2024-05-04T07:16:34.626+0000] {taskinstance.py:1662} INFO - Exporting env vars: AIRFLOW_CTX_DAG_OWNER='***' AIRFLOW_CTX_DAG_ID='bitcoin_transaction_analysis' AIRFLOW_CTX_TASK_ID='select_features' AIRFLOW_CTX_EXECUTION_DATE='2024-05-04T07:14:06.542644+00:00' AIRFLOW_CTX_TRY_NUMBER='1' AIRFLOW_CTX_DAG_RUN_ID='manual__2024-05-04T07:14:06.542644+00:00'
[2024-05-04T07:16:45.190+0000] {taskinstance.py:1937} ERROR - Task failed with exception
Traceback (most recent call last):
  File "/home/airflow/.local/lib/python3.8/site-packages/airflow/operators/python.py", line 192, in execute
    return_value = self.execute_callable()
  File "/home/airflow/.local/lib/python3.8/site-packages/airflow/operators/python.py", line 209, in execute_callable
    return self.python_callable(*self.op_args, **self.op_kwargs)
  File "/opt/airflow/dags/bitcoin.py", line 98, in select_features
    lasso_cv.fit(X, y)
  File "/home/airflow/.local/lib/python3.8/site-packages/sklearn/base.py", line 1152, in wrapper
    return fit_method(estimator, *args, **kwargs)
  File "/home/airflow/.local/lib/python3.8/site-packages/sklearn/linear_model/_coordinate_descent.py", line 1551, in fit
    X, y = self._validate_data(
  File "/home/airflow/.local/lib/python3.8/site-packages/sklearn/base.py", line 620, in _validate_data
    y = check_array(y, input_name="y", **check_y_params)
  File "/home/airflow/.local/lib/python3.8/site-packages/sklearn/utils/validation.py", line 915, in check_array
    array = _asarray_with_order(array, order=order, dtype=dtype, xp=xp)
  File "/home/airflow/.local/lib/python3.8/site-packages/sklearn/utils/_array_api.py", line 380, in _asarray_with_order
    array = numpy.asarray(array, order=order, dtype=dtype)
ValueError: could not convert string to float: 'unknown'
[2024-05-04T07:16:45.262+0000] {taskinstance.py:1400} INFO - Marking task as UP_FOR_RETRY. dag_id=bitcoin_transaction_analysis, task_id=select_features, execution_date=20240504T071406, start_date=20240504T071634, end_date=20240504T071645
[2024-05-04T07:16:45.305+0000] {standard_task_runner.py:104} ERROR - Failed to execute job 180 for task select_features (could not convert string to float: 'unknown'; 166)
[2024-05-04T07:16:45.345+0000] {local_task_job_runner.py:228} INFO - Task exited with return code 1
[2024-05-04T07:16:45.413+0000] {taskinstance.py:2778} INFO - 0 downstream tasks scheduled from follow-on schedule check
