[2024-05-05T10:35:38.936+0000] {taskinstance.py:1159} INFO - Dependencies all met for dep_context=non-requeueable deps ti=<TaskInstance: bitcoin_transaction_analysis.select_features manual__2024-05-05T01:20:29.811933+00:00 [queued]>
[2024-05-05T10:35:38.941+0000] {taskinstance.py:1159} INFO - Dependencies all met for dep_context=requeueable deps ti=<TaskInstance: bitcoin_transaction_analysis.select_features manual__2024-05-05T01:20:29.811933+00:00 [queued]>
[2024-05-05T10:35:38.942+0000] {taskinstance.py:1361} INFO - Starting attempt 2 of 3
[2024-05-05T10:35:38.947+0000] {taskinstance.py:1382} INFO - Executing <Task(PythonOperator): select_features> on 2024-05-05 01:20:29.811933+00:00
[2024-05-05T10:35:38.952+0000] {standard_task_runner.py:57} INFO - Started process 3136 to run task
[2024-05-05T10:35:38.955+0000] {standard_task_runner.py:84} INFO - Running: ['***', 'tasks', 'run', 'bitcoin_transaction_analysis', 'select_features', 'manual__2024-05-05T01:20:29.811933+00:00', '--job-id', '219', '--raw', '--subdir', 'DAGS_FOLDER/bitcoin.py', '--cfg-path', '/tmp/tmpupsaplca']
[2024-05-05T10:35:38.957+0000] {standard_task_runner.py:85} INFO - Job 219: Subtask select_features
[2024-05-05T10:35:38.989+0000] {task_command.py:416} INFO - Running <TaskInstance: bitcoin_transaction_analysis.select_features manual__2024-05-05T01:20:29.811933+00:00 [running]> on host c967b8493ef9
[2024-05-05T10:35:39.038+0000] {taskinstance.py:1662} INFO - Exporting env vars: AIRFLOW_CTX_DAG_OWNER='***' AIRFLOW_CTX_DAG_ID='bitcoin_transaction_analysis' AIRFLOW_CTX_TASK_ID='select_features' AIRFLOW_CTX_EXECUTION_DATE='2024-05-05T01:20:29.811933+00:00' AIRFLOW_CTX_TRY_NUMBER='2' AIRFLOW_CTX_DAG_RUN_ID='manual__2024-05-05T01:20:29.811933+00:00'
[2024-05-05T10:35:45.802+0000] {logging_mixin.py:154} INFO - Datasets split into training and prediction sets.
[2024-05-05T10:35:45.817+0000] {taskinstance.py:1937} ERROR - Task failed with exception
Traceback (most recent call last):
  File "/home/airflow/.local/lib/python3.8/site-packages/airflow/operators/python.py", line 192, in execute
    return_value = self.execute_callable()
  File "/home/airflow/.local/lib/python3.8/site-packages/airflow/operators/python.py", line 209, in execute_callable
    return self.python_callable(*self.op_args, **self.op_kwargs)
  File "/opt/airflow/dags/bitcoin.py", line 117, in select_features
    lasso_cv.fit(X, y)
  File "/home/airflow/.local/lib/python3.8/site-packages/sklearn/base.py", line 1152, in wrapper
    return fit_method(estimator, *args, **kwargs)
  File "/home/airflow/.local/lib/python3.8/site-packages/sklearn/linear_model/_coordinate_descent.py", line 1551, in fit
    X, y = self._validate_data(
  File "/home/airflow/.local/lib/python3.8/site-packages/sklearn/base.py", line 617, in _validate_data
    X = check_array(X, input_name="X", **check_X_params)
  File "/home/airflow/.local/lib/python3.8/site-packages/sklearn/utils/validation.py", line 967, in check_array
    raise ValueError(
ValueError: Found array with 0 sample(s) (shape=(0, 168)) while a minimum of 1 is required by LassoCV.
[2024-05-05T10:35:45.835+0000] {taskinstance.py:1400} INFO - Marking task as UP_FOR_RETRY. dag_id=bitcoin_transaction_analysis, task_id=select_features, execution_date=20240505T012029, start_date=20240505T103538, end_date=20240505T103545
[2024-05-05T10:35:45.843+0000] {standard_task_runner.py:104} ERROR - Failed to execute job 219 for task select_features (Found array with 0 sample(s) (shape=(0, 168)) while a minimum of 1 is required by LassoCV.; 3136)
[2024-05-05T10:35:45.856+0000] {local_task_job_runner.py:228} INFO - Task exited with return code 1
[2024-05-05T10:35:45.876+0000] {taskinstance.py:2778} INFO - 0 downstream tasks scheduled from follow-on schedule check
