[2024-05-05T00:54:18.126+0000] {taskinstance.py:1159} INFO - Dependencies all met for dep_context=non-requeueable deps ti=<TaskInstance: bitcoin_transaction_analysis.explore_data scheduled__2024-05-04T00:00:00+00:00 [queued]>
[2024-05-05T00:54:18.131+0000] {taskinstance.py:1159} INFO - Dependencies all met for dep_context=requeueable deps ti=<TaskInstance: bitcoin_transaction_analysis.explore_data scheduled__2024-05-04T00:00:00+00:00 [queued]>
[2024-05-05T00:54:18.131+0000] {taskinstance.py:1361} INFO - Starting attempt 1 of 2
[2024-05-05T00:54:18.138+0000] {taskinstance.py:1382} INFO - Executing <Task(PythonOperator): explore_data> on 2024-05-04 00:00:00+00:00
[2024-05-05T00:54:18.145+0000] {standard_task_runner.py:57} INFO - Started process 2850 to run task
[2024-05-05T00:54:18.147+0000] {standard_task_runner.py:84} INFO - Running: ['***', 'tasks', 'run', 'bitcoin_transaction_analysis', 'explore_data', 'scheduled__2024-05-04T00:00:00+00:00', '--job-id', '190', '--raw', '--subdir', 'DAGS_FOLDER/bitcoin.py', '--cfg-path', '/tmp/tmpln_ib2rc']
[2024-05-05T00:54:18.150+0000] {standard_task_runner.py:85} INFO - Job 190: Subtask explore_data
[2024-05-05T00:54:18.184+0000] {task_command.py:416} INFO - Running <TaskInstance: bitcoin_transaction_analysis.explore_data scheduled__2024-05-04T00:00:00+00:00 [running]> on host c967b8493ef9
[2024-05-05T00:54:18.237+0000] {taskinstance.py:1662} INFO - Exporting env vars: AIRFLOW_CTX_DAG_OWNER='***' AIRFLOW_CTX_DAG_ID='bitcoin_transaction_analysis' AIRFLOW_CTX_TASK_ID='explore_data' AIRFLOW_CTX_EXECUTION_DATE='2024-05-04T00:00:00+00:00' AIRFLOW_CTX_TRY_NUMBER='1' AIRFLOW_CTX_DAG_RUN_ID='scheduled__2024-05-04T00:00:00+00:00'
[2024-05-05T00:54:25.272+0000] {logging_mixin.py:154} INFO -                txId
count  2.037690e+05
mean   1.711310e+08
std    1.104655e+08
min    1.076000e+03
25%    8.433452e+07
50%    1.624375e+08
75%    2.454798e+08
max    4.032446e+08
[2024-05-05T00:54:25.290+0000] {logging_mixin.py:154} INFO -               txId1         txId2
count  2.343550e+05  2.343550e+05
mean   1.612218e+08  1.686881e+08
std    1.134457e+08  1.110120e+08
min    1.076000e+03  1.076000e+03
25%    6.933967e+07  7.342958e+07
50%    1.555782e+08  1.575814e+08
75%    2.433861e+08  2.454072e+08
max    4.032446e+08  4.032446e+08
[2024-05-05T00:54:27.074+0000] {logging_mixin.py:154} INFO -                 0              1    ...           165           166
count  2.037690e+05  203769.000000  ...  2.037690e+05  2.037690e+05
mean   1.711310e+08      23.843961  ...  4.072817e-17  5.913954e-17
std    1.104655e+08      15.172170  ...  1.000002e+00  1.000002e+00
min    1.076000e+03       1.000000  ... -1.760926e+00 -1.760984e+00
25%    8.433452e+07       9.000000  ... -1.206134e-01 -1.197925e-01
50%    1.624375e+08      23.000000  ... -1.206134e-01 -1.197925e-01
75%    2.454798e+08      38.000000  ...  1.520067e-01  1.199710e-01
max    4.032446e+08      49.000000  ...  1.519700e+00  1.521399e+00

[8 rows x 167 columns]
[2024-05-05T00:54:27.107+0000] {python.py:194} INFO - Done. Returned value was: None
[2024-05-05T00:54:27.120+0000] {taskinstance.py:1400} INFO - Marking task as SUCCESS. dag_id=bitcoin_transaction_analysis, task_id=explore_data, execution_date=20240504T000000, start_date=20240505T005418, end_date=20240505T005427
[2024-05-05T00:54:27.191+0000] {local_task_job_runner.py:228} INFO - Task exited with return code 0
[2024-05-05T00:54:27.227+0000] {taskinstance.py:2778} INFO - 1 downstream tasks scheduled from follow-on schedule check
