[2024-05-04T02:15:44.213+0000] {taskinstance.py:1159} INFO - Dependencies all met for dep_context=non-requeueable deps ti=<TaskInstance: bitcoin_transaction_analysis.explore_data manual__2024-04-28T17:25:50.549263+00:00 [queued]>
[2024-05-04T02:15:44.245+0000] {taskinstance.py:1159} INFO - Dependencies all met for dep_context=requeueable deps ti=<TaskInstance: bitcoin_transaction_analysis.explore_data manual__2024-04-28T17:25:50.549263+00:00 [queued]>
[2024-05-04T02:15:44.249+0000] {taskinstance.py:1361} INFO - Starting attempt 4 of 4
[2024-05-04T02:15:44.276+0000] {taskinstance.py:1382} INFO - Executing <Task(PythonOperator): explore_data> on 2024-04-28 17:25:50.549263+00:00
[2024-05-04T02:15:44.297+0000] {standard_task_runner.py:57} INFO - Started process 67 to run task
[2024-05-04T02:15:44.310+0000] {standard_task_runner.py:84} INFO - Running: ['***', 'tasks', 'run', 'bitcoin_transaction_analysis', 'explore_data', 'manual__2024-04-28T17:25:50.549263+00:00', '--job-id', '157', '--raw', '--subdir', 'DAGS_FOLDER/.ipynb_checkpoints/bitcoin-checkpoint.py', '--cfg-path', '/tmp/tmpaonbuetd']
[2024-05-04T02:15:44.320+0000] {standard_task_runner.py:85} INFO - Job 157: Subtask explore_data
[2024-05-04T02:15:44.522+0000] {task_command.py:416} INFO - Running <TaskInstance: bitcoin_transaction_analysis.explore_data manual__2024-04-28T17:25:50.549263+00:00 [running]> on host ea9e10828151
[2024-05-04T02:15:44.839+0000] {taskinstance.py:1662} INFO - Exporting env vars: AIRFLOW_CTX_DAG_OWNER='***' AIRFLOW_CTX_DAG_ID='bitcoin_transaction_analysis' AIRFLOW_CTX_TASK_ID='explore_data' AIRFLOW_CTX_EXECUTION_DATE='2024-04-28T17:25:50.549263+00:00' AIRFLOW_CTX_TRY_NUMBER='4' AIRFLOW_CTX_DAG_RUN_ID='manual__2024-04-28T17:25:50.549263+00:00'
[2024-05-04T02:15:45.369+0000] {logging_mixin.py:154} INFO -                txId
count  1.607600e+04
mean   2.158031e+08
std    9.072583e+07
min    2.457000e+03
25%    2.303350e+08
50%    2.324477e+08
75%    2.542281e+08
max    3.149167e+08
[2024-05-04T02:15:45.453+0000] {python.py:194} INFO - Done. Returned value was: None
[2024-05-04T02:15:45.553+0000] {taskinstance.py:1400} INFO - Marking task as SUCCESS. dag_id=bitcoin_transaction_analysis, task_id=explore_data, execution_date=20240428T172550, start_date=20240504T021544, end_date=20240504T021545
[2024-05-04T02:15:45.623+0000] {local_task_job_runner.py:228} INFO - Task exited with return code 0
[2024-05-04T02:15:45.704+0000] {taskinstance.py:2778} INFO - 1 downstream tasks scheduled from follow-on schedule check
