[2024-01-01T00:03:44.291+0000] {taskinstance.py:1159} INFO - Dependencies all met for dep_context=non-requeueable deps ti=<TaskInstance: dd_mssql_snapshot.generate_date_strings scheduled__2023-12-01T00:00:00+00:00 [queued]>
[2024-01-01T00:03:44.298+0000] {taskinstance.py:1159} INFO - Dependencies all met for dep_context=requeueable deps ti=<TaskInstance: dd_mssql_snapshot.generate_date_strings scheduled__2023-12-01T00:00:00+00:00 [queued]>
[2024-01-01T00:03:44.298+0000] {taskinstance.py:1361} INFO - Starting attempt 1 of 2
[2024-01-01T00:03:44.305+0000] {taskinstance.py:1382} INFO - Executing <Task(_PythonDecoratedOperator): generate_date_strings> on 2023-12-01 00:00:00+00:00
[2024-01-01T00:03:44.309+0000] {standard_task_runner.py:57} INFO - Started process 24295 to run task
[2024-01-01T00:03:44.312+0000] {standard_task_runner.py:84} INFO - Running: ['***', 'tasks', 'run', 'dd_mssql_snapshot', 'generate_date_strings', 'scheduled__2023-12-01T00:00:00+00:00', '--job-id', '75', '--raw', '--subdir', 'DAGS_FOLDER/test-date.py', '--cfg-path', '/tmp/tmplldvvq9f']
[2024-01-01T00:03:44.313+0000] {standard_task_runner.py:85} INFO - Job 75: Subtask generate_date_strings
[2024-01-01T00:03:44.349+0000] {task_command.py:416} INFO - Running <TaskInstance: dd_mssql_snapshot.generate_date_strings scheduled__2023-12-01T00:00:00+00:00 [running]> on host 5837c4e7e133
[2024-01-01T00:03:44.403+0000] {taskinstance.py:1662} INFO - Exporting env vars: AIRFLOW_CTX_DAG_OWNER='***' AIRFLOW_CTX_DAG_ID='dd_mssql_snapshot' AIRFLOW_CTX_TASK_ID='generate_date_strings' AIRFLOW_CTX_EXECUTION_DATE='2023-12-01T00:00:00+00:00' AIRFLOW_CTX_TRY_NUMBER='1' AIRFLOW_CTX_DAG_RUN_ID='scheduled__2023-12-01T00:00:00+00:00'
[2024-01-01T00:03:44.412+0000] {taskinstance.py:1937} ERROR - Task failed with exception
Traceback (most recent call last):
  File "/home/airflow/.local/lib/python3.8/site-packages/airflow/decorators/base.py", line 221, in execute
    return_value = super().execute(context)
  File "/home/airflow/.local/lib/python3.8/site-packages/airflow/operators/python.py", line 192, in execute
    return_value = self.execute_callable()
  File "/home/airflow/.local/lib/python3.8/site-packages/airflow/operators/python.py", line 209, in execute_callable
    return self.python_callable(*self.op_args, **self.op_kwargs)
  File "/opt/airflow/dags/test-date.py", line 48, in generate_date_strings
    d = datetime.strptime(str(t), "%Y-%m-%d %H:%M:%S.%f")
  File "/usr/local/lib/python3.8/_strptime.py", line 568, in _strptime_datetime
    tt, fraction, gmtoff_fraction = _strptime(data_string, format)
  File "/usr/local/lib/python3.8/_strptime.py", line 349, in _strptime
    raise ValueError("time data %r does not match format %r" %
ValueError: time data '2023-12-01 08:00:00' does not match format '%Y-%m-%d %H:%M:%S.%f'
[2024-01-01T00:03:44.425+0000] {taskinstance.py:1400} INFO - Marking task as UP_FOR_RETRY. dag_id=dd_mssql_snapshot, task_id=generate_date_strings, execution_date=20231201T000000, start_date=20240101T000344, end_date=20240101T000344
[2024-01-01T00:03:44.436+0000] {standard_task_runner.py:104} ERROR - Failed to execute job 75 for task generate_date_strings (time data '2023-12-01 08:00:00' does not match format '%Y-%m-%d %H:%M:%S.%f'; 24295)
[2024-01-01T00:03:44.449+0000] {local_task_job_runner.py:228} INFO - Task exited with return code 1
[2024-01-01T00:03:44.464+0000] {taskinstance.py:2778} INFO - 0 downstream tasks scheduled from follow-on schedule check
