[2024-05-23T02:43:18.928+0000] {taskinstance.py:1159} INFO - Dependencies all met for dep_context=non-requeueable deps ti=<TaskInstance: fraud_bitcoin.load_and_prepare_data scheduled__2024-05-22T00:00:00+00:00 [queued]>
[2024-05-23T02:43:18.953+0000] {taskinstance.py:1159} INFO - Dependencies all met for dep_context=requeueable deps ti=<TaskInstance: fraud_bitcoin.load_and_prepare_data scheduled__2024-05-22T00:00:00+00:00 [queued]>
[2024-05-23T02:43:18.954+0000] {taskinstance.py:1361} INFO - Starting attempt 2 of 2
[2024-05-23T02:43:18.968+0000] {taskinstance.py:1382} INFO - Executing <Task(PythonOperator): load_and_prepare_data> on 2024-05-22 00:00:00+00:00
[2024-05-23T02:43:18.980+0000] {standard_task_runner.py:57} INFO - Started process 3189 to run task
[2024-05-23T02:43:19.000+0000] {standard_task_runner.py:84} INFO - Running: ['***', 'tasks', 'run', 'fraud_bitcoin', 'load_and_prepare_data', 'scheduled__2024-05-22T00:00:00+00:00', '--job-id', '455', '--raw', '--subdir', 'DAGS_FOLDER/fraud.py', '--cfg-path', '/tmp/tmpaabo5h69']
[2024-05-23T02:43:19.009+0000] {standard_task_runner.py:85} INFO - Job 455: Subtask load_and_prepare_data
[2024-05-23T02:43:19.124+0000] {task_command.py:416} INFO - Running <TaskInstance: fraud_bitcoin.load_and_prepare_data scheduled__2024-05-22T00:00:00+00:00 [running]> on host 73682f8f7a2b
[2024-05-23T02:43:19.254+0000] {taskinstance.py:1662} INFO - Exporting env vars: AIRFLOW_CTX_DAG_OWNER='***' AIRFLOW_CTX_DAG_ID='fraud_bitcoin' AIRFLOW_CTX_TASK_ID='load_and_prepare_data' AIRFLOW_CTX_EXECUTION_DATE='2024-05-22T00:00:00+00:00' AIRFLOW_CTX_TRY_NUMBER='2' AIRFLOW_CTX_DAG_RUN_ID='scheduled__2024-05-22T00:00:00+00:00'
[2024-05-23T02:43:19.707+0000] {fraud.py:52} INFO - Data loaded successfully
[2024-05-23T02:43:24.814+0000] {warnings.py:109} WARNING - /home/***/.local/lib/python3.8/site-packages/sklearn/linear_model/_coordinate_descent.py:614: ConvergenceWarning: Objective did not converge. You might want to increase the number of iterations. Duality gap: 0.07022099919879565, tolerance: 0.05530353697749243
  model = cd_fast.enet_coordinate_descent_gram(

[2024-05-23T02:43:24.992+0000] {warnings.py:109} WARNING - /home/***/.local/lib/python3.8/site-packages/sklearn/linear_model/_coordinate_descent.py:614: ConvergenceWarning: Objective did not converge. You might want to increase the number of iterations. Duality gap: 0.08200563975137243, tolerance: 0.05530353697749243
  model = cd_fast.enet_coordinate_descent_gram(

[2024-05-23T02:43:25.180+0000] {warnings.py:109} WARNING - /home/***/.local/lib/python3.8/site-packages/sklearn/linear_model/_coordinate_descent.py:614: ConvergenceWarning: Objective did not converge. You might want to increase the number of iterations. Duality gap: 0.08195737019394755, tolerance: 0.05530353697749243
  model = cd_fast.enet_coordinate_descent_gram(

[2024-05-23T02:43:25.360+0000] {warnings.py:109} WARNING - /home/***/.local/lib/python3.8/site-packages/sklearn/linear_model/_coordinate_descent.py:614: ConvergenceWarning: Objective did not converge. You might want to increase the number of iterations. Duality gap: 0.07949922141202137, tolerance: 0.05530353697749243
  model = cd_fast.enet_coordinate_descent_gram(

[2024-05-23T02:43:25.546+0000] {warnings.py:109} WARNING - /home/***/.local/lib/python3.8/site-packages/sklearn/linear_model/_coordinate_descent.py:614: ConvergenceWarning: Objective did not converge. You might want to increase the number of iterations. Duality gap: 0.4112884205606804, tolerance: 0.05530353697749243
  model = cd_fast.enet_coordinate_descent_gram(

[2024-05-23T02:43:25.730+0000] {warnings.py:109} WARNING - /home/***/.local/lib/python3.8/site-packages/sklearn/linear_model/_coordinate_descent.py:614: ConvergenceWarning: Objective did not converge. You might want to increase the number of iterations. Duality gap: 0.7750275300371925, tolerance: 0.05530353697749243
  model = cd_fast.enet_coordinate_descent_gram(

[2024-05-23T02:43:25.929+0000] {warnings.py:109} WARNING - /home/***/.local/lib/python3.8/site-packages/sklearn/linear_model/_coordinate_descent.py:614: ConvergenceWarning: Objective did not converge. You might want to increase the number of iterations. Duality gap: 0.8541678471855505, tolerance: 0.05530353697749243
  model = cd_fast.enet_coordinate_descent_gram(

[2024-05-23T02:43:28.687+0000] {warnings.py:109} WARNING - /home/***/.local/lib/python3.8/site-packages/sklearn/linear_model/_coordinate_descent.py:614: ConvergenceWarning: Objective did not converge. You might want to increase the number of iterations. Duality gap: 0.22084016364539139, tolerance: 0.05603694176491522
  model = cd_fast.enet_coordinate_descent_gram(

[2024-05-23T02:43:28.845+0000] {warnings.py:109} WARNING - /home/***/.local/lib/python3.8/site-packages/sklearn/linear_model/_coordinate_descent.py:614: ConvergenceWarning: Objective did not converge. You might want to increase the number of iterations. Duality gap: 0.625513095030584, tolerance: 0.05603694176491522
  model = cd_fast.enet_coordinate_descent_gram(

[2024-05-23T02:43:28.956+0000] {warnings.py:109} WARNING - /home/***/.local/lib/python3.8/site-packages/sklearn/linear_model/_coordinate_descent.py:614: ConvergenceWarning: Objective did not converge. You might want to increase the number of iterations. Duality gap: 0.7865341074678156, tolerance: 0.05603694176491522
  model = cd_fast.enet_coordinate_descent_gram(

[2024-05-23T02:43:29.089+0000] {warnings.py:109} WARNING - /home/***/.local/lib/python3.8/site-packages/sklearn/linear_model/_coordinate_descent.py:614: ConvergenceWarning: Objective did not converge. You might want to increase the number of iterations. Duality gap: 0.8471626529236573, tolerance: 0.05603694176491522
  model = cd_fast.enet_coordinate_descent_gram(

[2024-05-23T02:43:29.333+0000] {warnings.py:109} WARNING - /home/***/.local/lib/python3.8/site-packages/sklearn/linear_model/_coordinate_descent.py:614: ConvergenceWarning: Objective did not converge. You might want to increase the number of iterations. Duality gap: 1.0586749992015996, tolerance: 0.05603694176491522
  model = cd_fast.enet_coordinate_descent_gram(

[2024-05-23T02:43:29.463+0000] {warnings.py:109} WARNING - /home/***/.local/lib/python3.8/site-packages/sklearn/linear_model/_coordinate_descent.py:614: ConvergenceWarning: Objective did not converge. You might want to increase the number of iterations. Duality gap: 1.1905823768958328, tolerance: 0.05603694176491522
  model = cd_fast.enet_coordinate_descent_gram(

[2024-05-23T02:43:32.189+0000] {warnings.py:109} WARNING - /home/***/.local/lib/python3.8/site-packages/sklearn/linear_model/_coordinate_descent.py:614: ConvergenceWarning: Objective did not converge. You might want to increase the number of iterations. Duality gap: 0.13859287188449798, tolerance: 0.054494176491603596
  model = cd_fast.enet_coordinate_descent_gram(

[2024-05-23T02:43:32.298+0000] {warnings.py:109} WARNING - /home/***/.local/lib/python3.8/site-packages/sklearn/linear_model/_coordinate_descent.py:614: ConvergenceWarning: Objective did not converge. You might want to increase the number of iterations. Duality gap: 0.40333095951353926, tolerance: 0.054494176491603596
  model = cd_fast.enet_coordinate_descent_gram(

[2024-05-23T02:43:32.442+0000] {warnings.py:109} WARNING - /home/***/.local/lib/python3.8/site-packages/sklearn/linear_model/_coordinate_descent.py:614: ConvergenceWarning: Objective did not converge. You might want to increase the number of iterations. Duality gap: 0.5128391506398486, tolerance: 0.054494176491603596
  model = cd_fast.enet_coordinate_descent_gram(

[2024-05-23T02:43:32.528+0000] {warnings.py:109} WARNING - /home/***/.local/lib/python3.8/site-packages/sklearn/linear_model/_coordinate_descent.py:614: ConvergenceWarning: Objective did not converge. You might want to increase the number of iterations. Duality gap: 0.5453157919292835, tolerance: 0.054494176491603596
  model = cd_fast.enet_coordinate_descent_gram(

[2024-05-23T02:43:32.667+0000] {warnings.py:109} WARNING - /home/***/.local/lib/python3.8/site-packages/sklearn/linear_model/_coordinate_descent.py:614: ConvergenceWarning: Objective did not converge. You might want to increase the number of iterations. Duality gap: 0.567092720025471, tolerance: 0.054494176491603596
  model = cd_fast.enet_coordinate_descent_gram(

[2024-05-23T02:43:32.864+0000] {warnings.py:109} WARNING - /home/***/.local/lib/python3.8/site-packages/sklearn/linear_model/_coordinate_descent.py:614: ConvergenceWarning: Objective did not converge. You might want to increase the number of iterations. Duality gap: 0.589587811853022, tolerance: 0.054494176491603596
  model = cd_fast.enet_coordinate_descent_gram(

[2024-05-23T02:43:36.878+0000] {warnings.py:109} WARNING - /home/***/.local/lib/python3.8/site-packages/sklearn/linear_model/_coordinate_descent.py:614: ConvergenceWarning: Objective did not converge. You might want to increase the number of iterations. Duality gap: 0.12426513085969759, tolerance: 0.0546468024294404
  model = cd_fast.enet_coordinate_descent_gram(

[2024-05-23T02:43:37.272+0000] {warnings.py:109} WARNING - /home/***/.local/lib/python3.8/site-packages/sklearn/linear_model/_coordinate_descent.py:614: ConvergenceWarning: Objective did not converge. You might want to increase the number of iterations. Duality gap: 0.19575796286969194, tolerance: 0.0546468024294404
  model = cd_fast.enet_coordinate_descent_gram(

[2024-05-23T02:43:37.806+0000] {warnings.py:109} WARNING - /home/***/.local/lib/python3.8/site-packages/sklearn/linear_model/_coordinate_descent.py:614: ConvergenceWarning: Objective did not converge. You might want to increase the number of iterations. Duality gap: 0.2481383102670236, tolerance: 0.0546468024294404
  model = cd_fast.enet_coordinate_descent_gram(

[2024-05-23T02:43:38.076+0000] {warnings.py:109} WARNING - /home/***/.local/lib/python3.8/site-packages/sklearn/linear_model/_coordinate_descent.py:614: ConvergenceWarning: Objective did not converge. You might want to increase the number of iterations. Duality gap: 0.27815932691032685, tolerance: 0.0546468024294404
  model = cd_fast.enet_coordinate_descent_gram(

[2024-05-23T02:43:43.368+0000] {warnings.py:109} WARNING - /home/***/.local/lib/python3.8/site-packages/sklearn/linear_model/_coordinate_descent.py:614: ConvergenceWarning: Objective did not converge. You might want to increase the number of iterations. Duality gap: 0.1954748380388196, tolerance: 0.05497110714285686
  model = cd_fast.enet_coordinate_descent_gram(

[2024-05-23T02:43:43.540+0000] {warnings.py:109} WARNING - /home/***/.local/lib/python3.8/site-packages/sklearn/linear_model/_coordinate_descent.py:614: ConvergenceWarning: Objective did not converge. You might want to increase the number of iterations. Duality gap: 0.29785776866046376, tolerance: 0.05497110714285686
  model = cd_fast.enet_coordinate_descent_gram(

[2024-05-23T02:43:43.724+0000] {warnings.py:109} WARNING - /home/***/.local/lib/python3.8/site-packages/sklearn/linear_model/_coordinate_descent.py:614: ConvergenceWarning: Objective did not converge. You might want to increase the number of iterations. Duality gap: 0.370326306580921, tolerance: 0.05497110714285686
  model = cd_fast.enet_coordinate_descent_gram(

[2024-05-23T02:43:43.946+0000] {warnings.py:109} WARNING - /home/***/.local/lib/python3.8/site-packages/sklearn/linear_model/_coordinate_descent.py:614: ConvergenceWarning: Objective did not converge. You might want to increase the number of iterations. Duality gap: 0.4167927874072177, tolerance: 0.05497110714285686
  model = cd_fast.enet_coordinate_descent_gram(

[2024-05-23T02:43:45.741+0000] {fraud.py:70} INFO - Best alpha value: 0.001485110932027063
[2024-05-23T02:43:47.809+0000] {fraud.py:81} INFO - ['Local_feature_2', 'Local_feature_3', 'Local_feature_6', 'Local_feature_7', 'Local_feature_8', 'Local_feature_10', 'Local_feature_13', 'Local_feature_15', 'Local_feature_18', 'Local_feature_20', 'Local_feature_22', 'Local_feature_27', 'Local_feature_28', 'Local_feature_33', 'Local_feature_35', 'Local_feature_36', 'Local_feature_38', 'Local_feature_40', 'Local_feature_42', 'Local_feature_45', 'Local_feature_48', 'Local_feature_49', 'Local_feature_51', 'Local_feature_52', 'Local_feature_53', 'Local_feature_54', 'Local_feature_57', 'Local_feature_59', 'Local_feature_60', 'Local_feature_65', 'Local_feature_66', 'Local_feature_71', 'Local_feature_72', 'Local_feature_75', 'Local_feature_76', 'Local_feature_77', 'Local_feature_81', 'Local_feature_82', 'Local_feature_83', 'Local_feature_87', 'Local_feature_88', 'Local_feature_90', 'Local_feature_93', 'Aggregate_feature_2', 'Aggregate_feature_3', 'Aggregate_feature_5', 'Aggregate_feature_8', 'Aggregate_feature_9', 'Aggregate_feature_12', 'Aggregate_feature_13', 'Aggregate_feature_14', 'Aggregate_feature_17', 'Aggregate_feature_19', 'Aggregate_feature_20', 'Aggregate_feature_21', 'Aggregate_feature_24', 'Aggregate_feature_30', 'Aggregate_feature_31', 'Aggregate_feature_32', 'Aggregate_feature_34', 'Aggregate_feature_35', 'Aggregate_feature_37', 'Aggregate_feature_41', 'Aggregate_feature_44', 'Aggregate_feature_48', 'Aggregate_feature_49', 'Aggregate_feature_50', 'Aggregate_feature_52', 'Aggregate_feature_53', 'Aggregate_feature_56', 'Aggregate_feature_57', 'Aggregate_feature_58', 'Aggregate_feature_60', 'Aggregate_feature_61', 'Aggregate_feature_63', 'Aggregate_feature_65', 'Aggregate_feature_67', 'Aggregate_feature_70', 'Aggregate_feature_71']
[2024-05-23T02:43:47.826+0000] {fraud.py:87} INFO - Number of features selected: 79 out of 166
[2024-05-23T02:43:47.916+0000] {python.py:194} INFO - Done. Returned value was: None
[2024-05-23T02:43:47.943+0000] {taskinstance.py:1400} INFO - Marking task as SUCCESS. dag_id=fraud_bitcoin, task_id=load_and_prepare_data, execution_date=20240522T000000, start_date=20240523T024318, end_date=20240523T024347
[2024-05-23T02:43:48.025+0000] {local_task_job_runner.py:228} INFO - Task exited with return code 0
[2024-05-23T02:43:48.083+0000] {taskinstance.py:2778} INFO - 4 downstream tasks scheduled from follow-on schedule check
