[2024-05-23T00:25:12.215+0000] {taskinstance.py:1159} INFO - Dependencies all met for dep_context=non-requeueable deps ti=<TaskInstance: fraud_bitcoin.load_and_prepare_data scheduled__2024-05-22T00:00:00+00:00 [queued]>
[2024-05-23T00:25:12.230+0000] {taskinstance.py:1159} INFO - Dependencies all met for dep_context=requeueable deps ti=<TaskInstance: fraud_bitcoin.load_and_prepare_data scheduled__2024-05-22T00:00:00+00:00 [queued]>
[2024-05-23T00:25:12.230+0000] {taskinstance.py:1361} INFO - Starting attempt 1 of 2
[2024-05-23T00:25:12.246+0000] {taskinstance.py:1382} INFO - Executing <Task(PythonOperator): load_and_prepare_data> on 2024-05-22 00:00:00+00:00
[2024-05-23T00:25:12.263+0000] {standard_task_runner.py:57} INFO - Started process 3145 to run task
[2024-05-23T00:25:12.269+0000] {standard_task_runner.py:84} INFO - Running: ['***', 'tasks', 'run', 'fraud_bitcoin', 'load_and_prepare_data', 'scheduled__2024-05-22T00:00:00+00:00', '--job-id', '454', '--raw', '--subdir', 'DAGS_FOLDER/fraud.py', '--cfg-path', '/tmp/tmp8nis2my9']
[2024-05-23T00:25:12.280+0000] {standard_task_runner.py:85} INFO - Job 454: Subtask load_and_prepare_data
[2024-05-23T00:25:12.423+0000] {task_command.py:416} INFO - Running <TaskInstance: fraud_bitcoin.load_and_prepare_data scheduled__2024-05-22T00:00:00+00:00 [running]> on host 73682f8f7a2b
[2024-05-23T00:25:12.541+0000] {taskinstance.py:1662} INFO - Exporting env vars: AIRFLOW_CTX_DAG_OWNER='***' AIRFLOW_CTX_DAG_ID='fraud_bitcoin' AIRFLOW_CTX_TASK_ID='load_and_prepare_data' AIRFLOW_CTX_EXECUTION_DATE='2024-05-22T00:00:00+00:00' AIRFLOW_CTX_TRY_NUMBER='1' AIRFLOW_CTX_DAG_RUN_ID='scheduled__2024-05-22T00:00:00+00:00'
[2024-05-23T00:25:13.356+0000] {fraud.py:52} INFO - Data loaded successfully
[2024-05-23T00:25:15.483+0000] {warnings.py:109} WARNING - /home/***/.local/lib/python3.8/site-packages/sklearn/linear_model/_coordinate_descent.py:614: ConvergenceWarning: Objective did not converge. You might want to increase the number of iterations. Duality gap: 0.07022099919879565, tolerance: 0.05530353697749243
  model = cd_fast.enet_coordinate_descent_gram(

[2024-05-23T00:25:16.417+0000] {warnings.py:109} WARNING - /home/***/.local/lib/python3.8/site-packages/sklearn/linear_model/_coordinate_descent.py:614: ConvergenceWarning: Objective did not converge. You might want to increase the number of iterations. Duality gap: 0.08200563975137243, tolerance: 0.05530353697749243
  model = cd_fast.enet_coordinate_descent_gram(

[2024-05-23T00:25:17.037+0000] {warnings.py:109} WARNING - /home/***/.local/lib/python3.8/site-packages/sklearn/linear_model/_coordinate_descent.py:614: ConvergenceWarning: Objective did not converge. You might want to increase the number of iterations. Duality gap: 0.08195737019394755, tolerance: 0.05530353697749243
  model = cd_fast.enet_coordinate_descent_gram(

[2024-05-23T00:25:17.237+0000] {warnings.py:109} WARNING - /home/***/.local/lib/python3.8/site-packages/sklearn/linear_model/_coordinate_descent.py:614: ConvergenceWarning: Objective did not converge. You might want to increase the number of iterations. Duality gap: 0.07949922141202137, tolerance: 0.05530353697749243
  model = cd_fast.enet_coordinate_descent_gram(

[2024-05-23T00:25:17.397+0000] {warnings.py:109} WARNING - /home/***/.local/lib/python3.8/site-packages/sklearn/linear_model/_coordinate_descent.py:614: ConvergenceWarning: Objective did not converge. You might want to increase the number of iterations. Duality gap: 0.4112884205606804, tolerance: 0.05530353697749243
  model = cd_fast.enet_coordinate_descent_gram(

[2024-05-23T00:25:17.572+0000] {warnings.py:109} WARNING - /home/***/.local/lib/python3.8/site-packages/sklearn/linear_model/_coordinate_descent.py:614: ConvergenceWarning: Objective did not converge. You might want to increase the number of iterations. Duality gap: 0.7750275300371925, tolerance: 0.05530353697749243
  model = cd_fast.enet_coordinate_descent_gram(

[2024-05-23T00:25:17.751+0000] {warnings.py:109} WARNING - /home/***/.local/lib/python3.8/site-packages/sklearn/linear_model/_coordinate_descent.py:614: ConvergenceWarning: Objective did not converge. You might want to increase the number of iterations. Duality gap: 0.8541678471855505, tolerance: 0.05530353697749243
  model = cd_fast.enet_coordinate_descent_gram(

[2024-05-23T00:25:21.468+0000] {warnings.py:109} WARNING - /home/***/.local/lib/python3.8/site-packages/sklearn/linear_model/_coordinate_descent.py:614: ConvergenceWarning: Objective did not converge. You might want to increase the number of iterations. Duality gap: 0.22084016364539139, tolerance: 0.05603694176491522
  model = cd_fast.enet_coordinate_descent_gram(

[2024-05-23T00:25:21.665+0000] {warnings.py:109} WARNING - /home/***/.local/lib/python3.8/site-packages/sklearn/linear_model/_coordinate_descent.py:614: ConvergenceWarning: Objective did not converge. You might want to increase the number of iterations. Duality gap: 0.625513095030584, tolerance: 0.05603694176491522
  model = cd_fast.enet_coordinate_descent_gram(

[2024-05-23T00:25:21.855+0000] {warnings.py:109} WARNING - /home/***/.local/lib/python3.8/site-packages/sklearn/linear_model/_coordinate_descent.py:614: ConvergenceWarning: Objective did not converge. You might want to increase the number of iterations. Duality gap: 0.7865341074678156, tolerance: 0.05603694176491522
  model = cd_fast.enet_coordinate_descent_gram(

[2024-05-23T00:25:22.189+0000] {warnings.py:109} WARNING - /home/***/.local/lib/python3.8/site-packages/sklearn/linear_model/_coordinate_descent.py:614: ConvergenceWarning: Objective did not converge. You might want to increase the number of iterations. Duality gap: 0.8471626529236573, tolerance: 0.05603694176491522
  model = cd_fast.enet_coordinate_descent_gram(

[2024-05-23T00:25:22.293+0000] {warnings.py:109} WARNING - /home/***/.local/lib/python3.8/site-packages/sklearn/linear_model/_coordinate_descent.py:614: ConvergenceWarning: Objective did not converge. You might want to increase the number of iterations. Duality gap: 1.0586749992015996, tolerance: 0.05603694176491522
  model = cd_fast.enet_coordinate_descent_gram(

[2024-05-23T00:25:22.479+0000] {warnings.py:109} WARNING - /home/***/.local/lib/python3.8/site-packages/sklearn/linear_model/_coordinate_descent.py:614: ConvergenceWarning: Objective did not converge. You might want to increase the number of iterations. Duality gap: 1.1905823768958328, tolerance: 0.05603694176491522
  model = cd_fast.enet_coordinate_descent_gram(

[2024-05-23T00:25:26.600+0000] {warnings.py:109} WARNING - /home/***/.local/lib/python3.8/site-packages/sklearn/linear_model/_coordinate_descent.py:614: ConvergenceWarning: Objective did not converge. You might want to increase the number of iterations. Duality gap: 0.13859287188449798, tolerance: 0.054494176491603596
  model = cd_fast.enet_coordinate_descent_gram(

[2024-05-23T00:25:26.783+0000] {warnings.py:109} WARNING - /home/***/.local/lib/python3.8/site-packages/sklearn/linear_model/_coordinate_descent.py:614: ConvergenceWarning: Objective did not converge. You might want to increase the number of iterations. Duality gap: 0.40333095951353926, tolerance: 0.054494176491603596
  model = cd_fast.enet_coordinate_descent_gram(

[2024-05-23T00:25:26.921+0000] {warnings.py:109} WARNING - /home/***/.local/lib/python3.8/site-packages/sklearn/linear_model/_coordinate_descent.py:614: ConvergenceWarning: Objective did not converge. You might want to increase the number of iterations. Duality gap: 0.5128391506398486, tolerance: 0.054494176491603596
  model = cd_fast.enet_coordinate_descent_gram(

[2024-05-23T00:25:27.106+0000] {warnings.py:109} WARNING - /home/***/.local/lib/python3.8/site-packages/sklearn/linear_model/_coordinate_descent.py:614: ConvergenceWarning: Objective did not converge. You might want to increase the number of iterations. Duality gap: 0.5453157919292835, tolerance: 0.054494176491603596
  model = cd_fast.enet_coordinate_descent_gram(

[2024-05-23T00:25:27.260+0000] {warnings.py:109} WARNING - /home/***/.local/lib/python3.8/site-packages/sklearn/linear_model/_coordinate_descent.py:614: ConvergenceWarning: Objective did not converge. You might want to increase the number of iterations. Duality gap: 0.567092720025471, tolerance: 0.054494176491603596
  model = cd_fast.enet_coordinate_descent_gram(

[2024-05-23T00:25:27.481+0000] {warnings.py:109} WARNING - /home/***/.local/lib/python3.8/site-packages/sklearn/linear_model/_coordinate_descent.py:614: ConvergenceWarning: Objective did not converge. You might want to increase the number of iterations. Duality gap: 0.589587811853022, tolerance: 0.054494176491603596
  model = cd_fast.enet_coordinate_descent_gram(

[2024-05-23T01:25:55.097+0000] {local_task_job_runner.py:205} ERROR - Heartbeat time limit exceeded!
[2024-05-23T01:25:55.180+0000] {process_utils.py:131} INFO - Sending 15 to group 3145. PIDs of all processes in the group: [3145]
[2024-05-23T01:25:55.182+0000] {process_utils.py:86} INFO - Sending the signal 15 to group 3145
[2024-05-23T01:25:55.242+0000] {taskinstance.py:1632} ERROR - Received SIGTERM. Terminating subprocesses.
[2024-05-23T01:25:55.315+0000] {taskinstance.py:1937} ERROR - Task failed with exception
Traceback (most recent call last):
  File "/home/airflow/.local/lib/python3.8/site-packages/airflow/operators/python.py", line 192, in execute
    return_value = self.execute_callable()
  File "/home/airflow/.local/lib/python3.8/site-packages/airflow/operators/python.py", line 209, in execute_callable
    return self.python_callable(*self.op_args, **self.op_kwargs)
  File "/opt/airflow/dags/fraud.py", line 66, in load_and_prepare_data
    lasso_cv = LassoCV(cv=5, random_state=42).fit(X_train, y_train)
  File "/home/airflow/.local/lib/python3.8/site-packages/sklearn/base.py", line 1152, in wrapper
    return fit_method(estimator, *args, **kwargs)
  File "/home/airflow/.local/lib/python3.8/site-packages/sklearn/linear_model/_coordinate_descent.py", line 1663, in fit
    mse_paths = Parallel(
  File "/home/airflow/.local/lib/python3.8/site-packages/sklearn/utils/parallel.py", line 65, in __call__
    return super().__call__(iterable_with_config)
  File "/home/airflow/.local/lib/python3.8/site-packages/joblib/parallel.py", line 1918, in __call__
    return output if self.return_generator else list(output)
  File "/home/airflow/.local/lib/python3.8/site-packages/joblib/parallel.py", line 1847, in _get_sequential_output
    res = func(*args, **kwargs)
  File "/home/airflow/.local/lib/python3.8/site-packages/sklearn/utils/parallel.py", line 127, in __call__
    return self.function(*args, **kwargs)
  File "/home/airflow/.local/lib/python3.8/site-packages/sklearn/linear_model/_coordinate_descent.py", line 1389, in _path_residuals
    alphas, coefs, _ = path(X_train, y_train, **path_params)
  File "/home/airflow/.local/lib/python3.8/site-packages/sklearn/linear_model/_coordinate_descent.py", line 329, in lasso_path
    return enet_path(
  File "/home/airflow/.local/lib/python3.8/site-packages/sklearn/linear_model/_coordinate_descent.py", line 614, in enet_path
    model = cd_fast.enet_coordinate_descent_gram(
  File "/home/airflow/.local/lib/python3.8/site-packages/airflow/models/taskinstance.py", line 1634, in signal_handler
    raise AirflowException("Task received SIGTERM signal")
airflow.exceptions.AirflowException: Task received SIGTERM signal
[2024-05-23T01:25:55.339+0000] {taskinstance.py:1400} INFO - Marking task as UP_FOR_RETRY. dag_id=fraud_bitcoin, task_id=load_and_prepare_data, execution_date=20240522T000000, start_date=20240523T002512, end_date=20240523T012555
[2024-05-23T01:25:55.395+0000] {standard_task_runner.py:104} ERROR - Failed to execute job 454 for task load_and_prepare_data (Task received SIGTERM signal; 3145)
[2024-05-23T01:25:55.496+0000] {process_utils.py:79} INFO - Process psutil.Process(pid=3145, status='terminated', exitcode=1, started='00:25:12') (3145) terminated with exit code 1
