[2024-05-21T18:24:47.098+0000] {taskinstance.py:1159} INFO - Dependencies all met for dep_context=non-requeueable deps ti=<TaskInstance: fraud_bitcoin.train_xgboost manual__2024-05-21T17:24:46.231076+00:00 [queued]>
[2024-05-21T18:24:47.116+0000] {taskinstance.py:1159} INFO - Dependencies all met for dep_context=requeueable deps ti=<TaskInstance: fraud_bitcoin.train_xgboost manual__2024-05-21T17:24:46.231076+00:00 [queued]>
[2024-05-21T18:24:47.117+0000] {taskinstance.py:1361} INFO - Starting attempt 1 of 2
[2024-05-21T18:24:47.167+0000] {taskinstance.py:1382} INFO - Executing <Task(PythonOperator): train_xgboost> on 2024-05-21 17:24:46.231076+00:00
[2024-05-21T18:24:47.291+0000] {standard_task_runner.py:57} INFO - Started process 1169 to run task
[2024-05-21T18:24:47.365+0000] {standard_task_runner.py:84} INFO - Running: ['***', 'tasks', 'run', 'fraud_bitcoin', 'train_xgboost', 'manual__2024-05-21T17:24:46.231076+00:00', '--job-id', '364', '--raw', '--subdir', 'DAGS_FOLDER/fraud_v1.py', '--cfg-path', '/tmp/tmphmrithvp']
[2024-05-21T18:24:47.405+0000] {standard_task_runner.py:85} INFO - Job 364: Subtask train_xgboost
[2024-05-21T18:24:47.869+0000] {task_command.py:416} INFO - Running <TaskInstance: fraud_bitcoin.train_xgboost manual__2024-05-21T17:24:46.231076+00:00 [running]> on host 66abfe055500
[2024-05-21T18:24:48.170+0000] {taskinstance.py:1662} INFO - Exporting env vars: AIRFLOW_CTX_DAG_OWNER='***' AIRFLOW_CTX_DAG_ID='fraud_bitcoin' AIRFLOW_CTX_TASK_ID='train_xgboost' AIRFLOW_CTX_EXECUTION_DATE='2024-05-21T17:24:46.231076+00:00' AIRFLOW_CTX_TRY_NUMBER='1' AIRFLOW_CTX_DAG_RUN_ID='manual__2024-05-21T17:24:46.231076+00:00'
[2024-05-21T18:25:39.361+0000] {taskinstance.py:1937} ERROR - Task failed with exception
Traceback (most recent call last):
  File "/home/airflow/.local/lib/python3.8/site-packages/airflow/operators/python.py", line 192, in execute
    return_value = self.execute_callable()
  File "/home/airflow/.local/lib/python3.8/site-packages/airflow/operators/python.py", line 209, in execute_callable
    return self.python_callable(*self.op_args, **self.op_kwargs)
  File "/opt/airflow/dags/fraud_v1.py", line 153, in train_xgboost
    #     xgb_model.fit(X_significant_train, y_train)
  File "/home/airflow/.local/lib/python3.8/site-packages/xgboost/core.py", line 730, in inner_f
    return func(**kwargs)
  File "/home/airflow/.local/lib/python3.8/site-packages/xgboost/sklearn.py", line 1471, in fit
    raise ValueError(
ValueError: Invalid classes inferred from unique values of `y`.  Expected: [0 1], got [1 2]
[2024-05-21T18:25:39.581+0000] {taskinstance.py:1400} INFO - Marking task as UP_FOR_RETRY. dag_id=fraud_bitcoin, task_id=train_xgboost, execution_date=20240521T172446, start_date=20240521T182447, end_date=20240521T182539
[2024-05-21T18:26:03.150+0000] {standard_task_runner.py:104} ERROR - Failed to execute job 364 for task train_xgboost (Invalid classes inferred from unique values of `y`.  Expected: [0 1], got [1 2]; 1169)
[2024-05-21T18:26:03.531+0000] {local_task_job_runner.py:228} INFO - Task exited with return code 1
[2024-05-21T18:26:04.443+0000] {taskinstance.py:2778} INFO - 0 downstream tasks scheduled from follow-on schedule check
