[2024-05-22T01:47:37.932+0000] {taskinstance.py:1159} INFO - Dependencies all met for dep_context=non-requeueable deps ti=<TaskInstance: fraud_bitcoin.compare_and_save_best_model manual__2024-05-22T01:43:43.000580+00:00 [queued]>
[2024-05-22T01:47:37.941+0000] {taskinstance.py:1159} INFO - Dependencies all met for dep_context=requeueable deps ti=<TaskInstance: fraud_bitcoin.compare_and_save_best_model manual__2024-05-22T01:43:43.000580+00:00 [queued]>
[2024-05-22T01:47:37.941+0000] {taskinstance.py:1361} INFO - Starting attempt 2 of 3
[2024-05-22T01:47:37.951+0000] {taskinstance.py:1382} INFO - Executing <Task(PythonOperator): compare_and_save_best_model> on 2024-05-22 01:43:43.000580+00:00
[2024-05-22T01:47:37.992+0000] {standard_task_runner.py:57} INFO - Started process 5818 to run task
[2024-05-22T01:47:38.001+0000] {standard_task_runner.py:84} INFO - Running: ['***', 'tasks', 'run', 'fraud_bitcoin', 'compare_and_save_best_model', 'manual__2024-05-22T01:43:43.000580+00:00', '--job-id', '429', '--raw', '--subdir', 'DAGS_FOLDER/fraud.py', '--cfg-path', '/tmp/tmp_30sj78x']
[2024-05-22T01:47:38.015+0000] {standard_task_runner.py:85} INFO - Job 429: Subtask compare_and_save_best_model
[2024-05-22T01:47:38.097+0000] {task_command.py:416} INFO - Running <TaskInstance: fraud_bitcoin.compare_and_save_best_model manual__2024-05-22T01:43:43.000580+00:00 [running]> on host 66abfe055500
[2024-05-22T01:47:38.203+0000] {taskinstance.py:1662} INFO - Exporting env vars: AIRFLOW_CTX_DAG_OWNER='***' AIRFLOW_CTX_DAG_ID='fraud_bitcoin' AIRFLOW_CTX_TASK_ID='compare_and_save_best_model' AIRFLOW_CTX_EXECUTION_DATE='2024-05-22T01:43:43.000580+00:00' AIRFLOW_CTX_TRY_NUMBER='2' AIRFLOW_CTX_DAG_RUN_ID='manual__2024-05-22T01:43:43.000580+00:00'
[2024-05-22T01:47:38.247+0000] {fraud.py:299} INFO - The best model is: XGBoost with an accuracy of 0.9953703703703703
[2024-05-22T01:47:38.265+0000] {taskinstance.py:1937} ERROR - Task failed with exception
Traceback (most recent call last):
  File "/home/airflow/.local/lib/python3.8/site-packages/airflow/operators/python.py", line 192, in execute
    return_value = self.execute_callable()
  File "/home/airflow/.local/lib/python3.8/site-packages/airflow/operators/python.py", line 209, in execute_callable
    return self.python_callable(*self.op_args, **self.op_kwargs)
  File "/opt/airflow/dags/fraud.py", line 322, in compare_and_save_best_model
    joblib.dump(xgb_model, model_path)
  File "/home/airflow/.local/lib/python3.8/site-packages/joblib/numpy_pickle.py", line 552, in dump
    with open(filename, 'wb') as f:
FileNotFoundError: [Errno 2] No such file or directory: '/opt/airflow/dags/saved_models/best_model.pkl'
[2024-05-22T01:47:38.285+0000] {taskinstance.py:1400} INFO - Marking task as UP_FOR_RETRY. dag_id=fraud_bitcoin, task_id=compare_and_save_best_model, execution_date=20240522T014343, start_date=20240522T014737, end_date=20240522T014738
[2024-05-22T01:47:38.297+0000] {standard_task_runner.py:104} ERROR - Failed to execute job 429 for task compare_and_save_best_model ([Errno 2] No such file or directory: '/opt/airflow/dags/saved_models/best_model.pkl'; 5818)
[2024-05-22T01:47:38.362+0000] {local_task_job_runner.py:228} INFO - Task exited with return code 1
[2024-05-22T01:47:38.397+0000] {taskinstance.py:2778} INFO - 0 downstream tasks scheduled from follow-on schedule check
