[2024-04-28T17:28:14.680+0000] {taskinstance.py:1159} INFO - Dependencies all met for dep_context=non-requeueable deps ti=<TaskInstance: bitcoin_transaction_analysis.scrub_data manual__2024-04-28T17:25:50.549263+00:00 [queued]>
[2024-04-28T17:28:14.687+0000] {taskinstance.py:1159} INFO - Dependencies all met for dep_context=requeueable deps ti=<TaskInstance: bitcoin_transaction_analysis.scrub_data manual__2024-04-28T17:25:50.549263+00:00 [queued]>
[2024-04-28T17:28:14.687+0000] {taskinstance.py:1361} INFO - Starting attempt 3 of 4
[2024-04-28T17:28:14.695+0000] {taskinstance.py:1382} INFO - Executing <Task(PythonOperator): scrub_data> on 2024-04-28 17:25:50.549263+00:00
[2024-04-28T17:28:14.698+0000] {standard_task_runner.py:57} INFO - Started process 324 to run task
[2024-04-28T17:28:14.701+0000] {standard_task_runner.py:84} INFO - Running: ['***', 'tasks', 'run', 'bitcoin_transaction_analysis', 'scrub_data', 'manual__2024-04-28T17:25:50.549263+00:00', '--job-id', '142', '--raw', '--subdir', 'DAGS_FOLDER/bitcoin.py', '--cfg-path', '/tmp/tmprpkehs71']
[2024-04-28T17:28:14.704+0000] {standard_task_runner.py:85} INFO - Job 142: Subtask scrub_data
[2024-04-28T17:28:14.745+0000] {task_command.py:416} INFO - Running <TaskInstance: bitcoin_transaction_analysis.scrub_data manual__2024-04-28T17:25:50.549263+00:00 [running]> on host 93821e8db187
[2024-04-28T17:28:15.047+0000] {taskinstance.py:1662} INFO - Exporting env vars: AIRFLOW_CTX_DAG_OWNER='***' AIRFLOW_CTX_DAG_ID='bitcoin_transaction_analysis' AIRFLOW_CTX_TASK_ID='scrub_data' AIRFLOW_CTX_EXECUTION_DATE='2024-04-28T17:25:50.549263+00:00' AIRFLOW_CTX_TRY_NUMBER='3' AIRFLOW_CTX_DAG_RUN_ID='manual__2024-04-28T17:25:50.549263+00:00'
[2024-04-28T17:28:20.425+0000] {taskinstance.py:1937} ERROR - Task failed with exception
Traceback (most recent call last):
  File "/home/airflow/.local/lib/python3.8/site-packages/airflow/operators/python.py", line 192, in execute
    return_value = self.execute_callable()
  File "/home/airflow/.local/lib/python3.8/site-packages/airflow/operators/python.py", line 209, in execute_callable
    return self.python_callable(*self.op_args, **self.op_kwargs)
  File "/opt/airflow/dags/bitcoin.py", line 53, in scrub_data
    df_classes.to_csv(os.path.join(DATASET_PATH, 'cleaned_datasets', 'df_classes.csv'))
  File "/home/airflow/.local/lib/python3.8/site-packages/pandas/core/generic.py", line 3772, in to_csv
    return DataFrameRenderer(formatter).to_csv(
  File "/home/airflow/.local/lib/python3.8/site-packages/pandas/io/formats/format.py", line 1186, in to_csv
    csv_formatter.save()
  File "/home/airflow/.local/lib/python3.8/site-packages/pandas/io/formats/csvs.py", line 240, in save
    with get_handle(
  File "/home/airflow/.local/lib/python3.8/site-packages/pandas/io/common.py", line 737, in get_handle
    check_parent_directory(str(handle))
  File "/home/airflow/.local/lib/python3.8/site-packages/pandas/io/common.py", line 600, in check_parent_directory
    raise OSError(rf"Cannot save file into a non-existent directory: '{parent}'")
OSError: Cannot save file into a non-existent directory: '/opt/***/dags/datasets/cleaned_datasets'
[2024-04-28T17:28:20.452+0000] {taskinstance.py:1400} INFO - Marking task as UP_FOR_RETRY. dag_id=bitcoin_transaction_analysis, task_id=scrub_data, execution_date=20240428T172550, start_date=20240428T172814, end_date=20240428T172820
[2024-04-28T17:28:20.467+0000] {standard_task_runner.py:104} ERROR - Failed to execute job 142 for task scrub_data (Cannot save file into a non-existent directory: '/opt/***/dags/datasets/cleaned_datasets'; 324)
[2024-04-28T17:28:20.510+0000] {local_task_job_runner.py:228} INFO - Task exited with return code 1
[2024-04-28T17:28:20.533+0000] {taskinstance.py:2778} INFO - 0 downstream tasks scheduled from follow-on schedule check
