[2024-05-20T00:00:12.187+0000] {taskinstance.py:1159} INFO - Dependencies all met for dep_context=non-requeueable deps ti=<TaskInstance: bitcoin_transaction_analysis.scrub_data scheduled__2024-05-19T00:00:00+00:00 [queued]>
[2024-05-20T00:00:12.195+0000] {taskinstance.py:1159} INFO - Dependencies all met for dep_context=requeueable deps ti=<TaskInstance: bitcoin_transaction_analysis.scrub_data scheduled__2024-05-19T00:00:00+00:00 [queued]>
[2024-05-20T00:00:12.196+0000] {taskinstance.py:1361} INFO - Starting attempt 1 of 2
[2024-05-20T00:00:12.204+0000] {taskinstance.py:1382} INFO - Executing <Task(PythonOperator): scrub_data> on 2024-05-19 00:00:00+00:00
[2024-05-20T00:00:12.227+0000] {standard_task_runner.py:57} INFO - Started process 42374 to run task
[2024-05-20T00:00:12.232+0000] {standard_task_runner.py:84} INFO - Running: ['***', 'tasks', 'run', 'bitcoin_transaction_analysis', 'scrub_data', 'scheduled__2024-05-19T00:00:00+00:00', '--job-id', '320', '--raw', '--subdir', 'DAGS_FOLDER/bitcoin.py', '--cfg-path', '/tmp/tmp9pj4_scx']
[2024-05-20T00:00:12.238+0000] {standard_task_runner.py:85} INFO - Job 320: Subtask scrub_data
[2024-05-20T00:00:12.286+0000] {task_command.py:416} INFO - Running <TaskInstance: bitcoin_transaction_analysis.scrub_data scheduled__2024-05-19T00:00:00+00:00 [running]> on host 082df2838a30
[2024-05-20T00:00:12.351+0000] {taskinstance.py:1662} INFO - Exporting env vars: AIRFLOW_CTX_DAG_OWNER='***' AIRFLOW_CTX_DAG_ID='bitcoin_transaction_analysis' AIRFLOW_CTX_TASK_ID='scrub_data' AIRFLOW_CTX_EXECUTION_DATE='2024-05-19T00:00:00+00:00' AIRFLOW_CTX_TRY_NUMBER='1' AIRFLOW_CTX_DAG_RUN_ID='scheduled__2024-05-19T00:00:00+00:00'
[2024-05-20T00:01:07.247+0000] {logging_mixin.py:154} INFO - Data cleaned and merged.
[2024-05-20T00:01:52.491+0000] {logging_mixin.py:154} INFO - Data cleaned.
[2024-05-20T00:01:52.531+0000] {logging_mixin.py:154} INFO -     Dataset          Shape
0   Classes    (203769, 2)
1     Edges    (234355, 2)
2  Features  (203769, 167)
[2024-05-20T00:01:52.557+0000] {python.py:194} INFO - Done. Returned value was: None
[2024-05-20T00:01:52.598+0000] {taskinstance.py:1400} INFO - Marking task as SUCCESS. dag_id=bitcoin_transaction_analysis, task_id=scrub_data, execution_date=20240519T000000, start_date=20240520T000012, end_date=20240520T000152
[2024-05-20T00:01:52.677+0000] {local_task_job_runner.py:228} INFO - Task exited with return code 0
[2024-05-20T00:01:52.739+0000] {taskinstance.py:2778} INFO - 1 downstream tasks scheduled from follow-on schedule check
[2024-05-20T14:25:34.134+0000] {taskinstance.py:1159} INFO - Dependencies all met for dep_context=non-requeueable deps ti=<TaskInstance: bitcoin_transaction_analysis.scrub_data scheduled__2024-05-19T00:00:00+00:00 [queued]>
[2024-05-20T14:25:34.145+0000] {taskinstance.py:1159} INFO - Dependencies all met for dep_context=requeueable deps ti=<TaskInstance: bitcoin_transaction_analysis.scrub_data scheduled__2024-05-19T00:00:00+00:00 [queued]>
[2024-05-20T14:25:34.146+0000] {taskinstance.py:1361} INFO - Starting attempt 1 of 2
[2024-05-20T14:25:34.155+0000] {taskinstance.py:1382} INFO - Executing <Task(PythonOperator): scrub_data> on 2024-05-19 00:00:00+00:00
[2024-05-20T14:25:34.161+0000] {standard_task_runner.py:57} INFO - Started process 49931 to run task
[2024-05-20T14:25:34.166+0000] {standard_task_runner.py:84} INFO - Running: ['***', 'tasks', 'run', 'bitcoin_transaction_analysis', 'scrub_data', 'scheduled__2024-05-19T00:00:00+00:00', '--job-id', '335', '--raw', '--subdir', 'DAGS_FOLDER/.ipynb_checkpoints/bitcoin-checkpoint.py', '--cfg-path', '/tmp/tmpouxdjsrs']
[2024-05-20T14:25:34.172+0000] {standard_task_runner.py:85} INFO - Job 335: Subtask scrub_data
[2024-05-20T14:25:34.241+0000] {task_command.py:416} INFO - Running <TaskInstance: bitcoin_transaction_analysis.scrub_data scheduled__2024-05-19T00:00:00+00:00 [running]> on host 082df2838a30
[2024-05-20T14:25:34.300+0000] {taskinstance.py:1662} INFO - Exporting env vars: AIRFLOW_CTX_DAG_OWNER='***' AIRFLOW_CTX_DAG_ID='bitcoin_transaction_analysis' AIRFLOW_CTX_TASK_ID='scrub_data' AIRFLOW_CTX_EXECUTION_DATE='2024-05-19T00:00:00+00:00' AIRFLOW_CTX_TRY_NUMBER='1' AIRFLOW_CTX_DAG_RUN_ID='scheduled__2024-05-19T00:00:00+00:00'
[2024-05-20T14:26:34.868+0000] {logging_mixin.py:154} INFO - Data cleaned.
[2024-05-20T14:26:34.893+0000] {python.py:194} INFO - Done. Returned value was: None
[2024-05-20T14:26:34.963+0000] {taskinstance.py:1400} INFO - Marking task as SUCCESS. dag_id=bitcoin_transaction_analysis, task_id=scrub_data, execution_date=20240519T000000, start_date=20240520T142534, end_date=20240520T142634
[2024-05-20T14:26:35.031+0000] {local_task_job_runner.py:228} INFO - Task exited with return code 0
[2024-05-20T14:26:35.096+0000] {taskinstance.py:2778} INFO - 0 downstream tasks scheduled from follow-on schedule check
