[2024-05-22T01:43:52.536+0000] {taskinstance.py:1159} INFO - Dependencies all met for dep_context=non-requeueable deps ti=<TaskInstance: fraud_bitcoin.load_and_prepare_data manual__2024-05-22T01:43:43.000580+00:00 [queued]>
[2024-05-22T01:43:52.553+0000] {taskinstance.py:1159} INFO - Dependencies all met for dep_context=requeueable deps ti=<TaskInstance: fraud_bitcoin.load_and_prepare_data manual__2024-05-22T01:43:43.000580+00:00 [queued]>
[2024-05-22T01:43:52.554+0000] {taskinstance.py:1361} INFO - Starting attempt 1 of 2
[2024-05-22T01:43:52.576+0000] {taskinstance.py:1382} INFO - Executing <Task(PythonOperator): load_and_prepare_data> on 2024-05-22 01:43:43.000580+00:00
[2024-05-22T01:43:52.631+0000] {standard_task_runner.py:57} INFO - Started process 5653 to run task
[2024-05-22T01:43:52.648+0000] {standard_task_runner.py:84} INFO - Running: ['***', 'tasks', 'run', 'fraud_bitcoin', 'load_and_prepare_data', 'manual__2024-05-22T01:43:43.000580+00:00', '--job-id', '423', '--raw', '--subdir', 'DAGS_FOLDER/fraud.py', '--cfg-path', '/tmp/tmpdb89wj34']
[2024-05-22T01:43:52.659+0000] {standard_task_runner.py:85} INFO - Job 423: Subtask load_and_prepare_data
[2024-05-22T01:43:52.753+0000] {task_command.py:416} INFO - Running <TaskInstance: fraud_bitcoin.load_and_prepare_data manual__2024-05-22T01:43:43.000580+00:00 [running]> on host 66abfe055500
[2024-05-22T01:43:52.869+0000] {taskinstance.py:1662} INFO - Exporting env vars: AIRFLOW_CTX_DAG_OWNER='***' AIRFLOW_CTX_DAG_ID='fraud_bitcoin' AIRFLOW_CTX_TASK_ID='load_and_prepare_data' AIRFLOW_CTX_EXECUTION_DATE='2024-05-22T01:43:43.000580+00:00' AIRFLOW_CTX_TRY_NUMBER='1' AIRFLOW_CTX_DAG_RUN_ID='manual__2024-05-22T01:43:43.000580+00:00'
[2024-05-22T01:43:53.223+0000] {fraud.py:48} INFO - Data loaded successfully
[2024-05-22T01:43:55.651+0000] {warnings.py:109} WARNING - /home/***/.local/lib/python3.8/site-packages/sklearn/linear_model/_coordinate_descent.py:614: ConvergenceWarning: Objective did not converge. You might want to increase the number of iterations. Duality gap: 0.07022099919879565, tolerance: 0.05530353697749243
  model = cd_fast.enet_coordinate_descent_gram(

[2024-05-22T01:43:55.787+0000] {warnings.py:109} WARNING - /home/***/.local/lib/python3.8/site-packages/sklearn/linear_model/_coordinate_descent.py:614: ConvergenceWarning: Objective did not converge. You might want to increase the number of iterations. Duality gap: 0.08200563975137243, tolerance: 0.05530353697749243
  model = cd_fast.enet_coordinate_descent_gram(

[2024-05-22T01:43:55.917+0000] {warnings.py:109} WARNING - /home/***/.local/lib/python3.8/site-packages/sklearn/linear_model/_coordinate_descent.py:614: ConvergenceWarning: Objective did not converge. You might want to increase the number of iterations. Duality gap: 0.08195737019394755, tolerance: 0.05530353697749243
  model = cd_fast.enet_coordinate_descent_gram(

[2024-05-22T01:43:56.051+0000] {warnings.py:109} WARNING - /home/***/.local/lib/python3.8/site-packages/sklearn/linear_model/_coordinate_descent.py:614: ConvergenceWarning: Objective did not converge. You might want to increase the number of iterations. Duality gap: 0.07949922141202137, tolerance: 0.05530353697749243
  model = cd_fast.enet_coordinate_descent_gram(

[2024-05-22T01:43:56.186+0000] {warnings.py:109} WARNING - /home/***/.local/lib/python3.8/site-packages/sklearn/linear_model/_coordinate_descent.py:614: ConvergenceWarning: Objective did not converge. You might want to increase the number of iterations. Duality gap: 0.4112884205606804, tolerance: 0.05530353697749243
  model = cd_fast.enet_coordinate_descent_gram(

[2024-05-22T01:43:56.339+0000] {warnings.py:109} WARNING - /home/***/.local/lib/python3.8/site-packages/sklearn/linear_model/_coordinate_descent.py:614: ConvergenceWarning: Objective did not converge. You might want to increase the number of iterations. Duality gap: 0.7750275300371925, tolerance: 0.05530353697749243
  model = cd_fast.enet_coordinate_descent_gram(

[2024-05-22T01:43:56.477+0000] {warnings.py:109} WARNING - /home/***/.local/lib/python3.8/site-packages/sklearn/linear_model/_coordinate_descent.py:614: ConvergenceWarning: Objective did not converge. You might want to increase the number of iterations. Duality gap: 0.8541678471855505, tolerance: 0.05530353697749243
  model = cd_fast.enet_coordinate_descent_gram(

[2024-05-22T01:43:58.776+0000] {warnings.py:109} WARNING - /home/***/.local/lib/python3.8/site-packages/sklearn/linear_model/_coordinate_descent.py:614: ConvergenceWarning: Objective did not converge. You might want to increase the number of iterations. Duality gap: 0.22084016364539139, tolerance: 0.05603694176491522
  model = cd_fast.enet_coordinate_descent_gram(

[2024-05-22T01:43:58.955+0000] {warnings.py:109} WARNING - /home/***/.local/lib/python3.8/site-packages/sklearn/linear_model/_coordinate_descent.py:614: ConvergenceWarning: Objective did not converge. You might want to increase the number of iterations. Duality gap: 0.625513095030584, tolerance: 0.05603694176491522
  model = cd_fast.enet_coordinate_descent_gram(

[2024-05-22T01:43:59.227+0000] {warnings.py:109} WARNING - /home/***/.local/lib/python3.8/site-packages/sklearn/linear_model/_coordinate_descent.py:614: ConvergenceWarning: Objective did not converge. You might want to increase the number of iterations. Duality gap: 0.7865341074678156, tolerance: 0.05603694176491522
  model = cd_fast.enet_coordinate_descent_gram(

[2024-05-22T01:43:59.446+0000] {warnings.py:109} WARNING - /home/***/.local/lib/python3.8/site-packages/sklearn/linear_model/_coordinate_descent.py:614: ConvergenceWarning: Objective did not converge. You might want to increase the number of iterations. Duality gap: 0.8471626529236573, tolerance: 0.05603694176491522
  model = cd_fast.enet_coordinate_descent_gram(

[2024-05-22T01:43:59.569+0000] {warnings.py:109} WARNING - /home/***/.local/lib/python3.8/site-packages/sklearn/linear_model/_coordinate_descent.py:614: ConvergenceWarning: Objective did not converge. You might want to increase the number of iterations. Duality gap: 1.0586749992015996, tolerance: 0.05603694176491522
  model = cd_fast.enet_coordinate_descent_gram(

[2024-05-22T01:43:59.672+0000] {warnings.py:109} WARNING - /home/***/.local/lib/python3.8/site-packages/sklearn/linear_model/_coordinate_descent.py:614: ConvergenceWarning: Objective did not converge. You might want to increase the number of iterations. Duality gap: 1.1905823768958328, tolerance: 0.05603694176491522
  model = cd_fast.enet_coordinate_descent_gram(

[2024-05-22T01:44:02.474+0000] {warnings.py:109} WARNING - /home/***/.local/lib/python3.8/site-packages/sklearn/linear_model/_coordinate_descent.py:614: ConvergenceWarning: Objective did not converge. You might want to increase the number of iterations. Duality gap: 0.13859287188449798, tolerance: 0.054494176491603596
  model = cd_fast.enet_coordinate_descent_gram(

[2024-05-22T01:44:02.645+0000] {warnings.py:109} WARNING - /home/***/.local/lib/python3.8/site-packages/sklearn/linear_model/_coordinate_descent.py:614: ConvergenceWarning: Objective did not converge. You might want to increase the number of iterations. Duality gap: 0.40333095951353926, tolerance: 0.054494176491603596
  model = cd_fast.enet_coordinate_descent_gram(

[2024-05-22T01:44:02.745+0000] {warnings.py:109} WARNING - /home/***/.local/lib/python3.8/site-packages/sklearn/linear_model/_coordinate_descent.py:614: ConvergenceWarning: Objective did not converge. You might want to increase the number of iterations. Duality gap: 0.5128391506398486, tolerance: 0.054494176491603596
  model = cd_fast.enet_coordinate_descent_gram(

[2024-05-22T01:44:02.817+0000] {warnings.py:109} WARNING - /home/***/.local/lib/python3.8/site-packages/sklearn/linear_model/_coordinate_descent.py:614: ConvergenceWarning: Objective did not converge. You might want to increase the number of iterations. Duality gap: 0.5453157919292835, tolerance: 0.054494176491603596
  model = cd_fast.enet_coordinate_descent_gram(

[2024-05-22T01:44:02.937+0000] {warnings.py:109} WARNING - /home/***/.local/lib/python3.8/site-packages/sklearn/linear_model/_coordinate_descent.py:614: ConvergenceWarning: Objective did not converge. You might want to increase the number of iterations. Duality gap: 0.567092720025471, tolerance: 0.054494176491603596
  model = cd_fast.enet_coordinate_descent_gram(

[2024-05-22T01:44:03.101+0000] {warnings.py:109} WARNING - /home/***/.local/lib/python3.8/site-packages/sklearn/linear_model/_coordinate_descent.py:614: ConvergenceWarning: Objective did not converge. You might want to increase the number of iterations. Duality gap: 0.589587811853022, tolerance: 0.054494176491603596
  model = cd_fast.enet_coordinate_descent_gram(

[2024-05-22T01:44:05.804+0000] {warnings.py:109} WARNING - /home/***/.local/lib/python3.8/site-packages/sklearn/linear_model/_coordinate_descent.py:614: ConvergenceWarning: Objective did not converge. You might want to increase the number of iterations. Duality gap: 0.12426513085969759, tolerance: 0.0546468024294404
  model = cd_fast.enet_coordinate_descent_gram(

[2024-05-22T01:44:06.015+0000] {warnings.py:109} WARNING - /home/***/.local/lib/python3.8/site-packages/sklearn/linear_model/_coordinate_descent.py:614: ConvergenceWarning: Objective did not converge. You might want to increase the number of iterations. Duality gap: 0.19575796286969194, tolerance: 0.0546468024294404
  model = cd_fast.enet_coordinate_descent_gram(

[2024-05-22T01:44:06.110+0000] {warnings.py:109} WARNING - /home/***/.local/lib/python3.8/site-packages/sklearn/linear_model/_coordinate_descent.py:614: ConvergenceWarning: Objective did not converge. You might want to increase the number of iterations. Duality gap: 0.2481383102670236, tolerance: 0.0546468024294404
  model = cd_fast.enet_coordinate_descent_gram(

[2024-05-22T01:44:06.256+0000] {warnings.py:109} WARNING - /home/***/.local/lib/python3.8/site-packages/sklearn/linear_model/_coordinate_descent.py:614: ConvergenceWarning: Objective did not converge. You might want to increase the number of iterations. Duality gap: 0.27815932691032685, tolerance: 0.0546468024294404
  model = cd_fast.enet_coordinate_descent_gram(

[2024-05-22T01:44:08.505+0000] {warnings.py:109} WARNING - /home/***/.local/lib/python3.8/site-packages/sklearn/linear_model/_coordinate_descent.py:614: ConvergenceWarning: Objective did not converge. You might want to increase the number of iterations. Duality gap: 0.1954748380388196, tolerance: 0.05497110714285686
  model = cd_fast.enet_coordinate_descent_gram(

[2024-05-22T01:44:08.691+0000] {warnings.py:109} WARNING - /home/***/.local/lib/python3.8/site-packages/sklearn/linear_model/_coordinate_descent.py:614: ConvergenceWarning: Objective did not converge. You might want to increase the number of iterations. Duality gap: 0.29785776866046376, tolerance: 0.05497110714285686
  model = cd_fast.enet_coordinate_descent_gram(

[2024-05-22T01:44:08.810+0000] {warnings.py:109} WARNING - /home/***/.local/lib/python3.8/site-packages/sklearn/linear_model/_coordinate_descent.py:614: ConvergenceWarning: Objective did not converge. You might want to increase the number of iterations. Duality gap: 0.370326306580921, tolerance: 0.05497110714285686
  model = cd_fast.enet_coordinate_descent_gram(

[2024-05-22T01:44:08.964+0000] {warnings.py:109} WARNING - /home/***/.local/lib/python3.8/site-packages/sklearn/linear_model/_coordinate_descent.py:614: ConvergenceWarning: Objective did not converge. You might want to increase the number of iterations. Duality gap: 0.4167927874072177, tolerance: 0.05497110714285686
  model = cd_fast.enet_coordinate_descent_gram(

[2024-05-22T01:44:10.713+0000] {fraud.py:66} INFO - Best alpha value: 0.001485110932027063
[2024-05-22T01:44:12.407+0000] {fraud.py:77} INFO - ['Local_feature_2', 'Local_feature_3', 'Local_feature_6', 'Local_feature_7', 'Local_feature_8', 'Local_feature_10', 'Local_feature_13', 'Local_feature_15', 'Local_feature_18', 'Local_feature_20', 'Local_feature_22', 'Local_feature_27', 'Local_feature_28', 'Local_feature_33', 'Local_feature_35', 'Local_feature_36', 'Local_feature_38', 'Local_feature_40', 'Local_feature_42', 'Local_feature_45', 'Local_feature_48', 'Local_feature_49', 'Local_feature_51', 'Local_feature_52', 'Local_feature_53', 'Local_feature_54', 'Local_feature_57', 'Local_feature_59', 'Local_feature_60', 'Local_feature_65', 'Local_feature_66', 'Local_feature_71', 'Local_feature_72', 'Local_feature_75', 'Local_feature_76', 'Local_feature_77', 'Local_feature_81', 'Local_feature_82', 'Local_feature_83', 'Local_feature_87', 'Local_feature_88', 'Local_feature_90', 'Local_feature_93', 'Aggregate_feature_2', 'Aggregate_feature_3', 'Aggregate_feature_5', 'Aggregate_feature_8', 'Aggregate_feature_9', 'Aggregate_feature_12', 'Aggregate_feature_13', 'Aggregate_feature_14', 'Aggregate_feature_17', 'Aggregate_feature_19', 'Aggregate_feature_20', 'Aggregate_feature_21', 'Aggregate_feature_24', 'Aggregate_feature_30', 'Aggregate_feature_31', 'Aggregate_feature_32', 'Aggregate_feature_34', 'Aggregate_feature_35', 'Aggregate_feature_37', 'Aggregate_feature_41', 'Aggregate_feature_44', 'Aggregate_feature_48', 'Aggregate_feature_49', 'Aggregate_feature_50', 'Aggregate_feature_52', 'Aggregate_feature_53', 'Aggregate_feature_56', 'Aggregate_feature_57', 'Aggregate_feature_58', 'Aggregate_feature_60', 'Aggregate_feature_61', 'Aggregate_feature_63', 'Aggregate_feature_65', 'Aggregate_feature_67', 'Aggregate_feature_70', 'Aggregate_feature_71']
[2024-05-22T01:44:12.425+0000] {fraud.py:83} INFO - Number of features selected: 79 out of 166
[2024-05-22T01:44:12.534+0000] {python.py:194} INFO - Done. Returned value was: None
[2024-05-22T01:44:12.573+0000] {taskinstance.py:1400} INFO - Marking task as SUCCESS. dag_id=fraud_bitcoin, task_id=load_and_prepare_data, execution_date=20240522T014343, start_date=20240522T014352, end_date=20240522T014412
[2024-05-22T01:44:12.678+0000] {local_task_job_runner.py:228} INFO - Task exited with return code 0
[2024-05-22T01:44:12.804+0000] {taskinstance.py:2778} INFO - 4 downstream tasks scheduled from follow-on schedule check
