[2024-05-22T00:27:27.769+0000] {taskinstance.py:1159} INFO - Dependencies all met for dep_context=non-requeueable deps ti=<TaskInstance: fraud_bitcoin.load_and_prepare_data scheduled__2024-05-21T00:00:00+00:00 [queued]>
[2024-05-22T00:27:27.785+0000] {taskinstance.py:1159} INFO - Dependencies all met for dep_context=requeueable deps ti=<TaskInstance: fraud_bitcoin.load_and_prepare_data scheduled__2024-05-21T00:00:00+00:00 [queued]>
[2024-05-22T00:27:27.788+0000] {taskinstance.py:1361} INFO - Starting attempt 3 of 4
[2024-05-22T00:27:27.807+0000] {taskinstance.py:1382} INFO - Executing <Task(PythonOperator): load_and_prepare_data> on 2024-05-21 00:00:00+00:00
[2024-05-22T00:27:27.870+0000] {standard_task_runner.py:57} INFO - Started process 3944 to run task
[2024-05-22T00:27:27.876+0000] {standard_task_runner.py:84} INFO - Running: ['***', 'tasks', 'run', 'fraud_bitcoin', 'load_and_prepare_data', 'scheduled__2024-05-21T00:00:00+00:00', '--job-id', '384', '--raw', '--subdir', 'DAGS_FOLDER/fraud.py', '--cfg-path', '/tmp/tmp6qpc1zps']
[2024-05-22T00:27:27.889+0000] {standard_task_runner.py:85} INFO - Job 384: Subtask load_and_prepare_data
[2024-05-22T00:27:28.209+0000] {task_command.py:416} INFO - Running <TaskInstance: fraud_bitcoin.load_and_prepare_data scheduled__2024-05-21T00:00:00+00:00 [running]> on host 66abfe055500
[2024-05-22T00:27:28.498+0000] {taskinstance.py:1662} INFO - Exporting env vars: AIRFLOW_CTX_DAG_OWNER='***' AIRFLOW_CTX_DAG_ID='fraud_bitcoin' AIRFLOW_CTX_TASK_ID='load_and_prepare_data' AIRFLOW_CTX_EXECUTION_DATE='2024-05-21T00:00:00+00:00' AIRFLOW_CTX_TRY_NUMBER='3' AIRFLOW_CTX_DAG_RUN_ID='scheduled__2024-05-21T00:00:00+00:00'
[2024-05-22T00:27:31.596+0000] {warnings.py:109} WARNING - /home/***/.local/lib/python3.8/site-packages/sklearn/linear_model/_coordinate_descent.py:614: ConvergenceWarning: Objective did not converge. You might want to increase the number of iterations. Duality gap: 0.0003109234027185437, tolerance: 0.0002988079470198671
  model = cd_fast.enet_coordinate_descent_gram(

[2024-05-22T00:27:32.634+0000] {warnings.py:109} WARNING - /home/***/.local/lib/python3.8/site-packages/sklearn/linear_model/_coordinate_descent.py:614: ConvergenceWarning: Objective did not converge. You might want to increase the number of iterations. Duality gap: 0.0007373463163005134, tolerance: 0.0002988079470198671
  model = cd_fast.enet_coordinate_descent_gram(

[2024-05-22T00:27:32.781+0000] {warnings.py:109} WARNING - /home/***/.local/lib/python3.8/site-packages/sklearn/linear_model/_coordinate_descent.py:614: ConvergenceWarning: Objective did not converge. You might want to increase the number of iterations. Duality gap: 0.0012624580457596402, tolerance: 0.0002988079470198671
  model = cd_fast.enet_coordinate_descent_gram(

[2024-05-22T00:27:32.991+0000] {warnings.py:109} WARNING - /home/***/.local/lib/python3.8/site-packages/sklearn/linear_model/_coordinate_descent.py:614: ConvergenceWarning: Objective did not converge. You might want to increase the number of iterations. Duality gap: 0.0012316136421057777, tolerance: 0.0002988079470198671
  model = cd_fast.enet_coordinate_descent_gram(

[2024-05-22T00:27:33.169+0000] {warnings.py:109} WARNING - /home/***/.local/lib/python3.8/site-packages/sklearn/linear_model/_coordinate_descent.py:614: ConvergenceWarning: Objective did not converge. You might want to increase the number of iterations. Duality gap: 0.0015583290493590418, tolerance: 0.0002988079470198671
  model = cd_fast.enet_coordinate_descent_gram(

[2024-05-22T00:27:33.389+0000] {warnings.py:109} WARNING - /home/***/.local/lib/python3.8/site-packages/sklearn/linear_model/_coordinate_descent.py:614: ConvergenceWarning: Objective did not converge. You might want to increase the number of iterations. Duality gap: 0.0016521995461515893, tolerance: 0.0002988079470198671
  model = cd_fast.enet_coordinate_descent_gram(

[2024-05-22T00:27:33.576+0000] {warnings.py:109} WARNING - /home/***/.local/lib/python3.8/site-packages/sklearn/linear_model/_coordinate_descent.py:614: ConvergenceWarning: Objective did not converge. You might want to increase the number of iterations. Duality gap: 0.0014651271420118572, tolerance: 0.0002988079470198671
  model = cd_fast.enet_coordinate_descent_gram(

[2024-05-22T00:27:33.803+0000] {warnings.py:109} WARNING - /home/***/.local/lib/python3.8/site-packages/sklearn/linear_model/_coordinate_descent.py:614: ConvergenceWarning: Objective did not converge. You might want to increase the number of iterations. Duality gap: 0.001978832416819065, tolerance: 0.0002988079470198671
  model = cd_fast.enet_coordinate_descent_gram(

[2024-05-22T00:27:33.963+0000] {warnings.py:109} WARNING - /home/***/.local/lib/python3.8/site-packages/sklearn/linear_model/_coordinate_descent.py:614: ConvergenceWarning: Objective did not converge. You might want to increase the number of iterations. Duality gap: 0.010335938992067195, tolerance: 0.0002988079470198671
  model = cd_fast.enet_coordinate_descent_gram(

[2024-05-22T00:27:34.261+0000] {warnings.py:109} WARNING - /home/***/.local/lib/python3.8/site-packages/sklearn/linear_model/_coordinate_descent.py:614: ConvergenceWarning: Objective did not converge. You might want to increase the number of iterations. Duality gap: 0.014935209820374551, tolerance: 0.0002988079470198671
  model = cd_fast.enet_coordinate_descent_gram(

[2024-05-22T00:27:34.397+0000] {warnings.py:109} WARNING - /home/***/.local/lib/python3.8/site-packages/sklearn/linear_model/_coordinate_descent.py:614: ConvergenceWarning: Objective did not converge. You might want to increase the number of iterations. Duality gap: 0.016539170343639054, tolerance: 0.0002988079470198671
  model = cd_fast.enet_coordinate_descent_gram(

[2024-05-22T00:27:34.528+0000] {warnings.py:109} WARNING - /home/***/.local/lib/python3.8/site-packages/sklearn/linear_model/_coordinate_descent.py:614: ConvergenceWarning: Objective did not converge. You might want to increase the number of iterations. Duality gap: 0.017086448614088035, tolerance: 0.0002988079470198671
  model = cd_fast.enet_coordinate_descent_gram(

[2024-05-22T00:27:34.739+0000] {warnings.py:109} WARNING - /home/***/.local/lib/python3.8/site-packages/sklearn/linear_model/_coordinate_descent.py:614: ConvergenceWarning: Objective did not converge. You might want to increase the number of iterations. Duality gap: 0.016034928345769695, tolerance: 0.0002988079470198671
  model = cd_fast.enet_coordinate_descent_gram(

[2024-05-22T00:27:34.921+0000] {warnings.py:109} WARNING - /home/***/.local/lib/python3.8/site-packages/sklearn/linear_model/_coordinate_descent.py:614: ConvergenceWarning: Objective did not converge. You might want to increase the number of iterations. Duality gap: 0.017345787301003, tolerance: 0.0002988079470198671
  model = cd_fast.enet_coordinate_descent_gram(

[2024-05-22T00:27:35.094+0000] {warnings.py:109} WARNING - /home/***/.local/lib/python3.8/site-packages/sklearn/linear_model/_coordinate_descent.py:614: ConvergenceWarning: Objective did not converge. You might want to increase the number of iterations. Duality gap: 0.01687621582914578, tolerance: 0.0002988079470198671
  model = cd_fast.enet_coordinate_descent_gram(

[2024-05-22T00:27:35.265+0000] {warnings.py:109} WARNING - /home/***/.local/lib/python3.8/site-packages/sklearn/linear_model/_coordinate_descent.py:614: ConvergenceWarning: Objective did not converge. You might want to increase the number of iterations. Duality gap: 0.017344442149732853, tolerance: 0.0002988079470198671
  model = cd_fast.enet_coordinate_descent_gram(

[2024-05-22T00:27:35.464+0000] {warnings.py:109} WARNING - /home/***/.local/lib/python3.8/site-packages/sklearn/linear_model/_coordinate_descent.py:614: ConvergenceWarning: Objective did not converge. You might want to increase the number of iterations. Duality gap: 0.017395312841832933, tolerance: 0.0002988079470198671
  model = cd_fast.enet_coordinate_descent_gram(

[2024-05-22T00:27:35.622+0000] {warnings.py:109} WARNING - /home/***/.local/lib/python3.8/site-packages/sklearn/linear_model/_coordinate_descent.py:614: ConvergenceWarning: Objective did not converge. You might want to increase the number of iterations. Duality gap: 0.017278657384348417, tolerance: 0.0002988079470198671
  model = cd_fast.enet_coordinate_descent_gram(

[2024-05-22T00:27:35.816+0000] {warnings.py:109} WARNING - /home/***/.local/lib/python3.8/site-packages/sklearn/linear_model/_coordinate_descent.py:614: ConvergenceWarning: Objective did not converge. You might want to increase the number of iterations. Duality gap: 0.016989729071983373, tolerance: 0.0002988079470198671
  model = cd_fast.enet_coordinate_descent_gram(

[2024-05-22T00:27:36.103+0000] {warnings.py:109} WARNING - /home/***/.local/lib/python3.8/site-packages/sklearn/linear_model/_coordinate_descent.py:614: ConvergenceWarning: Objective did not converge. You might want to increase the number of iterations. Duality gap: 0.018528147836587294, tolerance: 0.0002988079470198671
  model = cd_fast.enet_coordinate_descent_gram(

[2024-05-22T00:27:36.314+0000] {warnings.py:109} WARNING - /home/***/.local/lib/python3.8/site-packages/sklearn/linear_model/_coordinate_descent.py:614: ConvergenceWarning: Objective did not converge. You might want to increase the number of iterations. Duality gap: 0.019383531047422187, tolerance: 0.0002988079470198671
  model = cd_fast.enet_coordinate_descent_gram(

[2024-05-22T00:27:36.592+0000] {warnings.py:109} WARNING - /home/***/.local/lib/python3.8/site-packages/sklearn/linear_model/_coordinate_descent.py:614: ConvergenceWarning: Objective did not converge. You might want to increase the number of iterations. Duality gap: 0.019514550766245753, tolerance: 0.0002988079470198671
  model = cd_fast.enet_coordinate_descent_gram(

[2024-05-22T00:27:36.967+0000] {warnings.py:109} WARNING - /home/***/.local/lib/python3.8/site-packages/sklearn/linear_model/_coordinate_descent.py:614: ConvergenceWarning: Objective did not converge. You might want to increase the number of iterations. Duality gap: 0.019802586285350587, tolerance: 0.0002988079470198671
  model = cd_fast.enet_coordinate_descent_gram(

[2024-05-22T00:27:37.246+0000] {warnings.py:109} WARNING - /home/***/.local/lib/python3.8/site-packages/sklearn/linear_model/_coordinate_descent.py:614: ConvergenceWarning: Objective did not converge. You might want to increase the number of iterations. Duality gap: 0.019734948639244854, tolerance: 0.0002988079470198671
  model = cd_fast.enet_coordinate_descent_gram(

[2024-05-22T00:27:37.722+0000] {warnings.py:109} WARNING - /home/***/.local/lib/python3.8/site-packages/sklearn/linear_model/_coordinate_descent.py:614: ConvergenceWarning: Objective did not converge. You might want to increase the number of iterations. Duality gap: 0.019295646841597458, tolerance: 0.0002988079470198671
  model = cd_fast.enet_coordinate_descent_gram(

[2024-05-22T00:27:37.977+0000] {warnings.py:109} WARNING - /home/***/.local/lib/python3.8/site-packages/sklearn/linear_model/_coordinate_descent.py:614: ConvergenceWarning: Objective did not converge. You might want to increase the number of iterations. Duality gap: 0.021727844889072756, tolerance: 0.0002988079470198671
  model = cd_fast.enet_coordinate_descent_gram(

[2024-05-22T00:27:38.197+0000] {warnings.py:109} WARNING - /home/***/.local/lib/python3.8/site-packages/sklearn/linear_model/_coordinate_descent.py:614: ConvergenceWarning: Objective did not converge. You might want to increase the number of iterations. Duality gap: 0.031097015937506578, tolerance: 0.0002988079470198671
  model = cd_fast.enet_coordinate_descent_gram(

[2024-05-22T00:27:38.371+0000] {warnings.py:109} WARNING - /home/***/.local/lib/python3.8/site-packages/sklearn/linear_model/_coordinate_descent.py:614: ConvergenceWarning: Objective did not converge. You might want to increase the number of iterations. Duality gap: 0.02332600835243026, tolerance: 0.0002988079470198671
  model = cd_fast.enet_coordinate_descent_gram(

[2024-05-22T00:27:38.773+0000] {warnings.py:109} WARNING - /home/***/.local/lib/python3.8/site-packages/sklearn/linear_model/_coordinate_descent.py:614: ConvergenceWarning: Objective did not converge. You might want to increase the number of iterations. Duality gap: 0.023585688052035758, tolerance: 0.0002988079470198671
  model = cd_fast.enet_coordinate_descent_gram(

[2024-05-22T00:27:39.066+0000] {warnings.py:109} WARNING - /home/***/.local/lib/python3.8/site-packages/sklearn/linear_model/_coordinate_descent.py:614: ConvergenceWarning: Objective did not converge. You might want to increase the number of iterations. Duality gap: 0.026846299693671805, tolerance: 0.0002988079470198671
  model = cd_fast.enet_coordinate_descent_gram(

[2024-05-22T00:27:39.317+0000] {warnings.py:109} WARNING - /home/***/.local/lib/python3.8/site-packages/sklearn/linear_model/_coordinate_descent.py:614: ConvergenceWarning: Objective did not converge. You might want to increase the number of iterations. Duality gap: 0.038949656884746275, tolerance: 0.0002988079470198671
  model = cd_fast.enet_coordinate_descent_gram(

[2024-05-22T00:27:39.552+0000] {warnings.py:109} WARNING - /home/***/.local/lib/python3.8/site-packages/sklearn/linear_model/_coordinate_descent.py:614: ConvergenceWarning: Objective did not converge. You might want to increase the number of iterations. Duality gap: 0.050902302290140033, tolerance: 0.0002988079470198671
  model = cd_fast.enet_coordinate_descent_gram(

[2024-05-22T00:27:39.815+0000] {warnings.py:109} WARNING - /home/***/.local/lib/python3.8/site-packages/sklearn/linear_model/_coordinate_descent.py:614: ConvergenceWarning: Objective did not converge. You might want to increase the number of iterations. Duality gap: 0.05569383679139617, tolerance: 0.0002988079470198671
  model = cd_fast.enet_coordinate_descent_gram(

[2024-05-22T00:27:40.057+0000] {warnings.py:109} WARNING - /home/***/.local/lib/python3.8/site-packages/sklearn/linear_model/_coordinate_descent.py:614: ConvergenceWarning: Objective did not converge. You might want to increase the number of iterations. Duality gap: 0.06370949930917225, tolerance: 0.0002988079470198671
  model = cd_fast.enet_coordinate_descent_gram(

[2024-05-22T00:27:40.220+0000] {warnings.py:109} WARNING - /home/***/.local/lib/python3.8/site-packages/sklearn/linear_model/_coordinate_descent.py:614: ConvergenceWarning: Objective did not converge. You might want to increase the number of iterations. Duality gap: 0.07818034839090049, tolerance: 0.0002988079470198671
  model = cd_fast.enet_coordinate_descent_gram(

[2024-05-22T00:27:40.544+0000] {warnings.py:109} WARNING - /home/***/.local/lib/python3.8/site-packages/sklearn/linear_model/_coordinate_descent.py:614: ConvergenceWarning: Objective did not converge. You might want to increase the number of iterations. Duality gap: 0.08926634371536801, tolerance: 0.0002988079470198671
  model = cd_fast.enet_coordinate_descent_gram(

[2024-05-22T00:27:40.745+0000] {warnings.py:109} WARNING - /home/***/.local/lib/python3.8/site-packages/sklearn/linear_model/_coordinate_descent.py:614: ConvergenceWarning: Objective did not converge. You might want to increase the number of iterations. Duality gap: 0.09195758584893143, tolerance: 0.0002988079470198671
  model = cd_fast.enet_coordinate_descent_gram(

[2024-05-22T00:27:41.011+0000] {warnings.py:109} WARNING - /home/***/.local/lib/python3.8/site-packages/sklearn/linear_model/_coordinate_descent.py:614: ConvergenceWarning: Objective did not converge. You might want to increase the number of iterations. Duality gap: 0.08786408835563231, tolerance: 0.0002988079470198671
  model = cd_fast.enet_coordinate_descent_gram(

[2024-05-22T00:27:41.206+0000] {warnings.py:109} WARNING - /home/***/.local/lib/python3.8/site-packages/sklearn/linear_model/_coordinate_descent.py:614: ConvergenceWarning: Objective did not converge. You might want to increase the number of iterations. Duality gap: 0.08506983337242935, tolerance: 0.0002988079470198671
  model = cd_fast.enet_coordinate_descent_gram(

[2024-05-22T00:27:41.426+0000] {warnings.py:109} WARNING - /home/***/.local/lib/python3.8/site-packages/sklearn/linear_model/_coordinate_descent.py:614: ConvergenceWarning: Objective did not converge. You might want to increase the number of iterations. Duality gap: 0.09343999798653901, tolerance: 0.0002988079470198671
  model = cd_fast.enet_coordinate_descent_gram(

[2024-05-22T00:27:41.716+0000] {warnings.py:109} WARNING - /home/***/.local/lib/python3.8/site-packages/sklearn/linear_model/_coordinate_descent.py:614: ConvergenceWarning: Objective did not converge. You might want to increase the number of iterations. Duality gap: 0.07963892755252, tolerance: 0.0002988079470198671
  model = cd_fast.enet_coordinate_descent_gram(

[2024-05-22T00:27:41.912+0000] {warnings.py:109} WARNING - /home/***/.local/lib/python3.8/site-packages/sklearn/linear_model/_coordinate_descent.py:614: ConvergenceWarning: Objective did not converge. You might want to increase the number of iterations. Duality gap: 0.09335797778882626, tolerance: 0.0002988079470198671
  model = cd_fast.enet_coordinate_descent_gram(

[2024-05-22T00:27:42.156+0000] {warnings.py:109} WARNING - /home/***/.local/lib/python3.8/site-packages/sklearn/linear_model/_coordinate_descent.py:614: ConvergenceWarning: Objective did not converge. You might want to increase the number of iterations. Duality gap: 0.12470892347786755, tolerance: 0.0002988079470198671
  model = cd_fast.enet_coordinate_descent_gram(

[2024-05-22T00:27:42.375+0000] {warnings.py:109} WARNING - /home/***/.local/lib/python3.8/site-packages/sklearn/linear_model/_coordinate_descent.py:614: ConvergenceWarning: Objective did not converge. You might want to increase the number of iterations. Duality gap: 0.15448807103565088, tolerance: 0.0002988079470198671
  model = cd_fast.enet_coordinate_descent_gram(

[2024-05-22T00:27:44.842+0000] {warnings.py:109} WARNING - /home/***/.local/lib/python3.8/site-packages/sklearn/linear_model/_coordinate_descent.py:614: ConvergenceWarning: Objective did not converge. You might want to increase the number of iterations. Duality gap: 0.0004107808445064087, tolerance: 0.00039788079470198817
  model = cd_fast.enet_coordinate_descent_gram(

[2024-05-22T00:27:44.970+0000] {warnings.py:109} WARNING - /home/***/.local/lib/python3.8/site-packages/sklearn/linear_model/_coordinate_descent.py:614: ConvergenceWarning: Objective did not converge. You might want to increase the number of iterations. Duality gap: 0.0005013221036875848, tolerance: 0.00039788079470198817
  model = cd_fast.enet_coordinate_descent_gram(

[2024-05-22T00:27:45.095+0000] {warnings.py:109} WARNING - /home/***/.local/lib/python3.8/site-packages/sklearn/linear_model/_coordinate_descent.py:614: ConvergenceWarning: Objective did not converge. You might want to increase the number of iterations. Duality gap: 0.0005106449491041332, tolerance: 0.00039788079470198817
  model = cd_fast.enet_coordinate_descent_gram(

[2024-05-22T00:27:45.204+0000] {warnings.py:109} WARNING - /home/***/.local/lib/python3.8/site-packages/sklearn/linear_model/_coordinate_descent.py:614: ConvergenceWarning: Objective did not converge. You might want to increase the number of iterations. Duality gap: 0.0005033732808001901, tolerance: 0.00039788079470198817
  model = cd_fast.enet_coordinate_descent_gram(

[2024-05-22T00:27:45.385+0000] {warnings.py:109} WARNING - /home/***/.local/lib/python3.8/site-packages/sklearn/linear_model/_coordinate_descent.py:614: ConvergenceWarning: Objective did not converge. You might want to increase the number of iterations. Duality gap: 0.0005670171935210355, tolerance: 0.00039788079470198817
  model = cd_fast.enet_coordinate_descent_gram(

[2024-05-22T00:27:45.577+0000] {warnings.py:109} WARNING - /home/***/.local/lib/python3.8/site-packages/sklearn/linear_model/_coordinate_descent.py:614: ConvergenceWarning: Objective did not converge. You might want to increase the number of iterations. Duality gap: 0.0005945067030106443, tolerance: 0.00039788079470198817
  model = cd_fast.enet_coordinate_descent_gram(

[2024-05-22T00:27:45.708+0000] {warnings.py:109} WARNING - /home/***/.local/lib/python3.8/site-packages/sklearn/linear_model/_coordinate_descent.py:614: ConvergenceWarning: Objective did not converge. You might want to increase the number of iterations. Duality gap: 0.0005554440592865362, tolerance: 0.00039788079470198817
  model = cd_fast.enet_coordinate_descent_gram(

[2024-05-22T00:27:45.800+0000] {warnings.py:109} WARNING - /home/***/.local/lib/python3.8/site-packages/sklearn/linear_model/_coordinate_descent.py:614: ConvergenceWarning: Objective did not converge. You might want to increase the number of iterations. Duality gap: 0.0006105709575576768, tolerance: 0.00039788079470198817
  model = cd_fast.enet_coordinate_descent_gram(

[2024-05-22T00:27:45.958+0000] {warnings.py:109} WARNING - /home/***/.local/lib/python3.8/site-packages/sklearn/linear_model/_coordinate_descent.py:614: ConvergenceWarning: Objective did not converge. You might want to increase the number of iterations. Duality gap: 0.0012183574007038622, tolerance: 0.00039788079470198817
  model = cd_fast.enet_coordinate_descent_gram(

[2024-05-22T00:27:46.153+0000] {warnings.py:109} WARNING - /home/***/.local/lib/python3.8/site-packages/sklearn/linear_model/_coordinate_descent.py:614: ConvergenceWarning: Objective did not converge. You might want to increase the number of iterations. Duality gap: 0.005615804737161945, tolerance: 0.00039788079470198817
  model = cd_fast.enet_coordinate_descent_gram(

[2024-05-22T00:27:46.305+0000] {warnings.py:109} WARNING - /home/***/.local/lib/python3.8/site-packages/sklearn/linear_model/_coordinate_descent.py:614: ConvergenceWarning: Objective did not converge. You might want to increase the number of iterations. Duality gap: 0.006850509275524441, tolerance: 0.00039788079470198817
  model = cd_fast.enet_coordinate_descent_gram(

[2024-05-22T00:27:46.441+0000] {warnings.py:109} WARNING - /home/***/.local/lib/python3.8/site-packages/sklearn/linear_model/_coordinate_descent.py:614: ConvergenceWarning: Objective did not converge. You might want to increase the number of iterations. Duality gap: 0.007086307105362621, tolerance: 0.00039788079470198817
  model = cd_fast.enet_coordinate_descent_gram(

[2024-05-22T00:27:46.628+0000] {warnings.py:109} WARNING - /home/***/.local/lib/python3.8/site-packages/sklearn/linear_model/_coordinate_descent.py:614: ConvergenceWarning: Objective did not converge. You might want to increase the number of iterations. Duality gap: 0.006863059432476337, tolerance: 0.00039788079470198817
  model = cd_fast.enet_coordinate_descent_gram(

[2024-05-22T00:27:46.772+0000] {warnings.py:109} WARNING - /home/***/.local/lib/python3.8/site-packages/sklearn/linear_model/_coordinate_descent.py:614: ConvergenceWarning: Objective did not converge. You might want to increase the number of iterations. Duality gap: 0.0068083750839984525, tolerance: 0.00039788079470198817
  model = cd_fast.enet_coordinate_descent_gram(

[2024-05-22T00:27:46.956+0000] {warnings.py:109} WARNING - /home/***/.local/lib/python3.8/site-packages/sklearn/linear_model/_coordinate_descent.py:614: ConvergenceWarning: Objective did not converge. You might want to increase the number of iterations. Duality gap: 0.0066156000736334875, tolerance: 0.00039788079470198817
  model = cd_fast.enet_coordinate_descent_gram(

[2024-05-22T00:27:47.145+0000] {warnings.py:109} WARNING - /home/***/.local/lib/python3.8/site-packages/sklearn/linear_model/_coordinate_descent.py:614: ConvergenceWarning: Objective did not converge. You might want to increase the number of iterations. Duality gap: 0.006940787176423768, tolerance: 0.00039788079470198817
  model = cd_fast.enet_coordinate_descent_gram(

[2024-05-22T00:27:47.372+0000] {warnings.py:109} WARNING - /home/***/.local/lib/python3.8/site-packages/sklearn/linear_model/_coordinate_descent.py:614: ConvergenceWarning: Objective did not converge. You might want to increase the number of iterations. Duality gap: 0.0076509120820418275, tolerance: 0.00039788079470198817
  model = cd_fast.enet_coordinate_descent_gram(

[2024-05-22T00:27:47.518+0000] {warnings.py:109} WARNING - /home/***/.local/lib/python3.8/site-packages/sklearn/linear_model/_coordinate_descent.py:614: ConvergenceWarning: Objective did not converge. You might want to increase the number of iterations. Duality gap: 0.006794312457369056, tolerance: 0.00039788079470198817
  model = cd_fast.enet_coordinate_descent_gram(

[2024-05-22T00:27:47.709+0000] {warnings.py:109} WARNING - /home/***/.local/lib/python3.8/site-packages/sklearn/linear_model/_coordinate_descent.py:614: ConvergenceWarning: Objective did not converge. You might want to increase the number of iterations. Duality gap: 0.00657601051571266, tolerance: 0.00039788079470198817
  model = cd_fast.enet_coordinate_descent_gram(

[2024-05-22T00:27:47.889+0000] {warnings.py:109} WARNING - /home/***/.local/lib/python3.8/site-packages/sklearn/linear_model/_coordinate_descent.py:614: ConvergenceWarning: Objective did not converge. You might want to increase the number of iterations. Duality gap: 0.005626908263507868, tolerance: 0.00039788079470198817
  model = cd_fast.enet_coordinate_descent_gram(

[2024-05-22T00:27:48.106+0000] {warnings.py:109} WARNING - /home/***/.local/lib/python3.8/site-packages/sklearn/linear_model/_coordinate_descent.py:614: ConvergenceWarning: Objective did not converge. You might want to increase the number of iterations. Duality gap: 0.004223590196869242, tolerance: 0.00039788079470198817
  model = cd_fast.enet_coordinate_descent_gram(

[2024-05-22T00:27:48.311+0000] {warnings.py:109} WARNING - /home/***/.local/lib/python3.8/site-packages/sklearn/linear_model/_coordinate_descent.py:614: ConvergenceWarning: Objective did not converge. You might want to increase the number of iterations. Duality gap: 0.0036751268871579867, tolerance: 0.00039788079470198817
  model = cd_fast.enet_coordinate_descent_gram(

[2024-05-22T00:27:48.544+0000] {warnings.py:109} WARNING - /home/***/.local/lib/python3.8/site-packages/sklearn/linear_model/_coordinate_descent.py:614: ConvergenceWarning: Objective did not converge. You might want to increase the number of iterations. Duality gap: 0.003462384287381326, tolerance: 0.00039788079470198817
  model = cd_fast.enet_coordinate_descent_gram(

[2024-05-22T00:27:48.772+0000] {warnings.py:109} WARNING - /home/***/.local/lib/python3.8/site-packages/sklearn/linear_model/_coordinate_descent.py:614: ConvergenceWarning: Objective did not converge. You might want to increase the number of iterations. Duality gap: 0.0033107842998068016, tolerance: 0.00039788079470198817
  model = cd_fast.enet_coordinate_descent_gram(

[2024-05-22T00:27:48.941+0000] {warnings.py:109} WARNING - /home/***/.local/lib/python3.8/site-packages/sklearn/linear_model/_coordinate_descent.py:614: ConvergenceWarning: Objective did not converge. You might want to increase the number of iterations. Duality gap: 0.0033329750909936173, tolerance: 0.00039788079470198817
  model = cd_fast.enet_coordinate_descent_gram(

[2024-05-22T00:27:49.086+0000] {warnings.py:109} WARNING - /home/***/.local/lib/python3.8/site-packages/sklearn/linear_model/_coordinate_descent.py:614: ConvergenceWarning: Objective did not converge. You might want to increase the number of iterations. Duality gap: 0.0034447072199355055, tolerance: 0.00039788079470198817
  model = cd_fast.enet_coordinate_descent_gram(

[2024-05-22T00:27:49.286+0000] {warnings.py:109} WARNING - /home/***/.local/lib/python3.8/site-packages/sklearn/linear_model/_coordinate_descent.py:614: ConvergenceWarning: Objective did not converge. You might want to increase the number of iterations. Duality gap: 0.003699629383666636, tolerance: 0.00039788079470198817
  model = cd_fast.enet_coordinate_descent_gram(

[2024-05-22T00:27:49.488+0000] {warnings.py:109} WARNING - /home/***/.local/lib/python3.8/site-packages/sklearn/linear_model/_coordinate_descent.py:614: ConvergenceWarning: Objective did not converge. You might want to increase the number of iterations. Duality gap: 0.003598909335484901, tolerance: 0.00039788079470198817
  model = cd_fast.enet_coordinate_descent_gram(

[2024-05-22T00:27:49.547+0000] {warnings.py:109} WARNING - /home/***/.local/lib/python3.8/site-packages/sklearn/linear_model/_coordinate_descent.py:614: ConvergenceWarning: Objective did not converge. You might want to increase the number of iterations. Duality gap: 0.011434930115156838, tolerance: 0.00039788079470198817
  model = cd_fast.enet_coordinate_descent_gram(

[2024-05-22T00:27:49.740+0000] {warnings.py:109} WARNING - /home/***/.local/lib/python3.8/site-packages/sklearn/linear_model/_coordinate_descent.py:614: ConvergenceWarning: Objective did not converge. You might want to increase the number of iterations. Duality gap: 0.020084208911690826, tolerance: 0.00039788079470198817
  model = cd_fast.enet_coordinate_descent_gram(

[2024-05-22T00:27:49.951+0000] {warnings.py:109} WARNING - /home/***/.local/lib/python3.8/site-packages/sklearn/linear_model/_coordinate_descent.py:614: ConvergenceWarning: Objective did not converge. You might want to increase the number of iterations. Duality gap: 0.00897443331304526, tolerance: 0.00039788079470198817
  model = cd_fast.enet_coordinate_descent_gram(

[2024-05-22T00:27:50.117+0000] {warnings.py:109} WARNING - /home/***/.local/lib/python3.8/site-packages/sklearn/linear_model/_coordinate_descent.py:614: ConvergenceWarning: Objective did not converge. You might want to increase the number of iterations. Duality gap: 0.00989230101522498, tolerance: 0.00039788079470198817
  model = cd_fast.enet_coordinate_descent_gram(

[2024-05-22T00:27:50.296+0000] {warnings.py:109} WARNING - /home/***/.local/lib/python3.8/site-packages/sklearn/linear_model/_coordinate_descent.py:614: ConvergenceWarning: Objective did not converge. You might want to increase the number of iterations. Duality gap: 0.010210558888438026, tolerance: 0.00039788079470198817
  model = cd_fast.enet_coordinate_descent_gram(

[2024-05-22T00:27:50.525+0000] {warnings.py:109} WARNING - /home/***/.local/lib/python3.8/site-packages/sklearn/linear_model/_coordinate_descent.py:614: ConvergenceWarning: Objective did not converge. You might want to increase the number of iterations. Duality gap: 0.010303283104456273, tolerance: 0.00039788079470198817
  model = cd_fast.enet_coordinate_descent_gram(

[2024-05-22T00:27:50.861+0000] {warnings.py:109} WARNING - /home/***/.local/lib/python3.8/site-packages/sklearn/linear_model/_coordinate_descent.py:614: ConvergenceWarning: Objective did not converge. You might want to increase the number of iterations. Duality gap: 0.010244924235974562, tolerance: 0.00039788079470198817
  model = cd_fast.enet_coordinate_descent_gram(

[2024-05-22T00:27:51.030+0000] {warnings.py:109} WARNING - /home/***/.local/lib/python3.8/site-packages/sklearn/linear_model/_coordinate_descent.py:614: ConvergenceWarning: Objective did not converge. You might want to increase the number of iterations. Duality gap: 0.010811072604407723, tolerance: 0.00039788079470198817
  model = cd_fast.enet_coordinate_descent_gram(

[2024-05-22T00:27:51.276+0000] {warnings.py:109} WARNING - /home/***/.local/lib/python3.8/site-packages/sklearn/linear_model/_coordinate_descent.py:614: ConvergenceWarning: Objective did not converge. You might want to increase the number of iterations. Duality gap: 0.011659508269610708, tolerance: 0.00039788079470198817
  model = cd_fast.enet_coordinate_descent_gram(

[2024-05-22T00:27:51.690+0000] {warnings.py:109} WARNING - /home/***/.local/lib/python3.8/site-packages/sklearn/linear_model/_coordinate_descent.py:614: ConvergenceWarning: Objective did not converge. You might want to increase the number of iterations. Duality gap: 0.011837157020343714, tolerance: 0.00039788079470198817
  model = cd_fast.enet_coordinate_descent_gram(

[2024-05-22T00:27:51.977+0000] {warnings.py:109} WARNING - /home/***/.local/lib/python3.8/site-packages/sklearn/linear_model/_coordinate_descent.py:614: ConvergenceWarning: Objective did not converge. You might want to increase the number of iterations. Duality gap: 0.013421330935118547, tolerance: 0.00039788079470198817
  model = cd_fast.enet_coordinate_descent_gram(

[2024-05-22T00:27:52.130+0000] {warnings.py:109} WARNING - /home/***/.local/lib/python3.8/site-packages/sklearn/linear_model/_coordinate_descent.py:614: ConvergenceWarning: Objective did not converge. You might want to increase the number of iterations. Duality gap: 0.016411409492113282, tolerance: 0.00039788079470198817
  model = cd_fast.enet_coordinate_descent_gram(

[2024-05-22T00:27:52.344+0000] {warnings.py:109} WARNING - /home/***/.local/lib/python3.8/site-packages/sklearn/linear_model/_coordinate_descent.py:614: ConvergenceWarning: Objective did not converge. You might want to increase the number of iterations. Duality gap: 0.056128134526467255, tolerance: 0.00039788079470198817
  model = cd_fast.enet_coordinate_descent_gram(

[2024-05-22T00:27:52.595+0000] {warnings.py:109} WARNING - /home/***/.local/lib/python3.8/site-packages/sklearn/linear_model/_coordinate_descent.py:614: ConvergenceWarning: Objective did not converge. You might want to increase the number of iterations. Duality gap: 0.09772153802243833, tolerance: 0.00039788079470198817
  model = cd_fast.enet_coordinate_descent_gram(

[2024-05-22T00:27:52.788+0000] {warnings.py:109} WARNING - /home/***/.local/lib/python3.8/site-packages/sklearn/linear_model/_coordinate_descent.py:614: ConvergenceWarning: Objective did not converge. You might want to increase the number of iterations. Duality gap: 0.1329345439972971, tolerance: 0.00039788079470198817
  model = cd_fast.enet_coordinate_descent_gram(

[2024-05-22T00:27:52.998+0000] {warnings.py:109} WARNING - /home/***/.local/lib/python3.8/site-packages/sklearn/linear_model/_coordinate_descent.py:614: ConvergenceWarning: Objective did not converge. You might want to increase the number of iterations. Duality gap: 0.15897090924139778, tolerance: 0.00039788079470198817
  model = cd_fast.enet_coordinate_descent_gram(

[2024-05-22T00:27:53.119+0000] {warnings.py:109} WARNING - /home/***/.local/lib/python3.8/site-packages/sklearn/linear_model/_coordinate_descent.py:614: ConvergenceWarning: Objective did not converge. You might want to increase the number of iterations. Duality gap: 0.18405394154172416, tolerance: 0.00039788079470198817
  model = cd_fast.enet_coordinate_descent_gram(

[2024-05-22T00:27:53.284+0000] {warnings.py:109} WARNING - /home/***/.local/lib/python3.8/site-packages/sklearn/linear_model/_coordinate_descent.py:614: ConvergenceWarning: Objective did not converge. You might want to increase the number of iterations. Duality gap: 0.20960936104162142, tolerance: 0.00039788079470198817
  model = cd_fast.enet_coordinate_descent_gram(

[2024-05-22T00:27:53.461+0000] {warnings.py:109} WARNING - /home/***/.local/lib/python3.8/site-packages/sklearn/linear_model/_coordinate_descent.py:614: ConvergenceWarning: Objective did not converge. You might want to increase the number of iterations. Duality gap: 0.2306975660274071, tolerance: 0.00039788079470198817
  model = cd_fast.enet_coordinate_descent_gram(

[2024-05-22T00:27:53.692+0000] {warnings.py:109} WARNING - /home/***/.local/lib/python3.8/site-packages/sklearn/linear_model/_coordinate_descent.py:614: ConvergenceWarning: Objective did not converge. You might want to increase the number of iterations. Duality gap: 0.25592928145949423, tolerance: 0.00039788079470198817
  model = cd_fast.enet_coordinate_descent_gram(

[2024-05-22T00:27:53.954+0000] {warnings.py:109} WARNING - /home/***/.local/lib/python3.8/site-packages/sklearn/linear_model/_coordinate_descent.py:614: ConvergenceWarning: Objective did not converge. You might want to increase the number of iterations. Duality gap: 0.2697015416827737, tolerance: 0.00039788079470198817
  model = cd_fast.enet_coordinate_descent_gram(

[2024-05-22T00:27:54.185+0000] {warnings.py:109} WARNING - /home/***/.local/lib/python3.8/site-packages/sklearn/linear_model/_coordinate_descent.py:614: ConvergenceWarning: Objective did not converge. You might want to increase the number of iterations. Duality gap: 0.27351832526291275, tolerance: 0.00039788079470198817
  model = cd_fast.enet_coordinate_descent_gram(

[2024-05-22T00:27:54.461+0000] {warnings.py:109} WARNING - /home/***/.local/lib/python3.8/site-packages/sklearn/linear_model/_coordinate_descent.py:614: ConvergenceWarning: Objective did not converge. You might want to increase the number of iterations. Duality gap: 0.2779347742632827, tolerance: 0.00039788079470198817
  model = cd_fast.enet_coordinate_descent_gram(

[2024-05-22T00:27:54.826+0000] {warnings.py:109} WARNING - /home/***/.local/lib/python3.8/site-packages/sklearn/linear_model/_coordinate_descent.py:614: ConvergenceWarning: Objective did not converge. You might want to increase the number of iterations. Duality gap: 0.2735042190263821, tolerance: 0.00039788079470198817
  model = cd_fast.enet_coordinate_descent_gram(

[2024-05-22T00:27:56.814+0000] {warnings.py:109} WARNING - /home/***/.local/lib/python3.8/site-packages/sklearn/linear_model/_coordinate_descent.py:614: ConvergenceWarning: Objective did not converge. You might want to increase the number of iterations. Duality gap: 0.0007449951950813105, tolerance: 0.00029880794701986693
  model = cd_fast.enet_coordinate_descent_gram(

[2024-05-22T00:27:57.968+0000] {warnings.py:109} WARNING - /home/***/.local/lib/python3.8/site-packages/sklearn/linear_model/_coordinate_descent.py:614: ConvergenceWarning: Objective did not converge. You might want to increase the number of iterations. Duality gap: 0.00047513783933350595, tolerance: 0.00029880794701986693
  model = cd_fast.enet_coordinate_descent_gram(

[2024-05-22T00:27:58.121+0000] {warnings.py:109} WARNING - /home/***/.local/lib/python3.8/site-packages/sklearn/linear_model/_coordinate_descent.py:614: ConvergenceWarning: Objective did not converge. You might want to increase the number of iterations. Duality gap: 0.0009060943867542637, tolerance: 0.00029880794701986693
  model = cd_fast.enet_coordinate_descent_gram(

[2024-05-22T00:27:58.287+0000] {warnings.py:109} WARNING - /home/***/.local/lib/python3.8/site-packages/sklearn/linear_model/_coordinate_descent.py:614: ConvergenceWarning: Objective did not converge. You might want to increase the number of iterations. Duality gap: 0.0021268433517231955, tolerance: 0.00029880794701986693
  model = cd_fast.enet_coordinate_descent_gram(

[2024-05-22T00:27:58.411+0000] {warnings.py:109} WARNING - /home/***/.local/lib/python3.8/site-packages/sklearn/linear_model/_coordinate_descent.py:614: ConvergenceWarning: Objective did not converge. You might want to increase the number of iterations. Duality gap: 0.006035364650408992, tolerance: 0.00029880794701986693
  model = cd_fast.enet_coordinate_descent_gram(

[2024-05-22T00:27:58.573+0000] {warnings.py:109} WARNING - /home/***/.local/lib/python3.8/site-packages/sklearn/linear_model/_coordinate_descent.py:614: ConvergenceWarning: Objective did not converge. You might want to increase the number of iterations. Duality gap: 0.007828437273752265, tolerance: 0.00029880794701986693
  model = cd_fast.enet_coordinate_descent_gram(

[2024-05-22T00:27:58.740+0000] {warnings.py:109} WARNING - /home/***/.local/lib/python3.8/site-packages/sklearn/linear_model/_coordinate_descent.py:614: ConvergenceWarning: Objective did not converge. You might want to increase the number of iterations. Duality gap: 0.008019465814779636, tolerance: 0.00029880794701986693
  model = cd_fast.enet_coordinate_descent_gram(

[2024-05-22T00:27:58.892+0000] {warnings.py:109} WARNING - /home/***/.local/lib/python3.8/site-packages/sklearn/linear_model/_coordinate_descent.py:614: ConvergenceWarning: Objective did not converge. You might want to increase the number of iterations. Duality gap: 0.0018054888188330231, tolerance: 0.00029880794701986693
  model = cd_fast.enet_coordinate_descent_gram(

[2024-05-22T00:27:59.063+0000] {warnings.py:109} WARNING - /home/***/.local/lib/python3.8/site-packages/sklearn/linear_model/_coordinate_descent.py:614: ConvergenceWarning: Objective did not converge. You might want to increase the number of iterations. Duality gap: 0.002462288680512792, tolerance: 0.00029880794701986693
  model = cd_fast.enet_coordinate_descent_gram(

[2024-05-22T00:27:59.271+0000] {warnings.py:109} WARNING - /home/***/.local/lib/python3.8/site-packages/sklearn/linear_model/_coordinate_descent.py:614: ConvergenceWarning: Objective did not converge. You might want to increase the number of iterations. Duality gap: 0.0022025031045243004, tolerance: 0.00029880794701986693
  model = cd_fast.enet_coordinate_descent_gram(

[2024-05-22T00:27:59.438+0000] {warnings.py:109} WARNING - /home/***/.local/lib/python3.8/site-packages/sklearn/linear_model/_coordinate_descent.py:614: ConvergenceWarning: Objective did not converge. You might want to increase the number of iterations. Duality gap: 0.0022121252000775193, tolerance: 0.00029880794701986693
  model = cd_fast.enet_coordinate_descent_gram(

[2024-05-22T00:27:59.724+0000] {warnings.py:109} WARNING - /home/***/.local/lib/python3.8/site-packages/sklearn/linear_model/_coordinate_descent.py:614: ConvergenceWarning: Objective did not converge. You might want to increase the number of iterations. Duality gap: 0.002189081963939632, tolerance: 0.00029880794701986693
  model = cd_fast.enet_coordinate_descent_gram(

[2024-05-22T00:27:59.838+0000] {warnings.py:109} WARNING - /home/***/.local/lib/python3.8/site-packages/sklearn/linear_model/_coordinate_descent.py:614: ConvergenceWarning: Objective did not converge. You might want to increase the number of iterations. Duality gap: 0.0028175581866025645, tolerance: 0.00029880794701986693
  model = cd_fast.enet_coordinate_descent_gram(

[2024-05-22T00:28:00.014+0000] {warnings.py:109} WARNING - /home/***/.local/lib/python3.8/site-packages/sklearn/linear_model/_coordinate_descent.py:614: ConvergenceWarning: Objective did not converge. You might want to increase the number of iterations. Duality gap: 0.0029500862103384318, tolerance: 0.00029880794701986693
  model = cd_fast.enet_coordinate_descent_gram(

[2024-05-22T00:28:00.201+0000] {warnings.py:109} WARNING - /home/***/.local/lib/python3.8/site-packages/sklearn/linear_model/_coordinate_descent.py:614: ConvergenceWarning: Objective did not converge. You might want to increase the number of iterations. Duality gap: 0.00302582063103074, tolerance: 0.00029880794701986693
  model = cd_fast.enet_coordinate_descent_gram(

[2024-05-22T00:28:00.379+0000] {warnings.py:109} WARNING - /home/***/.local/lib/python3.8/site-packages/sklearn/linear_model/_coordinate_descent.py:614: ConvergenceWarning: Objective did not converge. You might want to increase the number of iterations. Duality gap: 0.0030799810374229075, tolerance: 0.00029880794701986693
  model = cd_fast.enet_coordinate_descent_gram(

[2024-05-22T00:28:00.537+0000] {warnings.py:109} WARNING - /home/***/.local/lib/python3.8/site-packages/sklearn/linear_model/_coordinate_descent.py:614: ConvergenceWarning: Objective did not converge. You might want to increase the number of iterations. Duality gap: 0.0028421355753076583, tolerance: 0.00029880794701986693
  model = cd_fast.enet_coordinate_descent_gram(

[2024-05-22T00:28:00.738+0000] {warnings.py:109} WARNING - /home/***/.local/lib/python3.8/site-packages/sklearn/linear_model/_coordinate_descent.py:614: ConvergenceWarning: Objective did not converge. You might want to increase the number of iterations. Duality gap: 0.0024795630928764467, tolerance: 0.00029880794701986693
  model = cd_fast.enet_coordinate_descent_gram(

[2024-05-22T00:28:00.860+0000] {warnings.py:109} WARNING - /home/***/.local/lib/python3.8/site-packages/sklearn/linear_model/_coordinate_descent.py:614: ConvergenceWarning: Objective did not converge. You might want to increase the number of iterations. Duality gap: 0.0012915739551346839, tolerance: 0.00029880794701986693
  model = cd_fast.enet_coordinate_descent_gram(

[2024-05-22T00:28:00.981+0000] {warnings.py:109} WARNING - /home/***/.local/lib/python3.8/site-packages/sklearn/linear_model/_coordinate_descent.py:614: ConvergenceWarning: Objective did not converge. You might want to increase the number of iterations. Duality gap: 0.003229605731615015, tolerance: 0.00029880794701986693
  model = cd_fast.enet_coordinate_descent_gram(

[2024-05-22T00:28:01.276+0000] {warnings.py:109} WARNING - /home/***/.local/lib/python3.8/site-packages/sklearn/linear_model/_coordinate_descent.py:614: ConvergenceWarning: Objective did not converge. You might want to increase the number of iterations. Duality gap: 0.007118764425658952, tolerance: 0.00029880794701986693
  model = cd_fast.enet_coordinate_descent_gram(

[2024-05-22T00:28:01.392+0000] {warnings.py:109} WARNING - /home/***/.local/lib/python3.8/site-packages/sklearn/linear_model/_coordinate_descent.py:614: ConvergenceWarning: Objective did not converge. You might want to increase the number of iterations. Duality gap: 0.008638320288082202, tolerance: 0.00029880794701986693
  model = cd_fast.enet_coordinate_descent_gram(

[2024-05-22T00:28:01.554+0000] {warnings.py:109} WARNING - /home/***/.local/lib/python3.8/site-packages/sklearn/linear_model/_coordinate_descent.py:614: ConvergenceWarning: Objective did not converge. You might want to increase the number of iterations. Duality gap: 0.009421497744857676, tolerance: 0.00029880794701986693
  model = cd_fast.enet_coordinate_descent_gram(

[2024-05-22T00:28:01.735+0000] {warnings.py:109} WARNING - /home/***/.local/lib/python3.8/site-packages/sklearn/linear_model/_coordinate_descent.py:614: ConvergenceWarning: Objective did not converge. You might want to increase the number of iterations. Duality gap: 0.009917146426833279, tolerance: 0.00029880794701986693
  model = cd_fast.enet_coordinate_descent_gram(

[2024-05-22T00:28:01.885+0000] {warnings.py:109} WARNING - /home/***/.local/lib/python3.8/site-packages/sklearn/linear_model/_coordinate_descent.py:614: ConvergenceWarning: Objective did not converge. You might want to increase the number of iterations. Duality gap: 0.009878553172758098, tolerance: 0.00029880794701986693
  model = cd_fast.enet_coordinate_descent_gram(

[2024-05-22T00:28:02.035+0000] {warnings.py:109} WARNING - /home/***/.local/lib/python3.8/site-packages/sklearn/linear_model/_coordinate_descent.py:614: ConvergenceWarning: Objective did not converge. You might want to increase the number of iterations. Duality gap: 0.009425507998557903, tolerance: 0.00029880794701986693
  model = cd_fast.enet_coordinate_descent_gram(

[2024-05-22T00:28:02.316+0000] {warnings.py:109} WARNING - /home/***/.local/lib/python3.8/site-packages/sklearn/linear_model/_coordinate_descent.py:614: ConvergenceWarning: Objective did not converge. You might want to increase the number of iterations. Duality gap: 0.010201314228309055, tolerance: 0.00029880794701986693
  model = cd_fast.enet_coordinate_descent_gram(

[2024-05-22T00:28:02.492+0000] {warnings.py:109} WARNING - /home/***/.local/lib/python3.8/site-packages/sklearn/linear_model/_coordinate_descent.py:614: ConvergenceWarning: Objective did not converge. You might want to increase the number of iterations. Duality gap: 0.013617980109714045, tolerance: 0.00029880794701986693
  model = cd_fast.enet_coordinate_descent_gram(

[2024-05-22T00:28:02.681+0000] {warnings.py:109} WARNING - /home/***/.local/lib/python3.8/site-packages/sklearn/linear_model/_coordinate_descent.py:614: ConvergenceWarning: Objective did not converge. You might want to increase the number of iterations. Duality gap: 0.015647876947670003, tolerance: 0.00029880794701986693
  model = cd_fast.enet_coordinate_descent_gram(

[2024-05-22T00:28:02.852+0000] {warnings.py:109} WARNING - /home/***/.local/lib/python3.8/site-packages/sklearn/linear_model/_coordinate_descent.py:614: ConvergenceWarning: Objective did not converge. You might want to increase the number of iterations. Duality gap: 0.016752212782912057, tolerance: 0.00029880794701986693
  model = cd_fast.enet_coordinate_descent_gram(

[2024-05-22T00:28:03.011+0000] {warnings.py:109} WARNING - /home/***/.local/lib/python3.8/site-packages/sklearn/linear_model/_coordinate_descent.py:614: ConvergenceWarning: Objective did not converge. You might want to increase the number of iterations. Duality gap: 0.017076791674150105, tolerance: 0.00029880794701986693
  model = cd_fast.enet_coordinate_descent_gram(

[2024-05-22T00:28:03.190+0000] {warnings.py:109} WARNING - /home/***/.local/lib/python3.8/site-packages/sklearn/linear_model/_coordinate_descent.py:614: ConvergenceWarning: Objective did not converge. You might want to increase the number of iterations. Duality gap: 0.017295308626458228, tolerance: 0.00029880794701986693
  model = cd_fast.enet_coordinate_descent_gram(

[2024-05-22T00:28:03.388+0000] {warnings.py:109} WARNING - /home/***/.local/lib/python3.8/site-packages/sklearn/linear_model/_coordinate_descent.py:614: ConvergenceWarning: Objective did not converge. You might want to increase the number of iterations. Duality gap: 0.017563736023361365, tolerance: 0.00029880794701986693
  model = cd_fast.enet_coordinate_descent_gram(

[2024-05-22T00:28:03.569+0000] {warnings.py:109} WARNING - /home/***/.local/lib/python3.8/site-packages/sklearn/linear_model/_coordinate_descent.py:614: ConvergenceWarning: Objective did not converge. You might want to increase the number of iterations. Duality gap: 0.018210920610782555, tolerance: 0.00029880794701986693
  model = cd_fast.enet_coordinate_descent_gram(

[2024-05-22T00:28:03.709+0000] {warnings.py:109} WARNING - /home/***/.local/lib/python3.8/site-packages/sklearn/linear_model/_coordinate_descent.py:614: ConvergenceWarning: Objective did not converge. You might want to increase the number of iterations. Duality gap: 0.01879501327923805, tolerance: 0.00029880794701986693
  model = cd_fast.enet_coordinate_descent_gram(

[2024-05-22T00:28:03.959+0000] {warnings.py:109} WARNING - /home/***/.local/lib/python3.8/site-packages/sklearn/linear_model/_coordinate_descent.py:614: ConvergenceWarning: Objective did not converge. You might want to increase the number of iterations. Duality gap: 0.018947898844994704, tolerance: 0.00029880794701986693
  model = cd_fast.enet_coordinate_descent_gram(

[2024-05-22T00:28:04.181+0000] {warnings.py:109} WARNING - /home/***/.local/lib/python3.8/site-packages/sklearn/linear_model/_coordinate_descent.py:614: ConvergenceWarning: Objective did not converge. You might want to increase the number of iterations. Duality gap: 0.018727567595631545, tolerance: 0.00029880794701986693
  model = cd_fast.enet_coordinate_descent_gram(

[2024-05-22T00:28:04.369+0000] {warnings.py:109} WARNING - /home/***/.local/lib/python3.8/site-packages/sklearn/linear_model/_coordinate_descent.py:614: ConvergenceWarning: Objective did not converge. You might want to increase the number of iterations. Duality gap: 0.01858855296646289, tolerance: 0.00029880794701986693
  model = cd_fast.enet_coordinate_descent_gram(

[2024-05-22T00:28:04.544+0000] {warnings.py:109} WARNING - /home/***/.local/lib/python3.8/site-packages/sklearn/linear_model/_coordinate_descent.py:614: ConvergenceWarning: Objective did not converge. You might want to increase the number of iterations. Duality gap: 0.01768696879811449, tolerance: 0.00029880794701986693
  model = cd_fast.enet_coordinate_descent_gram(

[2024-05-22T00:28:04.806+0000] {warnings.py:109} WARNING - /home/***/.local/lib/python3.8/site-packages/sklearn/linear_model/_coordinate_descent.py:614: ConvergenceWarning: Objective did not converge. You might want to increase the number of iterations. Duality gap: 0.021159368615631946, tolerance: 0.00029880794701986693
  model = cd_fast.enet_coordinate_descent_gram(

[2024-05-22T00:28:05.016+0000] {warnings.py:109} WARNING - /home/***/.local/lib/python3.8/site-packages/sklearn/linear_model/_coordinate_descent.py:614: ConvergenceWarning: Objective did not converge. You might want to increase the number of iterations. Duality gap: 0.027417657885836055, tolerance: 0.00029880794701986693
  model = cd_fast.enet_coordinate_descent_gram(

[2024-05-22T00:28:05.271+0000] {warnings.py:109} WARNING - /home/***/.local/lib/python3.8/site-packages/sklearn/linear_model/_coordinate_descent.py:614: ConvergenceWarning: Objective did not converge. You might want to increase the number of iterations. Duality gap: 0.03175741737340165, tolerance: 0.00029880794701986693
  model = cd_fast.enet_coordinate_descent_gram(

[2024-05-22T00:28:05.490+0000] {warnings.py:109} WARNING - /home/***/.local/lib/python3.8/site-packages/sklearn/linear_model/_coordinate_descent.py:614: ConvergenceWarning: Objective did not converge. You might want to increase the number of iterations. Duality gap: 0.03503081349145876, tolerance: 0.00029880794701986693
  model = cd_fast.enet_coordinate_descent_gram(

[2024-05-22T00:28:05.658+0000] {warnings.py:109} WARNING - /home/***/.local/lib/python3.8/site-packages/sklearn/linear_model/_coordinate_descent.py:614: ConvergenceWarning: Objective did not converge. You might want to increase the number of iterations. Duality gap: 0.030389646327355857, tolerance: 0.00029880794701986693
  model = cd_fast.enet_coordinate_descent_gram(

[2024-05-22T00:28:05.770+0000] {warnings.py:109} WARNING - /home/***/.local/lib/python3.8/site-packages/sklearn/linear_model/_coordinate_descent.py:614: ConvergenceWarning: Objective did not converge. You might want to increase the number of iterations. Duality gap: 0.047982868217901986, tolerance: 0.00029880794701986693
  model = cd_fast.enet_coordinate_descent_gram(

[2024-05-22T00:28:07.419+0000] {warnings.py:109} WARNING - /home/***/.local/lib/python3.8/site-packages/sklearn/linear_model/_coordinate_descent.py:614: ConvergenceWarning: Objective did not converge. You might want to increase the number of iterations. Duality gap: 0.00032717472430432437, tolerance: 0.000298807947019867
  model = cd_fast.enet_coordinate_descent_gram(

[2024-05-22T00:28:07.571+0000] {warnings.py:109} WARNING - /home/***/.local/lib/python3.8/site-packages/sklearn/linear_model/_coordinate_descent.py:614: ConvergenceWarning: Objective did not converge. You might want to increase the number of iterations. Duality gap: 0.000380883425208145, tolerance: 0.000298807947019867
  model = cd_fast.enet_coordinate_descent_gram(

[2024-05-22T00:28:07.660+0000] {warnings.py:109} WARNING - /home/***/.local/lib/python3.8/site-packages/sklearn/linear_model/_coordinate_descent.py:614: ConvergenceWarning: Objective did not converge. You might want to increase the number of iterations. Duality gap: 0.0003866497298314897, tolerance: 0.000298807947019867
  model = cd_fast.enet_coordinate_descent_gram(

[2024-05-22T00:28:07.783+0000] {warnings.py:109} WARNING - /home/***/.local/lib/python3.8/site-packages/sklearn/linear_model/_coordinate_descent.py:614: ConvergenceWarning: Objective did not converge. You might want to increase the number of iterations. Duality gap: 0.0004208115688886238, tolerance: 0.000298807947019867
  model = cd_fast.enet_coordinate_descent_gram(

[2024-05-22T00:28:07.925+0000] {warnings.py:109} WARNING - /home/***/.local/lib/python3.8/site-packages/sklearn/linear_model/_coordinate_descent.py:614: ConvergenceWarning: Objective did not converge. You might want to increase the number of iterations. Duality gap: 0.000804178303680736, tolerance: 0.000298807947019867
  model = cd_fast.enet_coordinate_descent_gram(

[2024-05-22T00:28:08.033+0000] {warnings.py:109} WARNING - /home/***/.local/lib/python3.8/site-packages/sklearn/linear_model/_coordinate_descent.py:614: ConvergenceWarning: Objective did not converge. You might want to increase the number of iterations. Duality gap: 0.0009055058471294508, tolerance: 0.000298807947019867
  model = cd_fast.enet_coordinate_descent_gram(

[2024-05-22T00:28:08.172+0000] {warnings.py:109} WARNING - /home/***/.local/lib/python3.8/site-packages/sklearn/linear_model/_coordinate_descent.py:614: ConvergenceWarning: Objective did not converge. You might want to increase the number of iterations. Duality gap: 0.0010093438560399015, tolerance: 0.000298807947019867
  model = cd_fast.enet_coordinate_descent_gram(

[2024-05-22T00:28:08.343+0000] {warnings.py:109} WARNING - /home/***/.local/lib/python3.8/site-packages/sklearn/linear_model/_coordinate_descent.py:614: ConvergenceWarning: Objective did not converge. You might want to increase the number of iterations. Duality gap: 0.0013305975110449175, tolerance: 0.000298807947019867
  model = cd_fast.enet_coordinate_descent_gram(

[2024-05-22T00:28:08.471+0000] {warnings.py:109} WARNING - /home/***/.local/lib/python3.8/site-packages/sklearn/linear_model/_coordinate_descent.py:614: ConvergenceWarning: Objective did not converge. You might want to increase the number of iterations. Duality gap: 0.0017462141343032034, tolerance: 0.000298807947019867
  model = cd_fast.enet_coordinate_descent_gram(

[2024-05-22T00:28:08.641+0000] {warnings.py:109} WARNING - /home/***/.local/lib/python3.8/site-packages/sklearn/linear_model/_coordinate_descent.py:614: ConvergenceWarning: Objective did not converge. You might want to increase the number of iterations. Duality gap: 0.0010275224209592704, tolerance: 0.000298807947019867
  model = cd_fast.enet_coordinate_descent_gram(

[2024-05-22T00:28:08.786+0000] {warnings.py:109} WARNING - /home/***/.local/lib/python3.8/site-packages/sklearn/linear_model/_coordinate_descent.py:614: ConvergenceWarning: Objective did not converge. You might want to increase the number of iterations. Duality gap: 0.0009011042760895815, tolerance: 0.000298807947019867
  model = cd_fast.enet_coordinate_descent_gram(

[2024-05-22T00:28:08.945+0000] {warnings.py:109} WARNING - /home/***/.local/lib/python3.8/site-packages/sklearn/linear_model/_coordinate_descent.py:614: ConvergenceWarning: Objective did not converge. You might want to increase the number of iterations. Duality gap: 0.0008626599384788936, tolerance: 0.000298807947019867
  model = cd_fast.enet_coordinate_descent_gram(

[2024-05-22T00:28:09.026+0000] {warnings.py:109} WARNING - /home/***/.local/lib/python3.8/site-packages/sklearn/linear_model/_coordinate_descent.py:614: ConvergenceWarning: Objective did not converge. You might want to increase the number of iterations. Duality gap: 0.0012034577969097793, tolerance: 0.000298807947019867
  model = cd_fast.enet_coordinate_descent_gram(

[2024-05-22T00:28:09.190+0000] {warnings.py:109} WARNING - /home/***/.local/lib/python3.8/site-packages/sklearn/linear_model/_coordinate_descent.py:614: ConvergenceWarning: Objective did not converge. You might want to increase the number of iterations. Duality gap: 0.003886877769036179, tolerance: 0.000298807947019867
  model = cd_fast.enet_coordinate_descent_gram(

[2024-05-22T00:28:09.311+0000] {warnings.py:109} WARNING - /home/***/.local/lib/python3.8/site-packages/sklearn/linear_model/_coordinate_descent.py:614: ConvergenceWarning: Objective did not converge. You might want to increase the number of iterations. Duality gap: 0.001857728662215008, tolerance: 0.000298807947019867
  model = cd_fast.enet_coordinate_descent_gram(

[2024-05-22T00:28:09.374+0000] {warnings.py:109} WARNING - /home/***/.local/lib/python3.8/site-packages/sklearn/linear_model/_coordinate_descent.py:614: ConvergenceWarning: Objective did not converge. You might want to increase the number of iterations. Duality gap: 0.009093304614663955, tolerance: 0.000298807947019867
  model = cd_fast.enet_coordinate_descent_gram(

[2024-05-22T00:28:09.454+0000] {warnings.py:109} WARNING - /home/***/.local/lib/python3.8/site-packages/sklearn/linear_model/_coordinate_descent.py:614: ConvergenceWarning: Objective did not converge. You might want to increase the number of iterations. Duality gap: 0.012310340061256753, tolerance: 0.000298807947019867
  model = cd_fast.enet_coordinate_descent_gram(

[2024-05-22T00:28:09.607+0000] {warnings.py:109} WARNING - /home/***/.local/lib/python3.8/site-packages/sklearn/linear_model/_coordinate_descent.py:614: ConvergenceWarning: Objective did not converge. You might want to increase the number of iterations. Duality gap: 0.013701967356622546, tolerance: 0.000298807947019867
  model = cd_fast.enet_coordinate_descent_gram(

[2024-05-22T00:28:09.743+0000] {warnings.py:109} WARNING - /home/***/.local/lib/python3.8/site-packages/sklearn/linear_model/_coordinate_descent.py:614: ConvergenceWarning: Objective did not converge. You might want to increase the number of iterations. Duality gap: 0.01227499989522296, tolerance: 0.000298807947019867
  model = cd_fast.enet_coordinate_descent_gram(

[2024-05-22T00:28:09.900+0000] {warnings.py:109} WARNING - /home/***/.local/lib/python3.8/site-packages/sklearn/linear_model/_coordinate_descent.py:614: ConvergenceWarning: Objective did not converge. You might want to increase the number of iterations. Duality gap: 0.011548508589222628, tolerance: 0.000298807947019867
  model = cd_fast.enet_coordinate_descent_gram(

[2024-05-22T00:28:10.035+0000] {warnings.py:109} WARNING - /home/***/.local/lib/python3.8/site-packages/sklearn/linear_model/_coordinate_descent.py:614: ConvergenceWarning: Objective did not converge. You might want to increase the number of iterations. Duality gap: 0.013229136941829367, tolerance: 0.000298807947019867
  model = cd_fast.enet_coordinate_descent_gram(

[2024-05-22T00:28:10.132+0000] {warnings.py:109} WARNING - /home/***/.local/lib/python3.8/site-packages/sklearn/linear_model/_coordinate_descent.py:614: ConvergenceWarning: Objective did not converge. You might want to increase the number of iterations. Duality gap: 0.014259240363607928, tolerance: 0.000298807947019867
  model = cd_fast.enet_coordinate_descent_gram(

[2024-05-22T00:28:10.222+0000] {warnings.py:109} WARNING - /home/***/.local/lib/python3.8/site-packages/sklearn/linear_model/_coordinate_descent.py:614: ConvergenceWarning: Objective did not converge. You might want to increase the number of iterations. Duality gap: 0.014486081353610958, tolerance: 0.000298807947019867
  model = cd_fast.enet_coordinate_descent_gram(

[2024-05-22T00:28:10.342+0000] {warnings.py:109} WARNING - /home/***/.local/lib/python3.8/site-packages/sklearn/linear_model/_coordinate_descent.py:614: ConvergenceWarning: Objective did not converge. You might want to increase the number of iterations. Duality gap: 0.014241881545570712, tolerance: 0.000298807947019867
  model = cd_fast.enet_coordinate_descent_gram(

[2024-05-22T00:28:10.448+0000] {warnings.py:109} WARNING - /home/***/.local/lib/python3.8/site-packages/sklearn/linear_model/_coordinate_descent.py:614: ConvergenceWarning: Objective did not converge. You might want to increase the number of iterations. Duality gap: 0.017677870405168328, tolerance: 0.000298807947019867
  model = cd_fast.enet_coordinate_descent_gram(

[2024-05-22T00:28:10.615+0000] {warnings.py:109} WARNING - /home/***/.local/lib/python3.8/site-packages/sklearn/linear_model/_coordinate_descent.py:614: ConvergenceWarning: Objective did not converge. You might want to increase the number of iterations. Duality gap: 0.026293870878840053, tolerance: 0.000298807947019867
  model = cd_fast.enet_coordinate_descent_gram(

[2024-05-22T00:28:10.841+0000] {warnings.py:109} WARNING - /home/***/.local/lib/python3.8/site-packages/sklearn/linear_model/_coordinate_descent.py:614: ConvergenceWarning: Objective did not converge. You might want to increase the number of iterations. Duality gap: 0.033815644144110646, tolerance: 0.000298807947019867
  model = cd_fast.enet_coordinate_descent_gram(

[2024-05-22T00:28:11.038+0000] {warnings.py:109} WARNING - /home/***/.local/lib/python3.8/site-packages/sklearn/linear_model/_coordinate_descent.py:614: ConvergenceWarning: Objective did not converge. You might want to increase the number of iterations. Duality gap: 0.023524773871992366, tolerance: 0.000298807947019867
  model = cd_fast.enet_coordinate_descent_gram(

[2024-05-22T00:28:11.233+0000] {warnings.py:109} WARNING - /home/***/.local/lib/python3.8/site-packages/sklearn/linear_model/_coordinate_descent.py:614: ConvergenceWarning: Objective did not converge. You might want to increase the number of iterations. Duality gap: 0.03186576006866004, tolerance: 0.000298807947019867
  model = cd_fast.enet_coordinate_descent_gram(

[2024-05-22T00:28:11.434+0000] {warnings.py:109} WARNING - /home/***/.local/lib/python3.8/site-packages/sklearn/linear_model/_coordinate_descent.py:614: ConvergenceWarning: Objective did not converge. You might want to increase the number of iterations. Duality gap: 0.03758219358767323, tolerance: 0.000298807947019867
  model = cd_fast.enet_coordinate_descent_gram(

[2024-05-22T00:28:11.569+0000] {warnings.py:109} WARNING - /home/***/.local/lib/python3.8/site-packages/sklearn/linear_model/_coordinate_descent.py:614: ConvergenceWarning: Objective did not converge. You might want to increase the number of iterations. Duality gap: 0.04154614240189081, tolerance: 0.000298807947019867
  model = cd_fast.enet_coordinate_descent_gram(

[2024-05-22T00:28:11.743+0000] {warnings.py:109} WARNING - /home/***/.local/lib/python3.8/site-packages/sklearn/linear_model/_coordinate_descent.py:614: ConvergenceWarning: Objective did not converge. You might want to increase the number of iterations. Duality gap: 0.04284083221389512, tolerance: 0.000298807947019867
  model = cd_fast.enet_coordinate_descent_gram(

[2024-05-22T00:28:11.897+0000] {warnings.py:109} WARNING - /home/***/.local/lib/python3.8/site-packages/sklearn/linear_model/_coordinate_descent.py:614: ConvergenceWarning: Objective did not converge. You might want to increase the number of iterations. Duality gap: 0.043024943189557296, tolerance: 0.000298807947019867
  model = cd_fast.enet_coordinate_descent_gram(

[2024-05-22T00:28:12.137+0000] {warnings.py:109} WARNING - /home/***/.local/lib/python3.8/site-packages/sklearn/linear_model/_coordinate_descent.py:614: ConvergenceWarning: Objective did not converge. You might want to increase the number of iterations. Duality gap: 0.04365014394708, tolerance: 0.000298807947019867
  model = cd_fast.enet_coordinate_descent_gram(

[2024-05-22T00:28:12.289+0000] {warnings.py:109} WARNING - /home/***/.local/lib/python3.8/site-packages/sklearn/linear_model/_coordinate_descent.py:614: ConvergenceWarning: Objective did not converge. You might want to increase the number of iterations. Duality gap: 0.044284409581157425, tolerance: 0.000298807947019867
  model = cd_fast.enet_coordinate_descent_gram(

[2024-05-22T00:28:12.516+0000] {warnings.py:109} WARNING - /home/***/.local/lib/python3.8/site-packages/sklearn/linear_model/_coordinate_descent.py:614: ConvergenceWarning: Objective did not converge. You might want to increase the number of iterations. Duality gap: 0.04455939258377373, tolerance: 0.000298807947019867
  model = cd_fast.enet_coordinate_descent_gram(

[2024-05-22T00:28:12.727+0000] {warnings.py:109} WARNING - /home/***/.local/lib/python3.8/site-packages/sklearn/linear_model/_coordinate_descent.py:614: ConvergenceWarning: Objective did not converge. You might want to increase the number of iterations. Duality gap: 0.04548959730666158, tolerance: 0.000298807947019867
  model = cd_fast.enet_coordinate_descent_gram(

[2024-05-22T00:28:12.916+0000] {warnings.py:109} WARNING - /home/***/.local/lib/python3.8/site-packages/sklearn/linear_model/_coordinate_descent.py:614: ConvergenceWarning: Objective did not converge. You might want to increase the number of iterations. Duality gap: 0.04685917384706717, tolerance: 0.000298807947019867
  model = cd_fast.enet_coordinate_descent_gram(

[2024-05-22T00:28:13.114+0000] {warnings.py:109} WARNING - /home/***/.local/lib/python3.8/site-packages/sklearn/linear_model/_coordinate_descent.py:614: ConvergenceWarning: Objective did not converge. You might want to increase the number of iterations. Duality gap: 0.06483821288750358, tolerance: 0.000298807947019867
  model = cd_fast.enet_coordinate_descent_gram(

[2024-05-22T00:28:13.262+0000] {warnings.py:109} WARNING - /home/***/.local/lib/python3.8/site-packages/sklearn/linear_model/_coordinate_descent.py:614: ConvergenceWarning: Objective did not converge. You might want to increase the number of iterations. Duality gap: 0.0834263747707431, tolerance: 0.000298807947019867
  model = cd_fast.enet_coordinate_descent_gram(

[2024-05-22T00:28:13.378+0000] {warnings.py:109} WARNING - /home/***/.local/lib/python3.8/site-packages/sklearn/linear_model/_coordinate_descent.py:614: ConvergenceWarning: Objective did not converge. You might want to increase the number of iterations. Duality gap: 0.09818832464799332, tolerance: 0.000298807947019867
  model = cd_fast.enet_coordinate_descent_gram(

[2024-05-22T00:28:13.523+0000] {warnings.py:109} WARNING - /home/***/.local/lib/python3.8/site-packages/sklearn/linear_model/_coordinate_descent.py:614: ConvergenceWarning: Objective did not converge. You might want to increase the number of iterations. Duality gap: 0.11060602000857478, tolerance: 0.000298807947019867
  model = cd_fast.enet_coordinate_descent_gram(

[2024-05-22T00:28:13.739+0000] {warnings.py:109} WARNING - /home/***/.local/lib/python3.8/site-packages/sklearn/linear_model/_coordinate_descent.py:614: ConvergenceWarning: Objective did not converge. You might want to increase the number of iterations. Duality gap: 0.12166145253363658, tolerance: 0.000298807947019867
  model = cd_fast.enet_coordinate_descent_gram(

[2024-05-22T00:28:13.994+0000] {warnings.py:109} WARNING - /home/***/.local/lib/python3.8/site-packages/sklearn/linear_model/_coordinate_descent.py:614: ConvergenceWarning: Objective did not converge. You might want to increase the number of iterations. Duality gap: 0.12971551098874712, tolerance: 0.000298807947019867
  model = cd_fast.enet_coordinate_descent_gram(

[2024-05-22T00:28:14.208+0000] {warnings.py:109} WARNING - /home/***/.local/lib/python3.8/site-packages/sklearn/linear_model/_coordinate_descent.py:614: ConvergenceWarning: Objective did not converge. You might want to increase the number of iterations. Duality gap: 0.13342405063400964, tolerance: 0.000298807947019867
  model = cd_fast.enet_coordinate_descent_gram(

[2024-05-22T00:28:14.464+0000] {warnings.py:109} WARNING - /home/***/.local/lib/python3.8/site-packages/sklearn/linear_model/_coordinate_descent.py:614: ConvergenceWarning: Objective did not converge. You might want to increase the number of iterations. Duality gap: 0.13372283808624164, tolerance: 0.000298807947019867
  model = cd_fast.enet_coordinate_descent_gram(

[2024-05-22T00:28:14.665+0000] {warnings.py:109} WARNING - /home/***/.local/lib/python3.8/site-packages/sklearn/linear_model/_coordinate_descent.py:614: ConvergenceWarning: Objective did not converge. You might want to increase the number of iterations. Duality gap: 0.13185801202520087, tolerance: 0.000298807947019867
  model = cd_fast.enet_coordinate_descent_gram(

[2024-05-22T00:28:14.860+0000] {warnings.py:109} WARNING - /home/***/.local/lib/python3.8/site-packages/sklearn/linear_model/_coordinate_descent.py:614: ConvergenceWarning: Objective did not converge. You might want to increase the number of iterations. Duality gap: 0.13208469561528502, tolerance: 0.000298807947019867
  model = cd_fast.enet_coordinate_descent_gram(

[2024-05-22T00:28:14.997+0000] {warnings.py:109} WARNING - /home/***/.local/lib/python3.8/site-packages/sklearn/linear_model/_coordinate_descent.py:614: ConvergenceWarning: Objective did not converge. You might want to increase the number of iterations. Duality gap: 0.165464755931077, tolerance: 0.000298807947019867
  model = cd_fast.enet_coordinate_descent_gram(

[2024-05-22T00:28:16.049+0000] {warnings.py:109} WARNING - /home/***/.local/lib/python3.8/site-packages/sklearn/linear_model/_coordinate_descent.py:614: ConvergenceWarning: Objective did not converge. You might want to increase the number of iterations. Duality gap: 0.0005959240732753557, tolerance: 0.00029880952380952254
  model = cd_fast.enet_coordinate_descent_gram(

[2024-05-22T00:28:16.234+0000] {warnings.py:109} WARNING - /home/***/.local/lib/python3.8/site-packages/sklearn/linear_model/_coordinate_descent.py:614: ConvergenceWarning: Objective did not converge. You might want to increase the number of iterations. Duality gap: 0.0009647128734799892, tolerance: 0.00029880952380952254
  model = cd_fast.enet_coordinate_descent_gram(

[2024-05-22T00:28:16.855+0000] {warnings.py:109} WARNING - /home/***/.local/lib/python3.8/site-packages/sklearn/linear_model/_coordinate_descent.py:614: ConvergenceWarning: Objective did not converge. You might want to increase the number of iterations. Duality gap: 0.0006980080249747722, tolerance: 0.00029880952380952254
  model = cd_fast.enet_coordinate_descent_gram(

[2024-05-22T00:28:17.030+0000] {warnings.py:109} WARNING - /home/***/.local/lib/python3.8/site-packages/sklearn/linear_model/_coordinate_descent.py:614: ConvergenceWarning: Objective did not converge. You might want to increase the number of iterations. Duality gap: 0.001103860427351222, tolerance: 0.00029880952380952254
  model = cd_fast.enet_coordinate_descent_gram(

[2024-05-22T00:28:17.197+0000] {warnings.py:109} WARNING - /home/***/.local/lib/python3.8/site-packages/sklearn/linear_model/_coordinate_descent.py:614: ConvergenceWarning: Objective did not converge. You might want to increase the number of iterations. Duality gap: 0.0013528410089906906, tolerance: 0.00029880952380952254
  model = cd_fast.enet_coordinate_descent_gram(

[2024-05-22T00:28:17.365+0000] {warnings.py:109} WARNING - /home/***/.local/lib/python3.8/site-packages/sklearn/linear_model/_coordinate_descent.py:614: ConvergenceWarning: Objective did not converge. You might want to increase the number of iterations. Duality gap: 0.0013884667358237124, tolerance: 0.00029880952380952254
  model = cd_fast.enet_coordinate_descent_gram(

[2024-05-22T00:28:17.888+0000] {warnings.py:109} WARNING - /home/***/.local/lib/python3.8/site-packages/sklearn/linear_model/_coordinate_descent.py:614: ConvergenceWarning: Objective did not converge. You might want to increase the number of iterations. Duality gap: 0.0006926955866783935, tolerance: 0.00029880952380952254
  model = cd_fast.enet_coordinate_descent_gram(

[2024-05-22T00:28:17.982+0000] {warnings.py:109} WARNING - /home/***/.local/lib/python3.8/site-packages/sklearn/linear_model/_coordinate_descent.py:614: ConvergenceWarning: Objective did not converge. You might want to increase the number of iterations. Duality gap: 0.0011290847864628972, tolerance: 0.00029880952380952254
  model = cd_fast.enet_coordinate_descent_gram(

[2024-05-22T00:28:18.118+0000] {warnings.py:109} WARNING - /home/***/.local/lib/python3.8/site-packages/sklearn/linear_model/_coordinate_descent.py:614: ConvergenceWarning: Objective did not converge. You might want to increase the number of iterations. Duality gap: 0.006176692284994623, tolerance: 0.00029880952380952254
  model = cd_fast.enet_coordinate_descent_gram(

[2024-05-22T00:28:18.247+0000] {warnings.py:109} WARNING - /home/***/.local/lib/python3.8/site-packages/sklearn/linear_model/_coordinate_descent.py:614: ConvergenceWarning: Objective did not converge. You might want to increase the number of iterations. Duality gap: 0.0012368566251264035, tolerance: 0.00029880952380952254
  model = cd_fast.enet_coordinate_descent_gram(

[2024-05-22T00:28:18.376+0000] {warnings.py:109} WARNING - /home/***/.local/lib/python3.8/site-packages/sklearn/linear_model/_coordinate_descent.py:614: ConvergenceWarning: Objective did not converge. You might want to increase the number of iterations. Duality gap: 0.0011350499165594385, tolerance: 0.00029880952380952254
  model = cd_fast.enet_coordinate_descent_gram(

[2024-05-22T00:28:18.496+0000] {warnings.py:109} WARNING - /home/***/.local/lib/python3.8/site-packages/sklearn/linear_model/_coordinate_descent.py:614: ConvergenceWarning: Objective did not converge. You might want to increase the number of iterations. Duality gap: 0.0008298045438861479, tolerance: 0.00029880952380952254
  model = cd_fast.enet_coordinate_descent_gram(

[2024-05-22T00:28:18.592+0000] {warnings.py:109} WARNING - /home/***/.local/lib/python3.8/site-packages/sklearn/linear_model/_coordinate_descent.py:614: ConvergenceWarning: Objective did not converge. You might want to increase the number of iterations. Duality gap: 0.0008994592121362999, tolerance: 0.00029880952380952254
  model = cd_fast.enet_coordinate_descent_gram(

[2024-05-22T00:28:18.730+0000] {warnings.py:109} WARNING - /home/***/.local/lib/python3.8/site-packages/sklearn/linear_model/_coordinate_descent.py:614: ConvergenceWarning: Objective did not converge. You might want to increase the number of iterations. Duality gap: 0.0012303071404713428, tolerance: 0.00029880952380952254
  model = cd_fast.enet_coordinate_descent_gram(

[2024-05-22T00:28:18.830+0000] {warnings.py:109} WARNING - /home/***/.local/lib/python3.8/site-packages/sklearn/linear_model/_coordinate_descent.py:614: ConvergenceWarning: Objective did not converge. You might want to increase the number of iterations. Duality gap: 0.0015984493862846172, tolerance: 0.00029880952380952254
  model = cd_fast.enet_coordinate_descent_gram(

[2024-05-22T00:28:19.032+0000] {warnings.py:109} WARNING - /home/***/.local/lib/python3.8/site-packages/sklearn/linear_model/_coordinate_descent.py:614: ConvergenceWarning: Objective did not converge. You might want to increase the number of iterations. Duality gap: 0.001258094259567688, tolerance: 0.00029880952380952254
  model = cd_fast.enet_coordinate_descent_gram(

[2024-05-22T00:28:19.288+0000] {warnings.py:109} WARNING - /home/***/.local/lib/python3.8/site-packages/sklearn/linear_model/_coordinate_descent.py:614: ConvergenceWarning: Objective did not converge. You might want to increase the number of iterations. Duality gap: 0.001403861867231626, tolerance: 0.00029880952380952254
  model = cd_fast.enet_coordinate_descent_gram(

[2024-05-22T00:28:19.460+0000] {warnings.py:109} WARNING - /home/***/.local/lib/python3.8/site-packages/sklearn/linear_model/_coordinate_descent.py:614: ConvergenceWarning: Objective did not converge. You might want to increase the number of iterations. Duality gap: 0.008636235033149475, tolerance: 0.00029880952380952254
  model = cd_fast.enet_coordinate_descent_gram(

[2024-05-22T00:28:19.710+0000] {warnings.py:109} WARNING - /home/***/.local/lib/python3.8/site-packages/sklearn/linear_model/_coordinate_descent.py:614: ConvergenceWarning: Objective did not converge. You might want to increase the number of iterations. Duality gap: 0.018605357921984922, tolerance: 0.00029880952380952254
  model = cd_fast.enet_coordinate_descent_gram(

[2024-05-22T00:28:19.849+0000] {warnings.py:109} WARNING - /home/***/.local/lib/python3.8/site-packages/sklearn/linear_model/_coordinate_descent.py:614: ConvergenceWarning: Objective did not converge. You might want to increase the number of iterations. Duality gap: 0.03064360751819417, tolerance: 0.00029880952380952254
  model = cd_fast.enet_coordinate_descent_gram(

[2024-05-22T00:28:19.969+0000] {warnings.py:109} WARNING - /home/***/.local/lib/python3.8/site-packages/sklearn/linear_model/_coordinate_descent.py:614: ConvergenceWarning: Objective did not converge. You might want to increase the number of iterations. Duality gap: 0.039655112781791235, tolerance: 0.00029880952380952254
  model = cd_fast.enet_coordinate_descent_gram(

[2024-05-22T00:28:20.247+0000] {warnings.py:109} WARNING - /home/***/.local/lib/python3.8/site-packages/sklearn/linear_model/_coordinate_descent.py:614: ConvergenceWarning: Objective did not converge. You might want to increase the number of iterations. Duality gap: 0.04620539326349382, tolerance: 0.00029880952380952254
  model = cd_fast.enet_coordinate_descent_gram(

[2024-05-22T00:28:20.379+0000] {warnings.py:109} WARNING - /home/***/.local/lib/python3.8/site-packages/sklearn/linear_model/_coordinate_descent.py:614: ConvergenceWarning: Objective did not converge. You might want to increase the number of iterations. Duality gap: 0.04393804173890503, tolerance: 0.00029880952380952254
  model = cd_fast.enet_coordinate_descent_gram(

[2024-05-22T00:28:20.533+0000] {warnings.py:109} WARNING - /home/***/.local/lib/python3.8/site-packages/sklearn/linear_model/_coordinate_descent.py:614: ConvergenceWarning: Objective did not converge. You might want to increase the number of iterations. Duality gap: 0.03994225823042541, tolerance: 0.00029880952380952254
  model = cd_fast.enet_coordinate_descent_gram(

[2024-05-22T00:28:20.704+0000] {warnings.py:109} WARNING - /home/***/.local/lib/python3.8/site-packages/sklearn/linear_model/_coordinate_descent.py:614: ConvergenceWarning: Objective did not converge. You might want to increase the number of iterations. Duality gap: 0.03590999387164118, tolerance: 0.00029880952380952254
  model = cd_fast.enet_coordinate_descent_gram(

[2024-05-22T00:28:20.952+0000] {warnings.py:109} WARNING - /home/***/.local/lib/python3.8/site-packages/sklearn/linear_model/_coordinate_descent.py:614: ConvergenceWarning: Objective did not converge. You might want to increase the number of iterations. Duality gap: 0.0316669712865969, tolerance: 0.00029880952380952254
  model = cd_fast.enet_coordinate_descent_gram(

[2024-05-22T00:28:21.196+0000] {warnings.py:109} WARNING - /home/***/.local/lib/python3.8/site-packages/sklearn/linear_model/_coordinate_descent.py:614: ConvergenceWarning: Objective did not converge. You might want to increase the number of iterations. Duality gap: 0.026802511283835928, tolerance: 0.00029880952380952254
  model = cd_fast.enet_coordinate_descent_gram(

[2024-05-22T00:28:21.410+0000] {warnings.py:109} WARNING - /home/***/.local/lib/python3.8/site-packages/sklearn/linear_model/_coordinate_descent.py:614: ConvergenceWarning: Objective did not converge. You might want to increase the number of iterations. Duality gap: 0.022412060914495324, tolerance: 0.00029880952380952254
  model = cd_fast.enet_coordinate_descent_gram(

[2024-05-22T00:28:21.631+0000] {warnings.py:109} WARNING - /home/***/.local/lib/python3.8/site-packages/sklearn/linear_model/_coordinate_descent.py:614: ConvergenceWarning: Objective did not converge. You might want to increase the number of iterations. Duality gap: 0.023393744519289106, tolerance: 0.00029880952380952254
  model = cd_fast.enet_coordinate_descent_gram(

[2024-05-22T00:28:21.792+0000] {warnings.py:109} WARNING - /home/***/.local/lib/python3.8/site-packages/sklearn/linear_model/_coordinate_descent.py:614: ConvergenceWarning: Objective did not converge. You might want to increase the number of iterations. Duality gap: 0.029561117060862063, tolerance: 0.00029880952380952254
  model = cd_fast.enet_coordinate_descent_gram(

[2024-05-22T00:28:21.970+0000] {warnings.py:109} WARNING - /home/***/.local/lib/python3.8/site-packages/sklearn/linear_model/_coordinate_descent.py:614: ConvergenceWarning: Objective did not converge. You might want to increase the number of iterations. Duality gap: 0.04639899678640913, tolerance: 0.00029880952380952254
  model = cd_fast.enet_coordinate_descent_gram(

[2024-05-22T00:28:22.228+0000] {warnings.py:109} WARNING - /home/***/.local/lib/python3.8/site-packages/sklearn/linear_model/_coordinate_descent.py:614: ConvergenceWarning: Objective did not converge. You might want to increase the number of iterations. Duality gap: 0.06399837615767368, tolerance: 0.00029880952380952254
  model = cd_fast.enet_coordinate_descent_gram(

[2024-05-22T00:28:22.481+0000] {warnings.py:109} WARNING - /home/***/.local/lib/python3.8/site-packages/sklearn/linear_model/_coordinate_descent.py:614: ConvergenceWarning: Objective did not converge. You might want to increase the number of iterations. Duality gap: 0.08012198978885121, tolerance: 0.00029880952380952254
  model = cd_fast.enet_coordinate_descent_gram(

[2024-05-22T00:28:22.659+0000] {warnings.py:109} WARNING - /home/***/.local/lib/python3.8/site-packages/sklearn/linear_model/_coordinate_descent.py:614: ConvergenceWarning: Objective did not converge. You might want to increase the number of iterations. Duality gap: 0.09818665377124902, tolerance: 0.00029880952380952254
  model = cd_fast.enet_coordinate_descent_gram(

[2024-05-22T00:28:22.872+0000] {warnings.py:109} WARNING - /home/***/.local/lib/python3.8/site-packages/sklearn/linear_model/_coordinate_descent.py:614: ConvergenceWarning: Objective did not converge. You might want to increase the number of iterations. Duality gap: 0.11628463180121562, tolerance: 0.00029880952380952254
  model = cd_fast.enet_coordinate_descent_gram(

[2024-05-22T00:28:23.063+0000] {warnings.py:109} WARNING - /home/***/.local/lib/python3.8/site-packages/sklearn/linear_model/_coordinate_descent.py:614: ConvergenceWarning: Objective did not converge. You might want to increase the number of iterations. Duality gap: 0.13376451343444007, tolerance: 0.00029880952380952254
  model = cd_fast.enet_coordinate_descent_gram(

[2024-05-22T00:28:23.309+0000] {warnings.py:109} WARNING - /home/***/.local/lib/python3.8/site-packages/sklearn/linear_model/_coordinate_descent.py:614: ConvergenceWarning: Objective did not converge. You might want to increase the number of iterations. Duality gap: 0.15076936697145582, tolerance: 0.00029880952380952254
  model = cd_fast.enet_coordinate_descent_gram(

[2024-05-22T00:28:23.723+0000] {python.py:194} INFO - Done. Returned value was: None
[2024-05-22T00:28:23.757+0000] {taskinstance.py:1400} INFO - Marking task as SUCCESS. dag_id=fraud_bitcoin, task_id=load_and_prepare_data, execution_date=20240521T000000, start_date=20240522T002727, end_date=20240522T002823
[2024-05-22T00:28:23.857+0000] {local_task_job_runner.py:228} INFO - Task exited with return code 0
[2024-05-22T00:28:24.065+0000] {taskinstance.py:2778} INFO - 5 downstream tasks scheduled from follow-on schedule check
