[2024-05-22T00:09:04.115+0000] {taskinstance.py:1159} INFO - Dependencies all met for dep_context=non-requeueable deps ti=<TaskInstance: fraud_bitcoin.load_and_prepare_data scheduled__2024-05-21T00:00:00+00:00 [queued]>
[2024-05-22T00:09:04.122+0000] {taskinstance.py:1159} INFO - Dependencies all met for dep_context=requeueable deps ti=<TaskInstance: fraud_bitcoin.load_and_prepare_data scheduled__2024-05-21T00:00:00+00:00 [queued]>
[2024-05-22T00:09:04.122+0000] {taskinstance.py:1361} INFO - Starting attempt 2 of 2
[2024-05-22T00:09:04.130+0000] {taskinstance.py:1382} INFO - Executing <Task(PythonOperator): load_and_prepare_data> on 2024-05-21 00:00:00+00:00
[2024-05-22T00:09:04.147+0000] {standard_task_runner.py:57} INFO - Started process 3566 to run task
[2024-05-22T00:09:04.152+0000] {standard_task_runner.py:84} INFO - Running: ['***', 'tasks', 'run', 'fraud_bitcoin', 'load_and_prepare_data', 'scheduled__2024-05-21T00:00:00+00:00', '--job-id', '373', '--raw', '--subdir', 'DAGS_FOLDER/fraud.py', '--cfg-path', '/tmp/tmp3gp43ygx']
[2024-05-22T00:09:04.156+0000] {standard_task_runner.py:85} INFO - Job 373: Subtask load_and_prepare_data
[2024-05-22T00:09:04.233+0000] {task_command.py:416} INFO - Running <TaskInstance: fraud_bitcoin.load_and_prepare_data scheduled__2024-05-21T00:00:00+00:00 [running]> on host 66abfe055500
[2024-05-22T00:09:04.294+0000] {taskinstance.py:1662} INFO - Exporting env vars: AIRFLOW_CTX_DAG_OWNER='***' AIRFLOW_CTX_DAG_ID='fraud_bitcoin' AIRFLOW_CTX_TASK_ID='load_and_prepare_data' AIRFLOW_CTX_EXECUTION_DATE='2024-05-21T00:00:00+00:00' AIRFLOW_CTX_TRY_NUMBER='2' AIRFLOW_CTX_DAG_RUN_ID='scheduled__2024-05-21T00:00:00+00:00'
[2024-05-22T00:09:05.865+0000] {warnings.py:109} WARNING - /home/***/.local/lib/python3.8/site-packages/sklearn/linear_model/_coordinate_descent.py:614: ConvergenceWarning: Objective did not converge. You might want to increase the number of iterations. Duality gap: 0.0003109234027185437, tolerance: 0.0002988079470198671
  model = cd_fast.enet_coordinate_descent_gram(

[2024-05-22T00:09:06.485+0000] {warnings.py:109} WARNING - /home/***/.local/lib/python3.8/site-packages/sklearn/linear_model/_coordinate_descent.py:614: ConvergenceWarning: Objective did not converge. You might want to increase the number of iterations. Duality gap: 0.0007373463163005134, tolerance: 0.0002988079470198671
  model = cd_fast.enet_coordinate_descent_gram(

[2024-05-22T00:09:06.555+0000] {warnings.py:109} WARNING - /home/***/.local/lib/python3.8/site-packages/sklearn/linear_model/_coordinate_descent.py:614: ConvergenceWarning: Objective did not converge. You might want to increase the number of iterations. Duality gap: 0.0012624580457596402, tolerance: 0.0002988079470198671
  model = cd_fast.enet_coordinate_descent_gram(

[2024-05-22T00:09:06.663+0000] {warnings.py:109} WARNING - /home/***/.local/lib/python3.8/site-packages/sklearn/linear_model/_coordinate_descent.py:614: ConvergenceWarning: Objective did not converge. You might want to increase the number of iterations. Duality gap: 0.0012316136421057777, tolerance: 0.0002988079470198671
  model = cd_fast.enet_coordinate_descent_gram(

[2024-05-22T00:09:06.780+0000] {warnings.py:109} WARNING - /home/***/.local/lib/python3.8/site-packages/sklearn/linear_model/_coordinate_descent.py:614: ConvergenceWarning: Objective did not converge. You might want to increase the number of iterations. Duality gap: 0.0015583290493590418, tolerance: 0.0002988079470198671
  model = cd_fast.enet_coordinate_descent_gram(

[2024-05-22T00:09:06.838+0000] {warnings.py:109} WARNING - /home/***/.local/lib/python3.8/site-packages/sklearn/linear_model/_coordinate_descent.py:614: ConvergenceWarning: Objective did not converge. You might want to increase the number of iterations. Duality gap: 0.0016521995461515893, tolerance: 0.0002988079470198671
  model = cd_fast.enet_coordinate_descent_gram(

[2024-05-22T00:09:06.994+0000] {warnings.py:109} WARNING - /home/***/.local/lib/python3.8/site-packages/sklearn/linear_model/_coordinate_descent.py:614: ConvergenceWarning: Objective did not converge. You might want to increase the number of iterations. Duality gap: 0.0014651271420118572, tolerance: 0.0002988079470198671
  model = cd_fast.enet_coordinate_descent_gram(

[2024-05-22T00:09:07.073+0000] {warnings.py:109} WARNING - /home/***/.local/lib/python3.8/site-packages/sklearn/linear_model/_coordinate_descent.py:614: ConvergenceWarning: Objective did not converge. You might want to increase the number of iterations. Duality gap: 0.001978832416819065, tolerance: 0.0002988079470198671
  model = cd_fast.enet_coordinate_descent_gram(

[2024-05-22T00:09:07.137+0000] {warnings.py:109} WARNING - /home/***/.local/lib/python3.8/site-packages/sklearn/linear_model/_coordinate_descent.py:614: ConvergenceWarning: Objective did not converge. You might want to increase the number of iterations. Duality gap: 0.010335938992067195, tolerance: 0.0002988079470198671
  model = cd_fast.enet_coordinate_descent_gram(

[2024-05-22T00:09:07.323+0000] {warnings.py:109} WARNING - /home/***/.local/lib/python3.8/site-packages/sklearn/linear_model/_coordinate_descent.py:614: ConvergenceWarning: Objective did not converge. You might want to increase the number of iterations. Duality gap: 0.014935209820374551, tolerance: 0.0002988079470198671
  model = cd_fast.enet_coordinate_descent_gram(

[2024-05-22T00:09:07.497+0000] {warnings.py:109} WARNING - /home/***/.local/lib/python3.8/site-packages/sklearn/linear_model/_coordinate_descent.py:614: ConvergenceWarning: Objective did not converge. You might want to increase the number of iterations. Duality gap: 0.016539170343639054, tolerance: 0.0002988079470198671
  model = cd_fast.enet_coordinate_descent_gram(

[2024-05-22T00:09:07.636+0000] {warnings.py:109} WARNING - /home/***/.local/lib/python3.8/site-packages/sklearn/linear_model/_coordinate_descent.py:614: ConvergenceWarning: Objective did not converge. You might want to increase the number of iterations. Duality gap: 0.017086448614088035, tolerance: 0.0002988079470198671
  model = cd_fast.enet_coordinate_descent_gram(

[2024-05-22T00:09:07.752+0000] {warnings.py:109} WARNING - /home/***/.local/lib/python3.8/site-packages/sklearn/linear_model/_coordinate_descent.py:614: ConvergenceWarning: Objective did not converge. You might want to increase the number of iterations. Duality gap: 0.016034928345769695, tolerance: 0.0002988079470198671
  model = cd_fast.enet_coordinate_descent_gram(

[2024-05-22T00:09:07.810+0000] {warnings.py:109} WARNING - /home/***/.local/lib/python3.8/site-packages/sklearn/linear_model/_coordinate_descent.py:614: ConvergenceWarning: Objective did not converge. You might want to increase the number of iterations. Duality gap: 0.017345787301003, tolerance: 0.0002988079470198671
  model = cd_fast.enet_coordinate_descent_gram(

[2024-05-22T00:09:07.907+0000] {warnings.py:109} WARNING - /home/***/.local/lib/python3.8/site-packages/sklearn/linear_model/_coordinate_descent.py:614: ConvergenceWarning: Objective did not converge. You might want to increase the number of iterations. Duality gap: 0.01687621582914578, tolerance: 0.0002988079470198671
  model = cd_fast.enet_coordinate_descent_gram(

[2024-05-22T00:09:08.000+0000] {warnings.py:109} WARNING - /home/***/.local/lib/python3.8/site-packages/sklearn/linear_model/_coordinate_descent.py:614: ConvergenceWarning: Objective did not converge. You might want to increase the number of iterations. Duality gap: 0.017344442149732853, tolerance: 0.0002988079470198671
  model = cd_fast.enet_coordinate_descent_gram(

[2024-05-22T00:09:08.111+0000] {warnings.py:109} WARNING - /home/***/.local/lib/python3.8/site-packages/sklearn/linear_model/_coordinate_descent.py:614: ConvergenceWarning: Objective did not converge. You might want to increase the number of iterations. Duality gap: 0.017395312841832933, tolerance: 0.0002988079470198671
  model = cd_fast.enet_coordinate_descent_gram(

[2024-05-22T00:09:08.289+0000] {warnings.py:109} WARNING - /home/***/.local/lib/python3.8/site-packages/sklearn/linear_model/_coordinate_descent.py:614: ConvergenceWarning: Objective did not converge. You might want to increase the number of iterations. Duality gap: 0.017278657384348417, tolerance: 0.0002988079470198671
  model = cd_fast.enet_coordinate_descent_gram(

[2024-05-22T00:09:08.407+0000] {warnings.py:109} WARNING - /home/***/.local/lib/python3.8/site-packages/sklearn/linear_model/_coordinate_descent.py:614: ConvergenceWarning: Objective did not converge. You might want to increase the number of iterations. Duality gap: 0.016989729071983373, tolerance: 0.0002988079470198671
  model = cd_fast.enet_coordinate_descent_gram(

[2024-05-22T00:09:08.616+0000] {warnings.py:109} WARNING - /home/***/.local/lib/python3.8/site-packages/sklearn/linear_model/_coordinate_descent.py:614: ConvergenceWarning: Objective did not converge. You might want to increase the number of iterations. Duality gap: 0.018528147836587294, tolerance: 0.0002988079470198671
  model = cd_fast.enet_coordinate_descent_gram(

[2024-05-22T00:09:08.709+0000] {warnings.py:109} WARNING - /home/***/.local/lib/python3.8/site-packages/sklearn/linear_model/_coordinate_descent.py:614: ConvergenceWarning: Objective did not converge. You might want to increase the number of iterations. Duality gap: 0.019383531047422187, tolerance: 0.0002988079470198671
  model = cd_fast.enet_coordinate_descent_gram(

[2024-05-22T00:09:08.790+0000] {warnings.py:109} WARNING - /home/***/.local/lib/python3.8/site-packages/sklearn/linear_model/_coordinate_descent.py:614: ConvergenceWarning: Objective did not converge. You might want to increase the number of iterations. Duality gap: 0.019514550766245753, tolerance: 0.0002988079470198671
  model = cd_fast.enet_coordinate_descent_gram(

[2024-05-22T00:09:08.859+0000] {warnings.py:109} WARNING - /home/***/.local/lib/python3.8/site-packages/sklearn/linear_model/_coordinate_descent.py:614: ConvergenceWarning: Objective did not converge. You might want to increase the number of iterations. Duality gap: 0.019802586285350587, tolerance: 0.0002988079470198671
  model = cd_fast.enet_coordinate_descent_gram(

[2024-05-22T00:09:09.007+0000] {warnings.py:109} WARNING - /home/***/.local/lib/python3.8/site-packages/sklearn/linear_model/_coordinate_descent.py:614: ConvergenceWarning: Objective did not converge. You might want to increase the number of iterations. Duality gap: 0.019734948639244854, tolerance: 0.0002988079470198671
  model = cd_fast.enet_coordinate_descent_gram(

[2024-05-22T00:09:09.139+0000] {warnings.py:109} WARNING - /home/***/.local/lib/python3.8/site-packages/sklearn/linear_model/_coordinate_descent.py:614: ConvergenceWarning: Objective did not converge. You might want to increase the number of iterations. Duality gap: 0.019295646841597458, tolerance: 0.0002988079470198671
  model = cd_fast.enet_coordinate_descent_gram(

[2024-05-22T00:09:09.285+0000] {warnings.py:109} WARNING - /home/***/.local/lib/python3.8/site-packages/sklearn/linear_model/_coordinate_descent.py:614: ConvergenceWarning: Objective did not converge. You might want to increase the number of iterations. Duality gap: 0.021727844889072756, tolerance: 0.0002988079470198671
  model = cd_fast.enet_coordinate_descent_gram(

[2024-05-22T00:09:09.434+0000] {warnings.py:109} WARNING - /home/***/.local/lib/python3.8/site-packages/sklearn/linear_model/_coordinate_descent.py:614: ConvergenceWarning: Objective did not converge. You might want to increase the number of iterations. Duality gap: 0.031097015937506578, tolerance: 0.0002988079470198671
  model = cd_fast.enet_coordinate_descent_gram(

[2024-05-22T00:09:09.531+0000] {warnings.py:109} WARNING - /home/***/.local/lib/python3.8/site-packages/sklearn/linear_model/_coordinate_descent.py:614: ConvergenceWarning: Objective did not converge. You might want to increase the number of iterations. Duality gap: 0.02332600835243026, tolerance: 0.0002988079470198671
  model = cd_fast.enet_coordinate_descent_gram(

[2024-05-22T00:09:09.666+0000] {warnings.py:109} WARNING - /home/***/.local/lib/python3.8/site-packages/sklearn/linear_model/_coordinate_descent.py:614: ConvergenceWarning: Objective did not converge. You might want to increase the number of iterations. Duality gap: 0.023585688052035758, tolerance: 0.0002988079470198671
  model = cd_fast.enet_coordinate_descent_gram(

[2024-05-22T00:09:09.840+0000] {warnings.py:109} WARNING - /home/***/.local/lib/python3.8/site-packages/sklearn/linear_model/_coordinate_descent.py:614: ConvergenceWarning: Objective did not converge. You might want to increase the number of iterations. Duality gap: 0.026846299693671805, tolerance: 0.0002988079470198671
  model = cd_fast.enet_coordinate_descent_gram(

[2024-05-22T00:09:09.974+0000] {warnings.py:109} WARNING - /home/***/.local/lib/python3.8/site-packages/sklearn/linear_model/_coordinate_descent.py:614: ConvergenceWarning: Objective did not converge. You might want to increase the number of iterations. Duality gap: 0.038949656884746275, tolerance: 0.0002988079470198671
  model = cd_fast.enet_coordinate_descent_gram(

[2024-05-22T00:09:10.116+0000] {warnings.py:109} WARNING - /home/***/.local/lib/python3.8/site-packages/sklearn/linear_model/_coordinate_descent.py:614: ConvergenceWarning: Objective did not converge. You might want to increase the number of iterations. Duality gap: 0.050902302290140033, tolerance: 0.0002988079470198671
  model = cd_fast.enet_coordinate_descent_gram(

[2024-05-22T00:09:10.251+0000] {warnings.py:109} WARNING - /home/***/.local/lib/python3.8/site-packages/sklearn/linear_model/_coordinate_descent.py:614: ConvergenceWarning: Objective did not converge. You might want to increase the number of iterations. Duality gap: 0.05569383679139617, tolerance: 0.0002988079470198671
  model = cd_fast.enet_coordinate_descent_gram(

[2024-05-22T00:09:10.442+0000] {warnings.py:109} WARNING - /home/***/.local/lib/python3.8/site-packages/sklearn/linear_model/_coordinate_descent.py:614: ConvergenceWarning: Objective did not converge. You might want to increase the number of iterations. Duality gap: 0.06370949930917225, tolerance: 0.0002988079470198671
  model = cd_fast.enet_coordinate_descent_gram(

[2024-05-22T00:09:10.613+0000] {warnings.py:109} WARNING - /home/***/.local/lib/python3.8/site-packages/sklearn/linear_model/_coordinate_descent.py:614: ConvergenceWarning: Objective did not converge. You might want to increase the number of iterations. Duality gap: 0.07818034839090049, tolerance: 0.0002988079470198671
  model = cd_fast.enet_coordinate_descent_gram(

[2024-05-22T00:09:10.761+0000] {warnings.py:109} WARNING - /home/***/.local/lib/python3.8/site-packages/sklearn/linear_model/_coordinate_descent.py:614: ConvergenceWarning: Objective did not converge. You might want to increase the number of iterations. Duality gap: 0.08926634371536801, tolerance: 0.0002988079470198671
  model = cd_fast.enet_coordinate_descent_gram(

[2024-05-22T00:09:10.968+0000] {warnings.py:109} WARNING - /home/***/.local/lib/python3.8/site-packages/sklearn/linear_model/_coordinate_descent.py:614: ConvergenceWarning: Objective did not converge. You might want to increase the number of iterations. Duality gap: 0.09195758584893143, tolerance: 0.0002988079470198671
  model = cd_fast.enet_coordinate_descent_gram(

[2024-05-22T00:09:11.183+0000] {warnings.py:109} WARNING - /home/***/.local/lib/python3.8/site-packages/sklearn/linear_model/_coordinate_descent.py:614: ConvergenceWarning: Objective did not converge. You might want to increase the number of iterations. Duality gap: 0.08786408835563231, tolerance: 0.0002988079470198671
  model = cd_fast.enet_coordinate_descent_gram(

[2024-05-22T00:09:11.391+0000] {warnings.py:109} WARNING - /home/***/.local/lib/python3.8/site-packages/sklearn/linear_model/_coordinate_descent.py:614: ConvergenceWarning: Objective did not converge. You might want to increase the number of iterations. Duality gap: 0.08506983337242935, tolerance: 0.0002988079470198671
  model = cd_fast.enet_coordinate_descent_gram(

[2024-05-22T00:09:11.541+0000] {warnings.py:109} WARNING - /home/***/.local/lib/python3.8/site-packages/sklearn/linear_model/_coordinate_descent.py:614: ConvergenceWarning: Objective did not converge. You might want to increase the number of iterations. Duality gap: 0.09343999798653901, tolerance: 0.0002988079470198671
  model = cd_fast.enet_coordinate_descent_gram(

[2024-05-22T00:09:11.664+0000] {warnings.py:109} WARNING - /home/***/.local/lib/python3.8/site-packages/sklearn/linear_model/_coordinate_descent.py:614: ConvergenceWarning: Objective did not converge. You might want to increase the number of iterations. Duality gap: 0.07963892755252, tolerance: 0.0002988079470198671
  model = cd_fast.enet_coordinate_descent_gram(

[2024-05-22T00:09:11.940+0000] {warnings.py:109} WARNING - /home/***/.local/lib/python3.8/site-packages/sklearn/linear_model/_coordinate_descent.py:614: ConvergenceWarning: Objective did not converge. You might want to increase the number of iterations. Duality gap: 0.09335797778882626, tolerance: 0.0002988079470198671
  model = cd_fast.enet_coordinate_descent_gram(

[2024-05-22T00:09:12.142+0000] {warnings.py:109} WARNING - /home/***/.local/lib/python3.8/site-packages/sklearn/linear_model/_coordinate_descent.py:614: ConvergenceWarning: Objective did not converge. You might want to increase the number of iterations. Duality gap: 0.12470892347786755, tolerance: 0.0002988079470198671
  model = cd_fast.enet_coordinate_descent_gram(

[2024-05-22T00:09:12.321+0000] {warnings.py:109} WARNING - /home/***/.local/lib/python3.8/site-packages/sklearn/linear_model/_coordinate_descent.py:614: ConvergenceWarning: Objective did not converge. You might want to increase the number of iterations. Duality gap: 0.15448807103565088, tolerance: 0.0002988079470198671
  model = cd_fast.enet_coordinate_descent_gram(

[2024-05-22T00:09:14.071+0000] {warnings.py:109} WARNING - /home/***/.local/lib/python3.8/site-packages/sklearn/linear_model/_coordinate_descent.py:614: ConvergenceWarning: Objective did not converge. You might want to increase the number of iterations. Duality gap: 0.0004107808445064087, tolerance: 0.00039788079470198817
  model = cd_fast.enet_coordinate_descent_gram(

[2024-05-22T00:09:14.240+0000] {warnings.py:109} WARNING - /home/***/.local/lib/python3.8/site-packages/sklearn/linear_model/_coordinate_descent.py:614: ConvergenceWarning: Objective did not converge. You might want to increase the number of iterations. Duality gap: 0.0005013221036875848, tolerance: 0.00039788079470198817
  model = cd_fast.enet_coordinate_descent_gram(

[2024-05-22T00:09:14.342+0000] {warnings.py:109} WARNING - /home/***/.local/lib/python3.8/site-packages/sklearn/linear_model/_coordinate_descent.py:614: ConvergenceWarning: Objective did not converge. You might want to increase the number of iterations. Duality gap: 0.0005106449491041332, tolerance: 0.00039788079470198817
  model = cd_fast.enet_coordinate_descent_gram(

[2024-05-22T00:09:14.478+0000] {warnings.py:109} WARNING - /home/***/.local/lib/python3.8/site-packages/sklearn/linear_model/_coordinate_descent.py:614: ConvergenceWarning: Objective did not converge. You might want to increase the number of iterations. Duality gap: 0.0005033732808001901, tolerance: 0.00039788079470198817
  model = cd_fast.enet_coordinate_descent_gram(

[2024-05-22T00:09:14.648+0000] {warnings.py:109} WARNING - /home/***/.local/lib/python3.8/site-packages/sklearn/linear_model/_coordinate_descent.py:614: ConvergenceWarning: Objective did not converge. You might want to increase the number of iterations. Duality gap: 0.0005670171935210355, tolerance: 0.00039788079470198817
  model = cd_fast.enet_coordinate_descent_gram(

[2024-05-22T00:09:15.056+0000] {warnings.py:109} WARNING - /home/***/.local/lib/python3.8/site-packages/sklearn/linear_model/_coordinate_descent.py:614: ConvergenceWarning: Objective did not converge. You might want to increase the number of iterations. Duality gap: 0.0005945067030106443, tolerance: 0.00039788079470198817
  model = cd_fast.enet_coordinate_descent_gram(

[2024-05-22T00:09:15.287+0000] {warnings.py:109} WARNING - /home/***/.local/lib/python3.8/site-packages/sklearn/linear_model/_coordinate_descent.py:614: ConvergenceWarning: Objective did not converge. You might want to increase the number of iterations. Duality gap: 0.0005554440592865362, tolerance: 0.00039788079470198817
  model = cd_fast.enet_coordinate_descent_gram(

[2024-05-22T00:09:15.519+0000] {warnings.py:109} WARNING - /home/***/.local/lib/python3.8/site-packages/sklearn/linear_model/_coordinate_descent.py:614: ConvergenceWarning: Objective did not converge. You might want to increase the number of iterations. Duality gap: 0.0006105709575576768, tolerance: 0.00039788079470198817
  model = cd_fast.enet_coordinate_descent_gram(

[2024-05-22T00:09:15.728+0000] {warnings.py:109} WARNING - /home/***/.local/lib/python3.8/site-packages/sklearn/linear_model/_coordinate_descent.py:614: ConvergenceWarning: Objective did not converge. You might want to increase the number of iterations. Duality gap: 0.0012183574007038622, tolerance: 0.00039788079470198817
  model = cd_fast.enet_coordinate_descent_gram(

[2024-05-22T00:09:15.855+0000] {warnings.py:109} WARNING - /home/***/.local/lib/python3.8/site-packages/sklearn/linear_model/_coordinate_descent.py:614: ConvergenceWarning: Objective did not converge. You might want to increase the number of iterations. Duality gap: 0.005615804737161945, tolerance: 0.00039788079470198817
  model = cd_fast.enet_coordinate_descent_gram(

[2024-05-22T00:09:16.045+0000] {warnings.py:109} WARNING - /home/***/.local/lib/python3.8/site-packages/sklearn/linear_model/_coordinate_descent.py:614: ConvergenceWarning: Objective did not converge. You might want to increase the number of iterations. Duality gap: 0.006850509275524441, tolerance: 0.00039788079470198817
  model = cd_fast.enet_coordinate_descent_gram(

[2024-05-22T00:09:16.193+0000] {warnings.py:109} WARNING - /home/***/.local/lib/python3.8/site-packages/sklearn/linear_model/_coordinate_descent.py:614: ConvergenceWarning: Objective did not converge. You might want to increase the number of iterations. Duality gap: 0.007086307105362621, tolerance: 0.00039788079470198817
  model = cd_fast.enet_coordinate_descent_gram(

[2024-05-22T00:09:16.341+0000] {warnings.py:109} WARNING - /home/***/.local/lib/python3.8/site-packages/sklearn/linear_model/_coordinate_descent.py:614: ConvergenceWarning: Objective did not converge. You might want to increase the number of iterations. Duality gap: 0.006863059432476337, tolerance: 0.00039788079470198817
  model = cd_fast.enet_coordinate_descent_gram(

[2024-05-22T00:09:16.481+0000] {warnings.py:109} WARNING - /home/***/.local/lib/python3.8/site-packages/sklearn/linear_model/_coordinate_descent.py:614: ConvergenceWarning: Objective did not converge. You might want to increase the number of iterations. Duality gap: 0.0068083750839984525, tolerance: 0.00039788079470198817
  model = cd_fast.enet_coordinate_descent_gram(

[2024-05-22T00:09:16.545+0000] {warnings.py:109} WARNING - /home/***/.local/lib/python3.8/site-packages/sklearn/linear_model/_coordinate_descent.py:614: ConvergenceWarning: Objective did not converge. You might want to increase the number of iterations. Duality gap: 0.0066156000736334875, tolerance: 0.00039788079470198817
  model = cd_fast.enet_coordinate_descent_gram(

[2024-05-22T00:09:16.794+0000] {warnings.py:109} WARNING - /home/***/.local/lib/python3.8/site-packages/sklearn/linear_model/_coordinate_descent.py:614: ConvergenceWarning: Objective did not converge. You might want to increase the number of iterations. Duality gap: 0.006940787176423768, tolerance: 0.00039788079470198817
  model = cd_fast.enet_coordinate_descent_gram(

[2024-05-22T00:09:16.968+0000] {warnings.py:109} WARNING - /home/***/.local/lib/python3.8/site-packages/sklearn/linear_model/_coordinate_descent.py:614: ConvergenceWarning: Objective did not converge. You might want to increase the number of iterations. Duality gap: 0.0076509120820418275, tolerance: 0.00039788079470198817
  model = cd_fast.enet_coordinate_descent_gram(

[2024-05-22T00:09:17.047+0000] {warnings.py:109} WARNING - /home/***/.local/lib/python3.8/site-packages/sklearn/linear_model/_coordinate_descent.py:614: ConvergenceWarning: Objective did not converge. You might want to increase the number of iterations. Duality gap: 0.006794312457369056, tolerance: 0.00039788079470198817
  model = cd_fast.enet_coordinate_descent_gram(

[2024-05-22T00:09:17.123+0000] {warnings.py:109} WARNING - /home/***/.local/lib/python3.8/site-packages/sklearn/linear_model/_coordinate_descent.py:614: ConvergenceWarning: Objective did not converge. You might want to increase the number of iterations. Duality gap: 0.00657601051571266, tolerance: 0.00039788079470198817
  model = cd_fast.enet_coordinate_descent_gram(

[2024-05-22T00:09:17.364+0000] {warnings.py:109} WARNING - /home/***/.local/lib/python3.8/site-packages/sklearn/linear_model/_coordinate_descent.py:614: ConvergenceWarning: Objective did not converge. You might want to increase the number of iterations. Duality gap: 0.005626908263507868, tolerance: 0.00039788079470198817
  model = cd_fast.enet_coordinate_descent_gram(

[2024-05-22T00:09:17.515+0000] {warnings.py:109} WARNING - /home/***/.local/lib/python3.8/site-packages/sklearn/linear_model/_coordinate_descent.py:614: ConvergenceWarning: Objective did not converge. You might want to increase the number of iterations. Duality gap: 0.004223590196869242, tolerance: 0.00039788079470198817
  model = cd_fast.enet_coordinate_descent_gram(

[2024-05-22T00:09:17.757+0000] {warnings.py:109} WARNING - /home/***/.local/lib/python3.8/site-packages/sklearn/linear_model/_coordinate_descent.py:614: ConvergenceWarning: Objective did not converge. You might want to increase the number of iterations. Duality gap: 0.0036751268871579867, tolerance: 0.00039788079470198817
  model = cd_fast.enet_coordinate_descent_gram(

[2024-05-22T00:09:17.880+0000] {warnings.py:109} WARNING - /home/***/.local/lib/python3.8/site-packages/sklearn/linear_model/_coordinate_descent.py:614: ConvergenceWarning: Objective did not converge. You might want to increase the number of iterations. Duality gap: 0.003462384287381326, tolerance: 0.00039788079470198817
  model = cd_fast.enet_coordinate_descent_gram(

[2024-05-22T00:09:18.058+0000] {warnings.py:109} WARNING - /home/***/.local/lib/python3.8/site-packages/sklearn/linear_model/_coordinate_descent.py:614: ConvergenceWarning: Objective did not converge. You might want to increase the number of iterations. Duality gap: 0.0033107842998068016, tolerance: 0.00039788079470198817
  model = cd_fast.enet_coordinate_descent_gram(

[2024-05-22T00:09:18.218+0000] {warnings.py:109} WARNING - /home/***/.local/lib/python3.8/site-packages/sklearn/linear_model/_coordinate_descent.py:614: ConvergenceWarning: Objective did not converge. You might want to increase the number of iterations. Duality gap: 0.0033329750909936173, tolerance: 0.00039788079470198817
  model = cd_fast.enet_coordinate_descent_gram(

[2024-05-22T00:09:18.339+0000] {warnings.py:109} WARNING - /home/***/.local/lib/python3.8/site-packages/sklearn/linear_model/_coordinate_descent.py:614: ConvergenceWarning: Objective did not converge. You might want to increase the number of iterations. Duality gap: 0.0034447072199355055, tolerance: 0.00039788079470198817
  model = cd_fast.enet_coordinate_descent_gram(

[2024-05-22T00:09:18.478+0000] {warnings.py:109} WARNING - /home/***/.local/lib/python3.8/site-packages/sklearn/linear_model/_coordinate_descent.py:614: ConvergenceWarning: Objective did not converge. You might want to increase the number of iterations. Duality gap: 0.003699629383666636, tolerance: 0.00039788079470198817
  model = cd_fast.enet_coordinate_descent_gram(

[2024-05-22T00:09:18.693+0000] {warnings.py:109} WARNING - /home/***/.local/lib/python3.8/site-packages/sklearn/linear_model/_coordinate_descent.py:614: ConvergenceWarning: Objective did not converge. You might want to increase the number of iterations. Duality gap: 0.003598909335484901, tolerance: 0.00039788079470198817
  model = cd_fast.enet_coordinate_descent_gram(

[2024-05-22T00:09:18.884+0000] {warnings.py:109} WARNING - /home/***/.local/lib/python3.8/site-packages/sklearn/linear_model/_coordinate_descent.py:614: ConvergenceWarning: Objective did not converge. You might want to increase the number of iterations. Duality gap: 0.011434930115156838, tolerance: 0.00039788079470198817
  model = cd_fast.enet_coordinate_descent_gram(

[2024-05-22T00:09:19.025+0000] {warnings.py:109} WARNING - /home/***/.local/lib/python3.8/site-packages/sklearn/linear_model/_coordinate_descent.py:614: ConvergenceWarning: Objective did not converge. You might want to increase the number of iterations. Duality gap: 0.020084208911690826, tolerance: 0.00039788079470198817
  model = cd_fast.enet_coordinate_descent_gram(

[2024-05-22T00:09:19.173+0000] {warnings.py:109} WARNING - /home/***/.local/lib/python3.8/site-packages/sklearn/linear_model/_coordinate_descent.py:614: ConvergenceWarning: Objective did not converge. You might want to increase the number of iterations. Duality gap: 0.00897443331304526, tolerance: 0.00039788079470198817
  model = cd_fast.enet_coordinate_descent_gram(

[2024-05-22T00:09:19.323+0000] {warnings.py:109} WARNING - /home/***/.local/lib/python3.8/site-packages/sklearn/linear_model/_coordinate_descent.py:614: ConvergenceWarning: Objective did not converge. You might want to increase the number of iterations. Duality gap: 0.00989230101522498, tolerance: 0.00039788079470198817
  model = cd_fast.enet_coordinate_descent_gram(

[2024-05-22T00:09:19.396+0000] {warnings.py:109} WARNING - /home/***/.local/lib/python3.8/site-packages/sklearn/linear_model/_coordinate_descent.py:614: ConvergenceWarning: Objective did not converge. You might want to increase the number of iterations. Duality gap: 0.010210558888438026, tolerance: 0.00039788079470198817
  model = cd_fast.enet_coordinate_descent_gram(

[2024-05-22T00:09:19.600+0000] {warnings.py:109} WARNING - /home/***/.local/lib/python3.8/site-packages/sklearn/linear_model/_coordinate_descent.py:614: ConvergenceWarning: Objective did not converge. You might want to increase the number of iterations. Duality gap: 0.010303283104456273, tolerance: 0.00039788079470198817
  model = cd_fast.enet_coordinate_descent_gram(

[2024-05-22T00:09:19.819+0000] {warnings.py:109} WARNING - /home/***/.local/lib/python3.8/site-packages/sklearn/linear_model/_coordinate_descent.py:614: ConvergenceWarning: Objective did not converge. You might want to increase the number of iterations. Duality gap: 0.010244924235974562, tolerance: 0.00039788079470198817
  model = cd_fast.enet_coordinate_descent_gram(

[2024-05-22T00:09:19.979+0000] {warnings.py:109} WARNING - /home/***/.local/lib/python3.8/site-packages/sklearn/linear_model/_coordinate_descent.py:614: ConvergenceWarning: Objective did not converge. You might want to increase the number of iterations. Duality gap: 0.010811072604407723, tolerance: 0.00039788079470198817
  model = cd_fast.enet_coordinate_descent_gram(

[2024-05-22T00:09:20.088+0000] {warnings.py:109} WARNING - /home/***/.local/lib/python3.8/site-packages/sklearn/linear_model/_coordinate_descent.py:614: ConvergenceWarning: Objective did not converge. You might want to increase the number of iterations. Duality gap: 0.011659508269610708, tolerance: 0.00039788079470198817
  model = cd_fast.enet_coordinate_descent_gram(

[2024-05-22T00:09:20.236+0000] {warnings.py:109} WARNING - /home/***/.local/lib/python3.8/site-packages/sklearn/linear_model/_coordinate_descent.py:614: ConvergenceWarning: Objective did not converge. You might want to increase the number of iterations. Duality gap: 0.011837157020343714, tolerance: 0.00039788079470198817
  model = cd_fast.enet_coordinate_descent_gram(

[2024-05-22T00:09:20.498+0000] {warnings.py:109} WARNING - /home/***/.local/lib/python3.8/site-packages/sklearn/linear_model/_coordinate_descent.py:614: ConvergenceWarning: Objective did not converge. You might want to increase the number of iterations. Duality gap: 0.013421330935118547, tolerance: 0.00039788079470198817
  model = cd_fast.enet_coordinate_descent_gram(

[2024-05-22T00:09:20.651+0000] {warnings.py:109} WARNING - /home/***/.local/lib/python3.8/site-packages/sklearn/linear_model/_coordinate_descent.py:614: ConvergenceWarning: Objective did not converge. You might want to increase the number of iterations. Duality gap: 0.016411409492113282, tolerance: 0.00039788079470198817
  model = cd_fast.enet_coordinate_descent_gram(

[2024-05-22T00:09:20.779+0000] {warnings.py:109} WARNING - /home/***/.local/lib/python3.8/site-packages/sklearn/linear_model/_coordinate_descent.py:614: ConvergenceWarning: Objective did not converge. You might want to increase the number of iterations. Duality gap: 0.056128134526467255, tolerance: 0.00039788079470198817
  model = cd_fast.enet_coordinate_descent_gram(

[2024-05-22T00:09:20.911+0000] {warnings.py:109} WARNING - /home/***/.local/lib/python3.8/site-packages/sklearn/linear_model/_coordinate_descent.py:614: ConvergenceWarning: Objective did not converge. You might want to increase the number of iterations. Duality gap: 0.09772153802243833, tolerance: 0.00039788079470198817
  model = cd_fast.enet_coordinate_descent_gram(

[2024-05-22T00:09:21.078+0000] {warnings.py:109} WARNING - /home/***/.local/lib/python3.8/site-packages/sklearn/linear_model/_coordinate_descent.py:614: ConvergenceWarning: Objective did not converge. You might want to increase the number of iterations. Duality gap: 0.1329345439972971, tolerance: 0.00039788079470198817
  model = cd_fast.enet_coordinate_descent_gram(

[2024-05-22T00:09:21.380+0000] {warnings.py:109} WARNING - /home/***/.local/lib/python3.8/site-packages/sklearn/linear_model/_coordinate_descent.py:614: ConvergenceWarning: Objective did not converge. You might want to increase the number of iterations. Duality gap: 0.15897090924139778, tolerance: 0.00039788079470198817
  model = cd_fast.enet_coordinate_descent_gram(

[2024-05-22T00:09:21.609+0000] {warnings.py:109} WARNING - /home/***/.local/lib/python3.8/site-packages/sklearn/linear_model/_coordinate_descent.py:614: ConvergenceWarning: Objective did not converge. You might want to increase the number of iterations. Duality gap: 0.18405394154172416, tolerance: 0.00039788079470198817
  model = cd_fast.enet_coordinate_descent_gram(

[2024-05-22T00:09:21.833+0000] {warnings.py:109} WARNING - /home/***/.local/lib/python3.8/site-packages/sklearn/linear_model/_coordinate_descent.py:614: ConvergenceWarning: Objective did not converge. You might want to increase the number of iterations. Duality gap: 0.20960936104162142, tolerance: 0.00039788079470198817
  model = cd_fast.enet_coordinate_descent_gram(

[2024-05-22T00:09:22.093+0000] {warnings.py:109} WARNING - /home/***/.local/lib/python3.8/site-packages/sklearn/linear_model/_coordinate_descent.py:614: ConvergenceWarning: Objective did not converge. You might want to increase the number of iterations. Duality gap: 0.2306975660274071, tolerance: 0.00039788079470198817
  model = cd_fast.enet_coordinate_descent_gram(

[2024-05-22T00:09:22.331+0000] {warnings.py:109} WARNING - /home/***/.local/lib/python3.8/site-packages/sklearn/linear_model/_coordinate_descent.py:614: ConvergenceWarning: Objective did not converge. You might want to increase the number of iterations. Duality gap: 0.25592928145949423, tolerance: 0.00039788079470198817
  model = cd_fast.enet_coordinate_descent_gram(

[2024-05-22T00:09:22.606+0000] {warnings.py:109} WARNING - /home/***/.local/lib/python3.8/site-packages/sklearn/linear_model/_coordinate_descent.py:614: ConvergenceWarning: Objective did not converge. You might want to increase the number of iterations. Duality gap: 0.2697015416827737, tolerance: 0.00039788079470198817
  model = cd_fast.enet_coordinate_descent_gram(

[2024-05-22T00:09:22.830+0000] {warnings.py:109} WARNING - /home/***/.local/lib/python3.8/site-packages/sklearn/linear_model/_coordinate_descent.py:614: ConvergenceWarning: Objective did not converge. You might want to increase the number of iterations. Duality gap: 0.27351832526291275, tolerance: 0.00039788079470198817
  model = cd_fast.enet_coordinate_descent_gram(

[2024-05-22T00:09:23.078+0000] {warnings.py:109} WARNING - /home/***/.local/lib/python3.8/site-packages/sklearn/linear_model/_coordinate_descent.py:614: ConvergenceWarning: Objective did not converge. You might want to increase the number of iterations. Duality gap: 0.2779347742632827, tolerance: 0.00039788079470198817
  model = cd_fast.enet_coordinate_descent_gram(

[2024-05-22T00:09:23.328+0000] {warnings.py:109} WARNING - /home/***/.local/lib/python3.8/site-packages/sklearn/linear_model/_coordinate_descent.py:614: ConvergenceWarning: Objective did not converge. You might want to increase the number of iterations. Duality gap: 0.2735042190263821, tolerance: 0.00039788079470198817
  model = cd_fast.enet_coordinate_descent_gram(

[2024-05-22T00:09:24.787+0000] {warnings.py:109} WARNING - /home/***/.local/lib/python3.8/site-packages/sklearn/linear_model/_coordinate_descent.py:614: ConvergenceWarning: Objective did not converge. You might want to increase the number of iterations. Duality gap: 0.0007449951950813105, tolerance: 0.00029880794701986693
  model = cd_fast.enet_coordinate_descent_gram(

[2024-05-22T00:09:25.515+0000] {warnings.py:109} WARNING - /home/***/.local/lib/python3.8/site-packages/sklearn/linear_model/_coordinate_descent.py:614: ConvergenceWarning: Objective did not converge. You might want to increase the number of iterations. Duality gap: 0.00047513783933350595, tolerance: 0.00029880794701986693
  model = cd_fast.enet_coordinate_descent_gram(

[2024-05-22T00:09:25.586+0000] {warnings.py:109} WARNING - /home/***/.local/lib/python3.8/site-packages/sklearn/linear_model/_coordinate_descent.py:614: ConvergenceWarning: Objective did not converge. You might want to increase the number of iterations. Duality gap: 0.0009060943867542637, tolerance: 0.00029880794701986693
  model = cd_fast.enet_coordinate_descent_gram(

[2024-05-22T00:09:25.730+0000] {warnings.py:109} WARNING - /home/***/.local/lib/python3.8/site-packages/sklearn/linear_model/_coordinate_descent.py:614: ConvergenceWarning: Objective did not converge. You might want to increase the number of iterations. Duality gap: 0.0021268433517231955, tolerance: 0.00029880794701986693
  model = cd_fast.enet_coordinate_descent_gram(

[2024-05-22T00:09:25.847+0000] {warnings.py:109} WARNING - /home/***/.local/lib/python3.8/site-packages/sklearn/linear_model/_coordinate_descent.py:614: ConvergenceWarning: Objective did not converge. You might want to increase the number of iterations. Duality gap: 0.006035364650408992, tolerance: 0.00029880794701986693
  model = cd_fast.enet_coordinate_descent_gram(

[2024-05-22T00:09:25.926+0000] {warnings.py:109} WARNING - /home/***/.local/lib/python3.8/site-packages/sklearn/linear_model/_coordinate_descent.py:614: ConvergenceWarning: Objective did not converge. You might want to increase the number of iterations. Duality gap: 0.007828437273752265, tolerance: 0.00029880794701986693
  model = cd_fast.enet_coordinate_descent_gram(

[2024-05-22T00:09:26.038+0000] {warnings.py:109} WARNING - /home/***/.local/lib/python3.8/site-packages/sklearn/linear_model/_coordinate_descent.py:614: ConvergenceWarning: Objective did not converge. You might want to increase the number of iterations. Duality gap: 0.008019465814779636, tolerance: 0.00029880794701986693
  model = cd_fast.enet_coordinate_descent_gram(

[2024-05-22T00:09:26.130+0000] {warnings.py:109} WARNING - /home/***/.local/lib/python3.8/site-packages/sklearn/linear_model/_coordinate_descent.py:614: ConvergenceWarning: Objective did not converge. You might want to increase the number of iterations. Duality gap: 0.0018054888188330231, tolerance: 0.00029880794701986693
  model = cd_fast.enet_coordinate_descent_gram(

[2024-05-22T00:09:26.216+0000] {warnings.py:109} WARNING - /home/***/.local/lib/python3.8/site-packages/sklearn/linear_model/_coordinate_descent.py:614: ConvergenceWarning: Objective did not converge. You might want to increase the number of iterations. Duality gap: 0.002462288680512792, tolerance: 0.00029880794701986693
  model = cd_fast.enet_coordinate_descent_gram(

[2024-05-22T00:09:26.297+0000] {warnings.py:109} WARNING - /home/***/.local/lib/python3.8/site-packages/sklearn/linear_model/_coordinate_descent.py:614: ConvergenceWarning: Objective did not converge. You might want to increase the number of iterations. Duality gap: 0.0022025031045243004, tolerance: 0.00029880794701986693
  model = cd_fast.enet_coordinate_descent_gram(

[2024-05-22T00:09:26.481+0000] {warnings.py:109} WARNING - /home/***/.local/lib/python3.8/site-packages/sklearn/linear_model/_coordinate_descent.py:614: ConvergenceWarning: Objective did not converge. You might want to increase the number of iterations. Duality gap: 0.0022121252000775193, tolerance: 0.00029880794701986693
  model = cd_fast.enet_coordinate_descent_gram(

[2024-05-22T00:09:26.595+0000] {warnings.py:109} WARNING - /home/***/.local/lib/python3.8/site-packages/sklearn/linear_model/_coordinate_descent.py:614: ConvergenceWarning: Objective did not converge. You might want to increase the number of iterations. Duality gap: 0.002189081963939632, tolerance: 0.00029880794701986693
  model = cd_fast.enet_coordinate_descent_gram(

[2024-05-22T00:09:26.751+0000] {warnings.py:109} WARNING - /home/***/.local/lib/python3.8/site-packages/sklearn/linear_model/_coordinate_descent.py:614: ConvergenceWarning: Objective did not converge. You might want to increase the number of iterations. Duality gap: 0.0028175581866025645, tolerance: 0.00029880794701986693
  model = cd_fast.enet_coordinate_descent_gram(

[2024-05-22T00:09:26.829+0000] {warnings.py:109} WARNING - /home/***/.local/lib/python3.8/site-packages/sklearn/linear_model/_coordinate_descent.py:614: ConvergenceWarning: Objective did not converge. You might want to increase the number of iterations. Duality gap: 0.0029500862103384318, tolerance: 0.00029880794701986693
  model = cd_fast.enet_coordinate_descent_gram(

[2024-05-22T00:09:26.912+0000] {warnings.py:109} WARNING - /home/***/.local/lib/python3.8/site-packages/sklearn/linear_model/_coordinate_descent.py:614: ConvergenceWarning: Objective did not converge. You might want to increase the number of iterations. Duality gap: 0.00302582063103074, tolerance: 0.00029880794701986693
  model = cd_fast.enet_coordinate_descent_gram(

[2024-05-22T00:09:27.049+0000] {warnings.py:109} WARNING - /home/***/.local/lib/python3.8/site-packages/sklearn/linear_model/_coordinate_descent.py:614: ConvergenceWarning: Objective did not converge. You might want to increase the number of iterations. Duality gap: 0.0030799810374229075, tolerance: 0.00029880794701986693
  model = cd_fast.enet_coordinate_descent_gram(

[2024-05-22T00:09:27.165+0000] {warnings.py:109} WARNING - /home/***/.local/lib/python3.8/site-packages/sklearn/linear_model/_coordinate_descent.py:614: ConvergenceWarning: Objective did not converge. You might want to increase the number of iterations. Duality gap: 0.0028421355753076583, tolerance: 0.00029880794701986693
  model = cd_fast.enet_coordinate_descent_gram(

[2024-05-22T00:09:27.326+0000] {warnings.py:109} WARNING - /home/***/.local/lib/python3.8/site-packages/sklearn/linear_model/_coordinate_descent.py:614: ConvergenceWarning: Objective did not converge. You might want to increase the number of iterations. Duality gap: 0.0024795630928764467, tolerance: 0.00029880794701986693
  model = cd_fast.enet_coordinate_descent_gram(

[2024-05-22T00:09:27.474+0000] {warnings.py:109} WARNING - /home/***/.local/lib/python3.8/site-packages/sklearn/linear_model/_coordinate_descent.py:614: ConvergenceWarning: Objective did not converge. You might want to increase the number of iterations. Duality gap: 0.0012915739551346839, tolerance: 0.00029880794701986693
  model = cd_fast.enet_coordinate_descent_gram(

[2024-05-22T00:09:27.615+0000] {warnings.py:109} WARNING - /home/***/.local/lib/python3.8/site-packages/sklearn/linear_model/_coordinate_descent.py:614: ConvergenceWarning: Objective did not converge. You might want to increase the number of iterations. Duality gap: 0.003229605731615015, tolerance: 0.00029880794701986693
  model = cd_fast.enet_coordinate_descent_gram(

[2024-05-22T00:09:27.764+0000] {warnings.py:109} WARNING - /home/***/.local/lib/python3.8/site-packages/sklearn/linear_model/_coordinate_descent.py:614: ConvergenceWarning: Objective did not converge. You might want to increase the number of iterations. Duality gap: 0.007118764425658952, tolerance: 0.00029880794701986693
  model = cd_fast.enet_coordinate_descent_gram(

[2024-05-22T00:09:27.909+0000] {warnings.py:109} WARNING - /home/***/.local/lib/python3.8/site-packages/sklearn/linear_model/_coordinate_descent.py:614: ConvergenceWarning: Objective did not converge. You might want to increase the number of iterations. Duality gap: 0.008638320288082202, tolerance: 0.00029880794701986693
  model = cd_fast.enet_coordinate_descent_gram(

[2024-05-22T00:09:28.076+0000] {warnings.py:109} WARNING - /home/***/.local/lib/python3.8/site-packages/sklearn/linear_model/_coordinate_descent.py:614: ConvergenceWarning: Objective did not converge. You might want to increase the number of iterations. Duality gap: 0.009421497744857676, tolerance: 0.00029880794701986693
  model = cd_fast.enet_coordinate_descent_gram(

[2024-05-22T00:09:28.240+0000] {warnings.py:109} WARNING - /home/***/.local/lib/python3.8/site-packages/sklearn/linear_model/_coordinate_descent.py:614: ConvergenceWarning: Objective did not converge. You might want to increase the number of iterations. Duality gap: 0.009917146426833279, tolerance: 0.00029880794701986693
  model = cd_fast.enet_coordinate_descent_gram(

[2024-05-22T00:09:28.352+0000] {warnings.py:109} WARNING - /home/***/.local/lib/python3.8/site-packages/sklearn/linear_model/_coordinate_descent.py:614: ConvergenceWarning: Objective did not converge. You might want to increase the number of iterations. Duality gap: 0.009878553172758098, tolerance: 0.00029880794701986693
  model = cd_fast.enet_coordinate_descent_gram(

[2024-05-22T00:09:28.457+0000] {warnings.py:109} WARNING - /home/***/.local/lib/python3.8/site-packages/sklearn/linear_model/_coordinate_descent.py:614: ConvergenceWarning: Objective did not converge. You might want to increase the number of iterations. Duality gap: 0.009425507998557903, tolerance: 0.00029880794701986693
  model = cd_fast.enet_coordinate_descent_gram(

[2024-05-22T00:09:28.585+0000] {warnings.py:109} WARNING - /home/***/.local/lib/python3.8/site-packages/sklearn/linear_model/_coordinate_descent.py:614: ConvergenceWarning: Objective did not converge. You might want to increase the number of iterations. Duality gap: 0.010201314228309055, tolerance: 0.00029880794701986693
  model = cd_fast.enet_coordinate_descent_gram(

[2024-05-22T00:09:28.695+0000] {warnings.py:109} WARNING - /home/***/.local/lib/python3.8/site-packages/sklearn/linear_model/_coordinate_descent.py:614: ConvergenceWarning: Objective did not converge. You might want to increase the number of iterations. Duality gap: 0.013617980109714045, tolerance: 0.00029880794701986693
  model = cd_fast.enet_coordinate_descent_gram(

[2024-05-22T00:09:28.776+0000] {warnings.py:109} WARNING - /home/***/.local/lib/python3.8/site-packages/sklearn/linear_model/_coordinate_descent.py:614: ConvergenceWarning: Objective did not converge. You might want to increase the number of iterations. Duality gap: 0.015647876947670003, tolerance: 0.00029880794701986693
  model = cd_fast.enet_coordinate_descent_gram(

[2024-05-22T00:09:29.005+0000] {warnings.py:109} WARNING - /home/***/.local/lib/python3.8/site-packages/sklearn/linear_model/_coordinate_descent.py:614: ConvergenceWarning: Objective did not converge. You might want to increase the number of iterations. Duality gap: 0.016752212782912057, tolerance: 0.00029880794701986693
  model = cd_fast.enet_coordinate_descent_gram(

[2024-05-22T00:09:29.272+0000] {warnings.py:109} WARNING - /home/***/.local/lib/python3.8/site-packages/sklearn/linear_model/_coordinate_descent.py:614: ConvergenceWarning: Objective did not converge. You might want to increase the number of iterations. Duality gap: 0.017076791674150105, tolerance: 0.00029880794701986693
  model = cd_fast.enet_coordinate_descent_gram(

[2024-05-22T00:09:29.453+0000] {warnings.py:109} WARNING - /home/***/.local/lib/python3.8/site-packages/sklearn/linear_model/_coordinate_descent.py:614: ConvergenceWarning: Objective did not converge. You might want to increase the number of iterations. Duality gap: 0.017295308626458228, tolerance: 0.00029880794701986693
  model = cd_fast.enet_coordinate_descent_gram(

[2024-05-22T00:09:29.584+0000] {warnings.py:109} WARNING - /home/***/.local/lib/python3.8/site-packages/sklearn/linear_model/_coordinate_descent.py:614: ConvergenceWarning: Objective did not converge. You might want to increase the number of iterations. Duality gap: 0.017563736023361365, tolerance: 0.00029880794701986693
  model = cd_fast.enet_coordinate_descent_gram(

[2024-05-22T00:09:29.700+0000] {warnings.py:109} WARNING - /home/***/.local/lib/python3.8/site-packages/sklearn/linear_model/_coordinate_descent.py:614: ConvergenceWarning: Objective did not converge. You might want to increase the number of iterations. Duality gap: 0.018210920610782555, tolerance: 0.00029880794701986693
  model = cd_fast.enet_coordinate_descent_gram(

[2024-05-22T00:09:29.846+0000] {warnings.py:109} WARNING - /home/***/.local/lib/python3.8/site-packages/sklearn/linear_model/_coordinate_descent.py:614: ConvergenceWarning: Objective did not converge. You might want to increase the number of iterations. Duality gap: 0.01879501327923805, tolerance: 0.00029880794701986693
  model = cd_fast.enet_coordinate_descent_gram(

[2024-05-22T00:09:30.017+0000] {warnings.py:109} WARNING - /home/***/.local/lib/python3.8/site-packages/sklearn/linear_model/_coordinate_descent.py:614: ConvergenceWarning: Objective did not converge. You might want to increase the number of iterations. Duality gap: 0.018947898844994704, tolerance: 0.00029880794701986693
  model = cd_fast.enet_coordinate_descent_gram(

[2024-05-22T00:09:30.198+0000] {warnings.py:109} WARNING - /home/***/.local/lib/python3.8/site-packages/sklearn/linear_model/_coordinate_descent.py:614: ConvergenceWarning: Objective did not converge. You might want to increase the number of iterations. Duality gap: 0.018727567595631545, tolerance: 0.00029880794701986693
  model = cd_fast.enet_coordinate_descent_gram(

[2024-05-22T00:09:30.414+0000] {warnings.py:109} WARNING - /home/***/.local/lib/python3.8/site-packages/sklearn/linear_model/_coordinate_descent.py:614: ConvergenceWarning: Objective did not converge. You might want to increase the number of iterations. Duality gap: 0.01858855296646289, tolerance: 0.00029880794701986693
  model = cd_fast.enet_coordinate_descent_gram(

[2024-05-22T00:09:30.592+0000] {warnings.py:109} WARNING - /home/***/.local/lib/python3.8/site-packages/sklearn/linear_model/_coordinate_descent.py:614: ConvergenceWarning: Objective did not converge. You might want to increase the number of iterations. Duality gap: 0.01768696879811449, tolerance: 0.00029880794701986693
  model = cd_fast.enet_coordinate_descent_gram(

[2024-05-22T00:09:30.734+0000] {warnings.py:109} WARNING - /home/***/.local/lib/python3.8/site-packages/sklearn/linear_model/_coordinate_descent.py:614: ConvergenceWarning: Objective did not converge. You might want to increase the number of iterations. Duality gap: 0.021159368615631946, tolerance: 0.00029880794701986693
  model = cd_fast.enet_coordinate_descent_gram(

[2024-05-22T00:09:30.862+0000] {warnings.py:109} WARNING - /home/***/.local/lib/python3.8/site-packages/sklearn/linear_model/_coordinate_descent.py:614: ConvergenceWarning: Objective did not converge. You might want to increase the number of iterations. Duality gap: 0.027417657885836055, tolerance: 0.00029880794701986693
  model = cd_fast.enet_coordinate_descent_gram(

[2024-05-22T00:09:31.038+0000] {warnings.py:109} WARNING - /home/***/.local/lib/python3.8/site-packages/sklearn/linear_model/_coordinate_descent.py:614: ConvergenceWarning: Objective did not converge. You might want to increase the number of iterations. Duality gap: 0.03175741737340165, tolerance: 0.00029880794701986693
  model = cd_fast.enet_coordinate_descent_gram(

[2024-05-22T00:09:31.157+0000] {warnings.py:109} WARNING - /home/***/.local/lib/python3.8/site-packages/sklearn/linear_model/_coordinate_descent.py:614: ConvergenceWarning: Objective did not converge. You might want to increase the number of iterations. Duality gap: 0.03503081349145876, tolerance: 0.00029880794701986693
  model = cd_fast.enet_coordinate_descent_gram(

[2024-05-22T00:09:31.243+0000] {warnings.py:109} WARNING - /home/***/.local/lib/python3.8/site-packages/sklearn/linear_model/_coordinate_descent.py:614: ConvergenceWarning: Objective did not converge. You might want to increase the number of iterations. Duality gap: 0.030389646327355857, tolerance: 0.00029880794701986693
  model = cd_fast.enet_coordinate_descent_gram(

[2024-05-22T00:09:31.376+0000] {warnings.py:109} WARNING - /home/***/.local/lib/python3.8/site-packages/sklearn/linear_model/_coordinate_descent.py:614: ConvergenceWarning: Objective did not converge. You might want to increase the number of iterations. Duality gap: 0.047982868217901986, tolerance: 0.00029880794701986693
  model = cd_fast.enet_coordinate_descent_gram(

[2024-05-22T00:09:32.730+0000] {warnings.py:109} WARNING - /home/***/.local/lib/python3.8/site-packages/sklearn/linear_model/_coordinate_descent.py:614: ConvergenceWarning: Objective did not converge. You might want to increase the number of iterations. Duality gap: 0.00032717472430432437, tolerance: 0.000298807947019867
  model = cd_fast.enet_coordinate_descent_gram(

[2024-05-22T00:09:32.864+0000] {warnings.py:109} WARNING - /home/***/.local/lib/python3.8/site-packages/sklearn/linear_model/_coordinate_descent.py:614: ConvergenceWarning: Objective did not converge. You might want to increase the number of iterations. Duality gap: 0.000380883425208145, tolerance: 0.000298807947019867
  model = cd_fast.enet_coordinate_descent_gram(

[2024-05-22T00:09:32.960+0000] {warnings.py:109} WARNING - /home/***/.local/lib/python3.8/site-packages/sklearn/linear_model/_coordinate_descent.py:614: ConvergenceWarning: Objective did not converge. You might want to increase the number of iterations. Duality gap: 0.0003866497298314897, tolerance: 0.000298807947019867
  model = cd_fast.enet_coordinate_descent_gram(

[2024-05-22T00:09:33.054+0000] {warnings.py:109} WARNING - /home/***/.local/lib/python3.8/site-packages/sklearn/linear_model/_coordinate_descent.py:614: ConvergenceWarning: Objective did not converge. You might want to increase the number of iterations. Duality gap: 0.0004208115688886238, tolerance: 0.000298807947019867
  model = cd_fast.enet_coordinate_descent_gram(

[2024-05-22T00:09:33.177+0000] {warnings.py:109} WARNING - /home/***/.local/lib/python3.8/site-packages/sklearn/linear_model/_coordinate_descent.py:614: ConvergenceWarning: Objective did not converge. You might want to increase the number of iterations. Duality gap: 0.000804178303680736, tolerance: 0.000298807947019867
  model = cd_fast.enet_coordinate_descent_gram(

[2024-05-22T00:09:33.293+0000] {warnings.py:109} WARNING - /home/***/.local/lib/python3.8/site-packages/sklearn/linear_model/_coordinate_descent.py:614: ConvergenceWarning: Objective did not converge. You might want to increase the number of iterations. Duality gap: 0.0009055058471294508, tolerance: 0.000298807947019867
  model = cd_fast.enet_coordinate_descent_gram(

[2024-05-22T00:09:33.467+0000] {warnings.py:109} WARNING - /home/***/.local/lib/python3.8/site-packages/sklearn/linear_model/_coordinate_descent.py:614: ConvergenceWarning: Objective did not converge. You might want to increase the number of iterations. Duality gap: 0.0010093438560399015, tolerance: 0.000298807947019867
  model = cd_fast.enet_coordinate_descent_gram(

[2024-05-22T00:09:33.616+0000] {warnings.py:109} WARNING - /home/***/.local/lib/python3.8/site-packages/sklearn/linear_model/_coordinate_descent.py:614: ConvergenceWarning: Objective did not converge. You might want to increase the number of iterations. Duality gap: 0.0013305975110449175, tolerance: 0.000298807947019867
  model = cd_fast.enet_coordinate_descent_gram(

[2024-05-22T00:09:33.737+0000] {warnings.py:109} WARNING - /home/***/.local/lib/python3.8/site-packages/sklearn/linear_model/_coordinate_descent.py:614: ConvergenceWarning: Objective did not converge. You might want to increase the number of iterations. Duality gap: 0.0017462141343032034, tolerance: 0.000298807947019867
  model = cd_fast.enet_coordinate_descent_gram(

[2024-05-22T00:09:33.831+0000] {warnings.py:109} WARNING - /home/***/.local/lib/python3.8/site-packages/sklearn/linear_model/_coordinate_descent.py:614: ConvergenceWarning: Objective did not converge. You might want to increase the number of iterations. Duality gap: 0.0010275224209592704, tolerance: 0.000298807947019867
  model = cd_fast.enet_coordinate_descent_gram(

[2024-05-22T00:09:33.952+0000] {warnings.py:109} WARNING - /home/***/.local/lib/python3.8/site-packages/sklearn/linear_model/_coordinate_descent.py:614: ConvergenceWarning: Objective did not converge. You might want to increase the number of iterations. Duality gap: 0.0009011042760895815, tolerance: 0.000298807947019867
  model = cd_fast.enet_coordinate_descent_gram(

[2024-05-22T00:09:34.184+0000] {warnings.py:109} WARNING - /home/***/.local/lib/python3.8/site-packages/sklearn/linear_model/_coordinate_descent.py:614: ConvergenceWarning: Objective did not converge. You might want to increase the number of iterations. Duality gap: 0.0008626599384788936, tolerance: 0.000298807947019867
  model = cd_fast.enet_coordinate_descent_gram(

[2024-05-22T00:09:34.459+0000] {warnings.py:109} WARNING - /home/***/.local/lib/python3.8/site-packages/sklearn/linear_model/_coordinate_descent.py:614: ConvergenceWarning: Objective did not converge. You might want to increase the number of iterations. Duality gap: 0.0012034577969097793, tolerance: 0.000298807947019867
  model = cd_fast.enet_coordinate_descent_gram(

[2024-05-22T00:09:34.582+0000] {warnings.py:109} WARNING - /home/***/.local/lib/python3.8/site-packages/sklearn/linear_model/_coordinate_descent.py:614: ConvergenceWarning: Objective did not converge. You might want to increase the number of iterations. Duality gap: 0.003886877769036179, tolerance: 0.000298807947019867
  model = cd_fast.enet_coordinate_descent_gram(

[2024-05-22T00:09:34.724+0000] {warnings.py:109} WARNING - /home/***/.local/lib/python3.8/site-packages/sklearn/linear_model/_coordinate_descent.py:614: ConvergenceWarning: Objective did not converge. You might want to increase the number of iterations. Duality gap: 0.001857728662215008, tolerance: 0.000298807947019867
  model = cd_fast.enet_coordinate_descent_gram(

[2024-05-22T00:09:34.825+0000] {warnings.py:109} WARNING - /home/***/.local/lib/python3.8/site-packages/sklearn/linear_model/_coordinate_descent.py:614: ConvergenceWarning: Objective did not converge. You might want to increase the number of iterations. Duality gap: 0.009093304614663955, tolerance: 0.000298807947019867
  model = cd_fast.enet_coordinate_descent_gram(

[2024-05-22T00:09:34.955+0000] {warnings.py:109} WARNING - /home/***/.local/lib/python3.8/site-packages/sklearn/linear_model/_coordinate_descent.py:614: ConvergenceWarning: Objective did not converge. You might want to increase the number of iterations. Duality gap: 0.012310340061256753, tolerance: 0.000298807947019867
  model = cd_fast.enet_coordinate_descent_gram(

[2024-05-22T00:09:35.041+0000] {warnings.py:109} WARNING - /home/***/.local/lib/python3.8/site-packages/sklearn/linear_model/_coordinate_descent.py:614: ConvergenceWarning: Objective did not converge. You might want to increase the number of iterations. Duality gap: 0.013701967356622546, tolerance: 0.000298807947019867
  model = cd_fast.enet_coordinate_descent_gram(

[2024-05-22T00:09:35.176+0000] {warnings.py:109} WARNING - /home/***/.local/lib/python3.8/site-packages/sklearn/linear_model/_coordinate_descent.py:614: ConvergenceWarning: Objective did not converge. You might want to increase the number of iterations. Duality gap: 0.01227499989522296, tolerance: 0.000298807947019867
  model = cd_fast.enet_coordinate_descent_gram(

[2024-05-22T00:09:35.370+0000] {warnings.py:109} WARNING - /home/***/.local/lib/python3.8/site-packages/sklearn/linear_model/_coordinate_descent.py:614: ConvergenceWarning: Objective did not converge. You might want to increase the number of iterations. Duality gap: 0.011548508589222628, tolerance: 0.000298807947019867
  model = cd_fast.enet_coordinate_descent_gram(

[2024-05-22T00:09:35.560+0000] {warnings.py:109} WARNING - /home/***/.local/lib/python3.8/site-packages/sklearn/linear_model/_coordinate_descent.py:614: ConvergenceWarning: Objective did not converge. You might want to increase the number of iterations. Duality gap: 0.013229136941829367, tolerance: 0.000298807947019867
  model = cd_fast.enet_coordinate_descent_gram(

[2024-05-22T00:09:35.733+0000] {warnings.py:109} WARNING - /home/***/.local/lib/python3.8/site-packages/sklearn/linear_model/_coordinate_descent.py:614: ConvergenceWarning: Objective did not converge. You might want to increase the number of iterations. Duality gap: 0.014259240363607928, tolerance: 0.000298807947019867
  model = cd_fast.enet_coordinate_descent_gram(

[2024-05-22T00:09:35.880+0000] {warnings.py:109} WARNING - /home/***/.local/lib/python3.8/site-packages/sklearn/linear_model/_coordinate_descent.py:614: ConvergenceWarning: Objective did not converge. You might want to increase the number of iterations. Duality gap: 0.014486081353610958, tolerance: 0.000298807947019867
  model = cd_fast.enet_coordinate_descent_gram(

[2024-05-22T00:09:36.003+0000] {warnings.py:109} WARNING - /home/***/.local/lib/python3.8/site-packages/sklearn/linear_model/_coordinate_descent.py:614: ConvergenceWarning: Objective did not converge. You might want to increase the number of iterations. Duality gap: 0.014241881545570712, tolerance: 0.000298807947019867
  model = cd_fast.enet_coordinate_descent_gram(

[2024-05-22T00:09:36.227+0000] {warnings.py:109} WARNING - /home/***/.local/lib/python3.8/site-packages/sklearn/linear_model/_coordinate_descent.py:614: ConvergenceWarning: Objective did not converge. You might want to increase the number of iterations. Duality gap: 0.017677870405168328, tolerance: 0.000298807947019867
  model = cd_fast.enet_coordinate_descent_gram(

[2024-05-22T00:09:36.543+0000] {warnings.py:109} WARNING - /home/***/.local/lib/python3.8/site-packages/sklearn/linear_model/_coordinate_descent.py:614: ConvergenceWarning: Objective did not converge. You might want to increase the number of iterations. Duality gap: 0.026293870878840053, tolerance: 0.000298807947019867
  model = cd_fast.enet_coordinate_descent_gram(

[2024-05-22T00:09:36.757+0000] {warnings.py:109} WARNING - /home/***/.local/lib/python3.8/site-packages/sklearn/linear_model/_coordinate_descent.py:614: ConvergenceWarning: Objective did not converge. You might want to increase the number of iterations. Duality gap: 0.033815644144110646, tolerance: 0.000298807947019867
  model = cd_fast.enet_coordinate_descent_gram(

[2024-05-22T00:09:36.905+0000] {warnings.py:109} WARNING - /home/***/.local/lib/python3.8/site-packages/sklearn/linear_model/_coordinate_descent.py:614: ConvergenceWarning: Objective did not converge. You might want to increase the number of iterations. Duality gap: 0.023524773871992366, tolerance: 0.000298807947019867
  model = cd_fast.enet_coordinate_descent_gram(

[2024-05-22T00:09:37.125+0000] {warnings.py:109} WARNING - /home/***/.local/lib/python3.8/site-packages/sklearn/linear_model/_coordinate_descent.py:614: ConvergenceWarning: Objective did not converge. You might want to increase the number of iterations. Duality gap: 0.03186576006866004, tolerance: 0.000298807947019867
  model = cd_fast.enet_coordinate_descent_gram(

[2024-05-22T00:09:37.334+0000] {warnings.py:109} WARNING - /home/***/.local/lib/python3.8/site-packages/sklearn/linear_model/_coordinate_descent.py:614: ConvergenceWarning: Objective did not converge. You might want to increase the number of iterations. Duality gap: 0.03758219358767323, tolerance: 0.000298807947019867
  model = cd_fast.enet_coordinate_descent_gram(

[2024-05-22T00:09:37.521+0000] {warnings.py:109} WARNING - /home/***/.local/lib/python3.8/site-packages/sklearn/linear_model/_coordinate_descent.py:614: ConvergenceWarning: Objective did not converge. You might want to increase the number of iterations. Duality gap: 0.04154614240189081, tolerance: 0.000298807947019867
  model = cd_fast.enet_coordinate_descent_gram(

[2024-05-22T00:09:37.679+0000] {warnings.py:109} WARNING - /home/***/.local/lib/python3.8/site-packages/sklearn/linear_model/_coordinate_descent.py:614: ConvergenceWarning: Objective did not converge. You might want to increase the number of iterations. Duality gap: 0.04284083221389512, tolerance: 0.000298807947019867
  model = cd_fast.enet_coordinate_descent_gram(

[2024-05-22T00:09:37.859+0000] {warnings.py:109} WARNING - /home/***/.local/lib/python3.8/site-packages/sklearn/linear_model/_coordinate_descent.py:614: ConvergenceWarning: Objective did not converge. You might want to increase the number of iterations. Duality gap: 0.043024943189557296, tolerance: 0.000298807947019867
  model = cd_fast.enet_coordinate_descent_gram(

[2024-05-22T00:09:38.084+0000] {warnings.py:109} WARNING - /home/***/.local/lib/python3.8/site-packages/sklearn/linear_model/_coordinate_descent.py:614: ConvergenceWarning: Objective did not converge. You might want to increase the number of iterations. Duality gap: 0.04365014394708, tolerance: 0.000298807947019867
  model = cd_fast.enet_coordinate_descent_gram(

[2024-05-22T00:09:38.272+0000] {warnings.py:109} WARNING - /home/***/.local/lib/python3.8/site-packages/sklearn/linear_model/_coordinate_descent.py:614: ConvergenceWarning: Objective did not converge. You might want to increase the number of iterations. Duality gap: 0.044284409581157425, tolerance: 0.000298807947019867
  model = cd_fast.enet_coordinate_descent_gram(

[2024-05-22T00:09:38.464+0000] {warnings.py:109} WARNING - /home/***/.local/lib/python3.8/site-packages/sklearn/linear_model/_coordinate_descent.py:614: ConvergenceWarning: Objective did not converge. You might want to increase the number of iterations. Duality gap: 0.04455939258377373, tolerance: 0.000298807947019867
  model = cd_fast.enet_coordinate_descent_gram(

[2024-05-22T00:09:38.991+0000] {warnings.py:109} WARNING - /home/***/.local/lib/python3.8/site-packages/sklearn/linear_model/_coordinate_descent.py:614: ConvergenceWarning: Objective did not converge. You might want to increase the number of iterations. Duality gap: 0.04548959730666158, tolerance: 0.000298807947019867
  model = cd_fast.enet_coordinate_descent_gram(

[2024-05-22T00:09:39.298+0000] {warnings.py:109} WARNING - /home/***/.local/lib/python3.8/site-packages/sklearn/linear_model/_coordinate_descent.py:614: ConvergenceWarning: Objective did not converge. You might want to increase the number of iterations. Duality gap: 0.04685917384706717, tolerance: 0.000298807947019867
  model = cd_fast.enet_coordinate_descent_gram(

[2024-05-22T00:09:39.615+0000] {warnings.py:109} WARNING - /home/***/.local/lib/python3.8/site-packages/sklearn/linear_model/_coordinate_descent.py:614: ConvergenceWarning: Objective did not converge. You might want to increase the number of iterations. Duality gap: 0.06483821288750358, tolerance: 0.000298807947019867
  model = cd_fast.enet_coordinate_descent_gram(

[2024-05-22T00:09:39.809+0000] {warnings.py:109} WARNING - /home/***/.local/lib/python3.8/site-packages/sklearn/linear_model/_coordinate_descent.py:614: ConvergenceWarning: Objective did not converge. You might want to increase the number of iterations. Duality gap: 0.0834263747707431, tolerance: 0.000298807947019867
  model = cd_fast.enet_coordinate_descent_gram(

[2024-05-22T00:09:39.939+0000] {warnings.py:109} WARNING - /home/***/.local/lib/python3.8/site-packages/sklearn/linear_model/_coordinate_descent.py:614: ConvergenceWarning: Objective did not converge. You might want to increase the number of iterations. Duality gap: 0.09818832464799332, tolerance: 0.000298807947019867
  model = cd_fast.enet_coordinate_descent_gram(

[2024-05-22T00:09:40.122+0000] {warnings.py:109} WARNING - /home/***/.local/lib/python3.8/site-packages/sklearn/linear_model/_coordinate_descent.py:614: ConvergenceWarning: Objective did not converge. You might want to increase the number of iterations. Duality gap: 0.11060602000857478, tolerance: 0.000298807947019867
  model = cd_fast.enet_coordinate_descent_gram(

[2024-05-22T00:09:40.650+0000] {warnings.py:109} WARNING - /home/***/.local/lib/python3.8/site-packages/sklearn/linear_model/_coordinate_descent.py:614: ConvergenceWarning: Objective did not converge. You might want to increase the number of iterations. Duality gap: 0.12166145253363658, tolerance: 0.000298807947019867
  model = cd_fast.enet_coordinate_descent_gram(

[2024-05-22T00:09:40.813+0000] {warnings.py:109} WARNING - /home/***/.local/lib/python3.8/site-packages/sklearn/linear_model/_coordinate_descent.py:614: ConvergenceWarning: Objective did not converge. You might want to increase the number of iterations. Duality gap: 0.12971551098874712, tolerance: 0.000298807947019867
  model = cd_fast.enet_coordinate_descent_gram(

[2024-05-22T00:09:40.959+0000] {warnings.py:109} WARNING - /home/***/.local/lib/python3.8/site-packages/sklearn/linear_model/_coordinate_descent.py:614: ConvergenceWarning: Objective did not converge. You might want to increase the number of iterations. Duality gap: 0.13342405063400964, tolerance: 0.000298807947019867
  model = cd_fast.enet_coordinate_descent_gram(

[2024-05-22T00:09:41.228+0000] {warnings.py:109} WARNING - /home/***/.local/lib/python3.8/site-packages/sklearn/linear_model/_coordinate_descent.py:614: ConvergenceWarning: Objective did not converge. You might want to increase the number of iterations. Duality gap: 0.13372283808624164, tolerance: 0.000298807947019867
  model = cd_fast.enet_coordinate_descent_gram(

[2024-05-22T00:09:41.432+0000] {warnings.py:109} WARNING - /home/***/.local/lib/python3.8/site-packages/sklearn/linear_model/_coordinate_descent.py:614: ConvergenceWarning: Objective did not converge. You might want to increase the number of iterations. Duality gap: 0.13185801202520087, tolerance: 0.000298807947019867
  model = cd_fast.enet_coordinate_descent_gram(

[2024-05-22T00:09:41.638+0000] {warnings.py:109} WARNING - /home/***/.local/lib/python3.8/site-packages/sklearn/linear_model/_coordinate_descent.py:614: ConvergenceWarning: Objective did not converge. You might want to increase the number of iterations. Duality gap: 0.13208469561528502, tolerance: 0.000298807947019867
  model = cd_fast.enet_coordinate_descent_gram(

[2024-05-22T00:09:41.929+0000] {warnings.py:109} WARNING - /home/***/.local/lib/python3.8/site-packages/sklearn/linear_model/_coordinate_descent.py:614: ConvergenceWarning: Objective did not converge. You might want to increase the number of iterations. Duality gap: 0.165464755931077, tolerance: 0.000298807947019867
  model = cd_fast.enet_coordinate_descent_gram(

[2024-05-22T00:09:42.940+0000] {warnings.py:109} WARNING - /home/***/.local/lib/python3.8/site-packages/sklearn/linear_model/_coordinate_descent.py:614: ConvergenceWarning: Objective did not converge. You might want to increase the number of iterations. Duality gap: 0.0005959240732753557, tolerance: 0.00029880952380952254
  model = cd_fast.enet_coordinate_descent_gram(

[2024-05-22T00:09:43.062+0000] {warnings.py:109} WARNING - /home/***/.local/lib/python3.8/site-packages/sklearn/linear_model/_coordinate_descent.py:614: ConvergenceWarning: Objective did not converge. You might want to increase the number of iterations. Duality gap: 0.0009647128734799892, tolerance: 0.00029880952380952254
  model = cd_fast.enet_coordinate_descent_gram(

[2024-05-22T00:09:43.442+0000] {warnings.py:109} WARNING - /home/***/.local/lib/python3.8/site-packages/sklearn/linear_model/_coordinate_descent.py:614: ConvergenceWarning: Objective did not converge. You might want to increase the number of iterations. Duality gap: 0.0006980080249747722, tolerance: 0.00029880952380952254
  model = cd_fast.enet_coordinate_descent_gram(

[2024-05-22T00:09:43.583+0000] {warnings.py:109} WARNING - /home/***/.local/lib/python3.8/site-packages/sklearn/linear_model/_coordinate_descent.py:614: ConvergenceWarning: Objective did not converge. You might want to increase the number of iterations. Duality gap: 0.001103860427351222, tolerance: 0.00029880952380952254
  model = cd_fast.enet_coordinate_descent_gram(

[2024-05-22T00:09:43.801+0000] {warnings.py:109} WARNING - /home/***/.local/lib/python3.8/site-packages/sklearn/linear_model/_coordinate_descent.py:614: ConvergenceWarning: Objective did not converge. You might want to increase the number of iterations. Duality gap: 0.0013528410089906906, tolerance: 0.00029880952380952254
  model = cd_fast.enet_coordinate_descent_gram(

[2024-05-22T00:09:43.942+0000] {warnings.py:109} WARNING - /home/***/.local/lib/python3.8/site-packages/sklearn/linear_model/_coordinate_descent.py:614: ConvergenceWarning: Objective did not converge. You might want to increase the number of iterations. Duality gap: 0.0013884667358237124, tolerance: 0.00029880952380952254
  model = cd_fast.enet_coordinate_descent_gram(

[2024-05-22T00:09:44.356+0000] {warnings.py:109} WARNING - /home/***/.local/lib/python3.8/site-packages/sklearn/linear_model/_coordinate_descent.py:614: ConvergenceWarning: Objective did not converge. You might want to increase the number of iterations. Duality gap: 0.0006926955866783935, tolerance: 0.00029880952380952254
  model = cd_fast.enet_coordinate_descent_gram(

[2024-05-22T00:09:44.481+0000] {warnings.py:109} WARNING - /home/***/.local/lib/python3.8/site-packages/sklearn/linear_model/_coordinate_descent.py:614: ConvergenceWarning: Objective did not converge. You might want to increase the number of iterations. Duality gap: 0.0011290847864628972, tolerance: 0.00029880952380952254
  model = cd_fast.enet_coordinate_descent_gram(

[2024-05-22T00:09:44.707+0000] {warnings.py:109} WARNING - /home/***/.local/lib/python3.8/site-packages/sklearn/linear_model/_coordinate_descent.py:614: ConvergenceWarning: Objective did not converge. You might want to increase the number of iterations. Duality gap: 0.006176692284994623, tolerance: 0.00029880952380952254
  model = cd_fast.enet_coordinate_descent_gram(

[2024-05-22T00:09:44.944+0000] {warnings.py:109} WARNING - /home/***/.local/lib/python3.8/site-packages/sklearn/linear_model/_coordinate_descent.py:614: ConvergenceWarning: Objective did not converge. You might want to increase the number of iterations. Duality gap: 0.0012368566251264035, tolerance: 0.00029880952380952254
  model = cd_fast.enet_coordinate_descent_gram(

[2024-05-22T00:09:45.095+0000] {warnings.py:109} WARNING - /home/***/.local/lib/python3.8/site-packages/sklearn/linear_model/_coordinate_descent.py:614: ConvergenceWarning: Objective did not converge. You might want to increase the number of iterations. Duality gap: 0.0011350499165594385, tolerance: 0.00029880952380952254
  model = cd_fast.enet_coordinate_descent_gram(

[2024-05-22T00:09:45.219+0000] {warnings.py:109} WARNING - /home/***/.local/lib/python3.8/site-packages/sklearn/linear_model/_coordinate_descent.py:614: ConvergenceWarning: Objective did not converge. You might want to increase the number of iterations. Duality gap: 0.0008298045438861479, tolerance: 0.00029880952380952254
  model = cd_fast.enet_coordinate_descent_gram(

[2024-05-22T00:09:45.307+0000] {warnings.py:109} WARNING - /home/***/.local/lib/python3.8/site-packages/sklearn/linear_model/_coordinate_descent.py:614: ConvergenceWarning: Objective did not converge. You might want to increase the number of iterations. Duality gap: 0.0008994592121362999, tolerance: 0.00029880952380952254
  model = cd_fast.enet_coordinate_descent_gram(

[2024-05-22T00:09:45.388+0000] {warnings.py:109} WARNING - /home/***/.local/lib/python3.8/site-packages/sklearn/linear_model/_coordinate_descent.py:614: ConvergenceWarning: Objective did not converge. You might want to increase the number of iterations. Duality gap: 0.0012303071404713428, tolerance: 0.00029880952380952254
  model = cd_fast.enet_coordinate_descent_gram(

[2024-05-22T00:09:45.564+0000] {warnings.py:109} WARNING - /home/***/.local/lib/python3.8/site-packages/sklearn/linear_model/_coordinate_descent.py:614: ConvergenceWarning: Objective did not converge. You might want to increase the number of iterations. Duality gap: 0.0015984493862846172, tolerance: 0.00029880952380952254
  model = cd_fast.enet_coordinate_descent_gram(

[2024-05-22T00:09:45.721+0000] {warnings.py:109} WARNING - /home/***/.local/lib/python3.8/site-packages/sklearn/linear_model/_coordinate_descent.py:614: ConvergenceWarning: Objective did not converge. You might want to increase the number of iterations. Duality gap: 0.001258094259567688, tolerance: 0.00029880952380952254
  model = cd_fast.enet_coordinate_descent_gram(

[2024-05-22T00:09:45.873+0000] {warnings.py:109} WARNING - /home/***/.local/lib/python3.8/site-packages/sklearn/linear_model/_coordinate_descent.py:614: ConvergenceWarning: Objective did not converge. You might want to increase the number of iterations. Duality gap: 0.001403861867231626, tolerance: 0.00029880952380952254
  model = cd_fast.enet_coordinate_descent_gram(

[2024-05-22T00:09:46.073+0000] {warnings.py:109} WARNING - /home/***/.local/lib/python3.8/site-packages/sklearn/linear_model/_coordinate_descent.py:614: ConvergenceWarning: Objective did not converge. You might want to increase the number of iterations. Duality gap: 0.008636235033149475, tolerance: 0.00029880952380952254
  model = cd_fast.enet_coordinate_descent_gram(

[2024-05-22T00:09:46.222+0000] {warnings.py:109} WARNING - /home/***/.local/lib/python3.8/site-packages/sklearn/linear_model/_coordinate_descent.py:614: ConvergenceWarning: Objective did not converge. You might want to increase the number of iterations. Duality gap: 0.018605357921984922, tolerance: 0.00029880952380952254
  model = cd_fast.enet_coordinate_descent_gram(

[2024-05-22T00:09:46.383+0000] {warnings.py:109} WARNING - /home/***/.local/lib/python3.8/site-packages/sklearn/linear_model/_coordinate_descent.py:614: ConvergenceWarning: Objective did not converge. You might want to increase the number of iterations. Duality gap: 0.03064360751819417, tolerance: 0.00029880952380952254
  model = cd_fast.enet_coordinate_descent_gram(

[2024-05-22T00:09:46.548+0000] {warnings.py:109} WARNING - /home/***/.local/lib/python3.8/site-packages/sklearn/linear_model/_coordinate_descent.py:614: ConvergenceWarning: Objective did not converge. You might want to increase the number of iterations. Duality gap: 0.039655112781791235, tolerance: 0.00029880952380952254
  model = cd_fast.enet_coordinate_descent_gram(

[2024-05-22T00:09:46.688+0000] {warnings.py:109} WARNING - /home/***/.local/lib/python3.8/site-packages/sklearn/linear_model/_coordinate_descent.py:614: ConvergenceWarning: Objective did not converge. You might want to increase the number of iterations. Duality gap: 0.04620539326349382, tolerance: 0.00029880952380952254
  model = cd_fast.enet_coordinate_descent_gram(

[2024-05-22T00:09:46.837+0000] {warnings.py:109} WARNING - /home/***/.local/lib/python3.8/site-packages/sklearn/linear_model/_coordinate_descent.py:614: ConvergenceWarning: Objective did not converge. You might want to increase the number of iterations. Duality gap: 0.04393804173890503, tolerance: 0.00029880952380952254
  model = cd_fast.enet_coordinate_descent_gram(

[2024-05-22T00:09:47.013+0000] {warnings.py:109} WARNING - /home/***/.local/lib/python3.8/site-packages/sklearn/linear_model/_coordinate_descent.py:614: ConvergenceWarning: Objective did not converge. You might want to increase the number of iterations. Duality gap: 0.03994225823042541, tolerance: 0.00029880952380952254
  model = cd_fast.enet_coordinate_descent_gram(

[2024-05-22T00:09:47.167+0000] {warnings.py:109} WARNING - /home/***/.local/lib/python3.8/site-packages/sklearn/linear_model/_coordinate_descent.py:614: ConvergenceWarning: Objective did not converge. You might want to increase the number of iterations. Duality gap: 0.03590999387164118, tolerance: 0.00029880952380952254
  model = cd_fast.enet_coordinate_descent_gram(

[2024-05-22T00:09:47.339+0000] {warnings.py:109} WARNING - /home/***/.local/lib/python3.8/site-packages/sklearn/linear_model/_coordinate_descent.py:614: ConvergenceWarning: Objective did not converge. You might want to increase the number of iterations. Duality gap: 0.0316669712865969, tolerance: 0.00029880952380952254
  model = cd_fast.enet_coordinate_descent_gram(

[2024-05-22T00:09:47.478+0000] {warnings.py:109} WARNING - /home/***/.local/lib/python3.8/site-packages/sklearn/linear_model/_coordinate_descent.py:614: ConvergenceWarning: Objective did not converge. You might want to increase the number of iterations. Duality gap: 0.026802511283835928, tolerance: 0.00029880952380952254
  model = cd_fast.enet_coordinate_descent_gram(

[2024-05-22T00:09:47.568+0000] {warnings.py:109} WARNING - /home/***/.local/lib/python3.8/site-packages/sklearn/linear_model/_coordinate_descent.py:614: ConvergenceWarning: Objective did not converge. You might want to increase the number of iterations. Duality gap: 0.022412060914495324, tolerance: 0.00029880952380952254
  model = cd_fast.enet_coordinate_descent_gram(

[2024-05-22T00:09:47.792+0000] {warnings.py:109} WARNING - /home/***/.local/lib/python3.8/site-packages/sklearn/linear_model/_coordinate_descent.py:614: ConvergenceWarning: Objective did not converge. You might want to increase the number of iterations. Duality gap: 0.023393744519289106, tolerance: 0.00029880952380952254
  model = cd_fast.enet_coordinate_descent_gram(

[2024-05-22T00:09:47.902+0000] {warnings.py:109} WARNING - /home/***/.local/lib/python3.8/site-packages/sklearn/linear_model/_coordinate_descent.py:614: ConvergenceWarning: Objective did not converge. You might want to increase the number of iterations. Duality gap: 0.029561117060862063, tolerance: 0.00029880952380952254
  model = cd_fast.enet_coordinate_descent_gram(

[2024-05-22T00:09:47.984+0000] {warnings.py:109} WARNING - /home/***/.local/lib/python3.8/site-packages/sklearn/linear_model/_coordinate_descent.py:614: ConvergenceWarning: Objective did not converge. You might want to increase the number of iterations. Duality gap: 0.04639899678640913, tolerance: 0.00029880952380952254
  model = cd_fast.enet_coordinate_descent_gram(

[2024-05-22T00:09:48.176+0000] {warnings.py:109} WARNING - /home/***/.local/lib/python3.8/site-packages/sklearn/linear_model/_coordinate_descent.py:614: ConvergenceWarning: Objective did not converge. You might want to increase the number of iterations. Duality gap: 0.06399837615767368, tolerance: 0.00029880952380952254
  model = cd_fast.enet_coordinate_descent_gram(

[2024-05-22T00:09:48.249+0000] {warnings.py:109} WARNING - /home/***/.local/lib/python3.8/site-packages/sklearn/linear_model/_coordinate_descent.py:614: ConvergenceWarning: Objective did not converge. You might want to increase the number of iterations. Duality gap: 0.08012198978885121, tolerance: 0.00029880952380952254
  model = cd_fast.enet_coordinate_descent_gram(

[2024-05-22T00:09:48.409+0000] {warnings.py:109} WARNING - /home/***/.local/lib/python3.8/site-packages/sklearn/linear_model/_coordinate_descent.py:614: ConvergenceWarning: Objective did not converge. You might want to increase the number of iterations. Duality gap: 0.09818665377124902, tolerance: 0.00029880952380952254
  model = cd_fast.enet_coordinate_descent_gram(

[2024-05-22T00:09:48.566+0000] {warnings.py:109} WARNING - /home/***/.local/lib/python3.8/site-packages/sklearn/linear_model/_coordinate_descent.py:614: ConvergenceWarning: Objective did not converge. You might want to increase the number of iterations. Duality gap: 0.11628463180121562, tolerance: 0.00029880952380952254
  model = cd_fast.enet_coordinate_descent_gram(

[2024-05-22T00:09:48.719+0000] {warnings.py:109} WARNING - /home/***/.local/lib/python3.8/site-packages/sklearn/linear_model/_coordinate_descent.py:614: ConvergenceWarning: Objective did not converge. You might want to increase the number of iterations. Duality gap: 0.13376451343444007, tolerance: 0.00029880952380952254
  model = cd_fast.enet_coordinate_descent_gram(

[2024-05-22T00:09:48.887+0000] {warnings.py:109} WARNING - /home/***/.local/lib/python3.8/site-packages/sklearn/linear_model/_coordinate_descent.py:614: ConvergenceWarning: Objective did not converge. You might want to increase the number of iterations. Duality gap: 0.15076936697145582, tolerance: 0.00029880952380952254
  model = cd_fast.enet_coordinate_descent_gram(

[2024-05-22T00:09:49.283+0000] {python.py:194} INFO - Done. Returned value was: None
[2024-05-22T00:09:49.313+0000] {taskinstance.py:1400} INFO - Marking task as SUCCESS. dag_id=fraud_bitcoin, task_id=load_and_prepare_data, execution_date=20240521T000000, start_date=20240522T000904, end_date=20240522T000949
[2024-05-22T00:09:49.457+0000] {local_task_job_runner.py:228} INFO - Task exited with return code 0
[2024-05-22T00:09:49.549+0000] {taskinstance.py:2778} INFO - 5 downstream tasks scheduled from follow-on schedule check
