[2024-05-22T00:43:05.461+0000] {taskinstance.py:1159} INFO - Dependencies all met for dep_context=non-requeueable deps ti=<TaskInstance: fraud_bitcoin.load_and_prepare_data scheduled__2024-05-21T00:00:00+00:00 [queued]>
[2024-05-22T00:43:05.472+0000] {taskinstance.py:1159} INFO - Dependencies all met for dep_context=requeueable deps ti=<TaskInstance: fraud_bitcoin.load_and_prepare_data scheduled__2024-05-21T00:00:00+00:00 [queued]>
[2024-05-22T00:43:05.472+0000] {taskinstance.py:1361} INFO - Starting attempt 5 of 6
[2024-05-22T00:43:05.487+0000] {taskinstance.py:1382} INFO - Executing <Task(PythonOperator): load_and_prepare_data> on 2024-05-21 00:00:00+00:00
[2024-05-22T00:43:05.544+0000] {standard_task_runner.py:57} INFO - Started process 4306 to run task
[2024-05-22T00:43:05.552+0000] {standard_task_runner.py:84} INFO - Running: ['***', 'tasks', 'run', 'fraud_bitcoin', 'load_and_prepare_data', 'scheduled__2024-05-21T00:00:00+00:00', '--job-id', '396', '--raw', '--subdir', 'DAGS_FOLDER/fraud.py', '--cfg-path', '/tmp/tmprc8b1w10']
[2024-05-22T00:43:05.560+0000] {standard_task_runner.py:85} INFO - Job 396: Subtask load_and_prepare_data
[2024-05-22T00:43:05.658+0000] {task_command.py:416} INFO - Running <TaskInstance: fraud_bitcoin.load_and_prepare_data scheduled__2024-05-21T00:00:00+00:00 [running]> on host 66abfe055500
[2024-05-22T00:43:05.795+0000] {taskinstance.py:1662} INFO - Exporting env vars: AIRFLOW_CTX_DAG_OWNER='***' AIRFLOW_CTX_DAG_ID='fraud_bitcoin' AIRFLOW_CTX_TASK_ID='load_and_prepare_data' AIRFLOW_CTX_EXECUTION_DATE='2024-05-21T00:00:00+00:00' AIRFLOW_CTX_TRY_NUMBER='5' AIRFLOW_CTX_DAG_RUN_ID='scheduled__2024-05-21T00:00:00+00:00'
[2024-05-22T00:43:06.236+0000] {fraud.py:46} INFO - Data loaded successfully
[2024-05-22T00:43:06.260+0000] {fraud.py:52} INFO - Data filtered and columns separated
[2024-05-22T00:43:06.281+0000] {fraud.py:57} INFO - Data scaled
[2024-05-22T00:43:06.287+0000] {fraud.py:61} INFO - Data split into training and test sets
[2024-05-22T00:43:06.854+0000] {fraud.py:74} WARNING - No significant features found. Using fallback feature set.
[2024-05-22T00:43:06.874+0000] {fraud.py:78} INFO - Significant features selected: ['Time step', 'Local_feature_1', 'Local_feature_2', 'Local_feature_3', 'Local_feature_4']
[2024-05-22T00:43:06.901+0000] {fraud.py:83} INFO - Significant features extracted from training and test sets
[2024-05-22T00:43:07.697+0000] {python.py:194} INFO - Done. Returned value was: None
[2024-05-22T00:43:07.775+0000] {taskinstance.py:1400} INFO - Marking task as SUCCESS. dag_id=fraud_bitcoin, task_id=load_and_prepare_data, execution_date=20240521T000000, start_date=20240522T004305, end_date=20240522T004307
[2024-05-22T00:43:07.948+0000] {local_task_job_runner.py:228} INFO - Task exited with return code 0
[2024-05-22T00:43:08.051+0000] {taskinstance.py:2778} INFO - 5 downstream tasks scheduled from follow-on schedule check
