[2024-05-22T01:06:56.795+0000] {taskinstance.py:1159} INFO - Dependencies all met for dep_context=non-requeueable deps ti=<TaskInstance: fraud_bitcoin.load_and_prepare_data scheduled__2024-05-21T00:00:00+00:00 [queued]>
[2024-05-22T01:06:56.807+0000] {taskinstance.py:1159} INFO - Dependencies all met for dep_context=requeueable deps ti=<TaskInstance: fraud_bitcoin.load_and_prepare_data scheduled__2024-05-21T00:00:00+00:00 [queued]>
[2024-05-22T01:06:56.808+0000] {taskinstance.py:1361} INFO - Starting attempt 7 of 8
[2024-05-22T01:06:56.823+0000] {taskinstance.py:1382} INFO - Executing <Task(PythonOperator): load_and_prepare_data> on 2024-05-21 00:00:00+00:00
[2024-05-22T01:06:56.859+0000] {standard_task_runner.py:57} INFO - Started process 4905 to run task
[2024-05-22T01:06:56.868+0000] {standard_task_runner.py:84} INFO - Running: ['***', 'tasks', 'run', 'fraud_bitcoin', 'load_and_prepare_data', 'scheduled__2024-05-21T00:00:00+00:00', '--job-id', '411', '--raw', '--subdir', 'DAGS_FOLDER/fraud.py', '--cfg-path', '/tmp/tmpzbyyfudr']
[2024-05-22T01:06:56.877+0000] {standard_task_runner.py:85} INFO - Job 411: Subtask load_and_prepare_data
[2024-05-22T01:06:56.969+0000] {task_command.py:416} INFO - Running <TaskInstance: fraud_bitcoin.load_and_prepare_data scheduled__2024-05-21T00:00:00+00:00 [running]> on host 66abfe055500
[2024-05-22T01:06:57.079+0000] {taskinstance.py:1662} INFO - Exporting env vars: AIRFLOW_CTX_DAG_OWNER='***' AIRFLOW_CTX_DAG_ID='fraud_bitcoin' AIRFLOW_CTX_TASK_ID='load_and_prepare_data' AIRFLOW_CTX_EXECUTION_DATE='2024-05-21T00:00:00+00:00' AIRFLOW_CTX_TRY_NUMBER='7' AIRFLOW_CTX_DAG_RUN_ID='scheduled__2024-05-21T00:00:00+00:00'
[2024-05-22T01:06:57.520+0000] {fraud.py:46} INFO - Data loaded successfully
[2024-05-22T01:07:00.162+0000] {warnings.py:109} WARNING - /home/***/.local/lib/python3.8/site-packages/sklearn/linear_model/_coordinate_descent.py:614: ConvergenceWarning: Objective did not converge. You might want to increase the number of iterations. Duality gap: 0.07022099919879565, tolerance: 0.05530353697749243
  model = cd_fast.enet_coordinate_descent_gram(

[2024-05-22T01:07:00.331+0000] {warnings.py:109} WARNING - /home/***/.local/lib/python3.8/site-packages/sklearn/linear_model/_coordinate_descent.py:614: ConvergenceWarning: Objective did not converge. You might want to increase the number of iterations. Duality gap: 0.08200563975137243, tolerance: 0.05530353697749243
  model = cd_fast.enet_coordinate_descent_gram(

[2024-05-22T01:07:00.469+0000] {warnings.py:109} WARNING - /home/***/.local/lib/python3.8/site-packages/sklearn/linear_model/_coordinate_descent.py:614: ConvergenceWarning: Objective did not converge. You might want to increase the number of iterations. Duality gap: 0.08195737019394755, tolerance: 0.05530353697749243
  model = cd_fast.enet_coordinate_descent_gram(

[2024-05-22T01:07:00.550+0000] {warnings.py:109} WARNING - /home/***/.local/lib/python3.8/site-packages/sklearn/linear_model/_coordinate_descent.py:614: ConvergenceWarning: Objective did not converge. You might want to increase the number of iterations. Duality gap: 0.07949922141202137, tolerance: 0.05530353697749243
  model = cd_fast.enet_coordinate_descent_gram(

[2024-05-22T01:07:00.678+0000] {warnings.py:109} WARNING - /home/***/.local/lib/python3.8/site-packages/sklearn/linear_model/_coordinate_descent.py:614: ConvergenceWarning: Objective did not converge. You might want to increase the number of iterations. Duality gap: 0.4112884205606804, tolerance: 0.05530353697749243
  model = cd_fast.enet_coordinate_descent_gram(

[2024-05-22T01:07:00.799+0000] {warnings.py:109} WARNING - /home/***/.local/lib/python3.8/site-packages/sklearn/linear_model/_coordinate_descent.py:614: ConvergenceWarning: Objective did not converge. You might want to increase the number of iterations. Duality gap: 0.7750275300371925, tolerance: 0.05530353697749243
  model = cd_fast.enet_coordinate_descent_gram(

[2024-05-22T01:07:00.949+0000] {warnings.py:109} WARNING - /home/***/.local/lib/python3.8/site-packages/sklearn/linear_model/_coordinate_descent.py:614: ConvergenceWarning: Objective did not converge. You might want to increase the number of iterations. Duality gap: 0.8541678471855505, tolerance: 0.05530353697749243
  model = cd_fast.enet_coordinate_descent_gram(

[2024-05-22T01:07:03.269+0000] {warnings.py:109} WARNING - /home/***/.local/lib/python3.8/site-packages/sklearn/linear_model/_coordinate_descent.py:614: ConvergenceWarning: Objective did not converge. You might want to increase the number of iterations. Duality gap: 0.22084016364539139, tolerance: 0.05603694176491522
  model = cd_fast.enet_coordinate_descent_gram(

[2024-05-22T01:07:03.397+0000] {warnings.py:109} WARNING - /home/***/.local/lib/python3.8/site-packages/sklearn/linear_model/_coordinate_descent.py:614: ConvergenceWarning: Objective did not converge. You might want to increase the number of iterations. Duality gap: 0.625513095030584, tolerance: 0.05603694176491522
  model = cd_fast.enet_coordinate_descent_gram(

[2024-05-22T01:07:03.553+0000] {warnings.py:109} WARNING - /home/***/.local/lib/python3.8/site-packages/sklearn/linear_model/_coordinate_descent.py:614: ConvergenceWarning: Objective did not converge. You might want to increase the number of iterations. Duality gap: 0.7865341074678156, tolerance: 0.05603694176491522
  model = cd_fast.enet_coordinate_descent_gram(

[2024-05-22T01:07:03.884+0000] {warnings.py:109} WARNING - /home/***/.local/lib/python3.8/site-packages/sklearn/linear_model/_coordinate_descent.py:614: ConvergenceWarning: Objective did not converge. You might want to increase the number of iterations. Duality gap: 0.8471626529236573, tolerance: 0.05603694176491522
  model = cd_fast.enet_coordinate_descent_gram(

[2024-05-22T01:07:04.211+0000] {warnings.py:109} WARNING - /home/***/.local/lib/python3.8/site-packages/sklearn/linear_model/_coordinate_descent.py:614: ConvergenceWarning: Objective did not converge. You might want to increase the number of iterations. Duality gap: 1.0586749992015996, tolerance: 0.05603694176491522
  model = cd_fast.enet_coordinate_descent_gram(

[2024-05-22T01:07:04.524+0000] {warnings.py:109} WARNING - /home/***/.local/lib/python3.8/site-packages/sklearn/linear_model/_coordinate_descent.py:614: ConvergenceWarning: Objective did not converge. You might want to increase the number of iterations. Duality gap: 1.1905823768958328, tolerance: 0.05603694176491522
  model = cd_fast.enet_coordinate_descent_gram(

[2024-05-22T01:07:08.414+0000] {warnings.py:109} WARNING - /home/***/.local/lib/python3.8/site-packages/sklearn/linear_model/_coordinate_descent.py:614: ConvergenceWarning: Objective did not converge. You might want to increase the number of iterations. Duality gap: 0.13859287188449798, tolerance: 0.054494176491603596
  model = cd_fast.enet_coordinate_descent_gram(

[2024-05-22T01:07:08.562+0000] {warnings.py:109} WARNING - /home/***/.local/lib/python3.8/site-packages/sklearn/linear_model/_coordinate_descent.py:614: ConvergenceWarning: Objective did not converge. You might want to increase the number of iterations. Duality gap: 0.40333095951353926, tolerance: 0.054494176491603596
  model = cd_fast.enet_coordinate_descent_gram(

[2024-05-22T01:07:08.707+0000] {warnings.py:109} WARNING - /home/***/.local/lib/python3.8/site-packages/sklearn/linear_model/_coordinate_descent.py:614: ConvergenceWarning: Objective did not converge. You might want to increase the number of iterations. Duality gap: 0.5128391506398486, tolerance: 0.054494176491603596
  model = cd_fast.enet_coordinate_descent_gram(

[2024-05-22T01:07:08.834+0000] {warnings.py:109} WARNING - /home/***/.local/lib/python3.8/site-packages/sklearn/linear_model/_coordinate_descent.py:614: ConvergenceWarning: Objective did not converge. You might want to increase the number of iterations. Duality gap: 0.5453157919292835, tolerance: 0.054494176491603596
  model = cd_fast.enet_coordinate_descent_gram(

[2024-05-22T01:07:08.945+0000] {warnings.py:109} WARNING - /home/***/.local/lib/python3.8/site-packages/sklearn/linear_model/_coordinate_descent.py:614: ConvergenceWarning: Objective did not converge. You might want to increase the number of iterations. Duality gap: 0.567092720025471, tolerance: 0.054494176491603596
  model = cd_fast.enet_coordinate_descent_gram(

[2024-05-22T01:07:09.181+0000] {warnings.py:109} WARNING - /home/***/.local/lib/python3.8/site-packages/sklearn/linear_model/_coordinate_descent.py:614: ConvergenceWarning: Objective did not converge. You might want to increase the number of iterations. Duality gap: 0.589587811853022, tolerance: 0.054494176491603596
  model = cd_fast.enet_coordinate_descent_gram(

[2024-05-22T01:07:11.928+0000] {warnings.py:109} WARNING - /home/***/.local/lib/python3.8/site-packages/sklearn/linear_model/_coordinate_descent.py:614: ConvergenceWarning: Objective did not converge. You might want to increase the number of iterations. Duality gap: 0.12426513085969759, tolerance: 0.0546468024294404
  model = cd_fast.enet_coordinate_descent_gram(

[2024-05-22T01:07:12.051+0000] {warnings.py:109} WARNING - /home/***/.local/lib/python3.8/site-packages/sklearn/linear_model/_coordinate_descent.py:614: ConvergenceWarning: Objective did not converge. You might want to increase the number of iterations. Duality gap: 0.19575796286969194, tolerance: 0.0546468024294404
  model = cd_fast.enet_coordinate_descent_gram(

[2024-05-22T01:07:12.147+0000] {warnings.py:109} WARNING - /home/***/.local/lib/python3.8/site-packages/sklearn/linear_model/_coordinate_descent.py:614: ConvergenceWarning: Objective did not converge. You might want to increase the number of iterations. Duality gap: 0.2481383102670236, tolerance: 0.0546468024294404
  model = cd_fast.enet_coordinate_descent_gram(

[2024-05-22T01:07:12.325+0000] {warnings.py:109} WARNING - /home/***/.local/lib/python3.8/site-packages/sklearn/linear_model/_coordinate_descent.py:614: ConvergenceWarning: Objective did not converge. You might want to increase the number of iterations. Duality gap: 0.27815932691032685, tolerance: 0.0546468024294404
  model = cd_fast.enet_coordinate_descent_gram(

[2024-05-22T01:07:15.506+0000] {warnings.py:109} WARNING - /home/***/.local/lib/python3.8/site-packages/sklearn/linear_model/_coordinate_descent.py:614: ConvergenceWarning: Objective did not converge. You might want to increase the number of iterations. Duality gap: 0.1954748380388196, tolerance: 0.05497110714285686
  model = cd_fast.enet_coordinate_descent_gram(

[2024-05-22T01:07:15.735+0000] {warnings.py:109} WARNING - /home/***/.local/lib/python3.8/site-packages/sklearn/linear_model/_coordinate_descent.py:614: ConvergenceWarning: Objective did not converge. You might want to increase the number of iterations. Duality gap: 0.29785776866046376, tolerance: 0.05497110714285686
  model = cd_fast.enet_coordinate_descent_gram(

[2024-05-22T01:07:15.917+0000] {warnings.py:109} WARNING - /home/***/.local/lib/python3.8/site-packages/sklearn/linear_model/_coordinate_descent.py:614: ConvergenceWarning: Objective did not converge. You might want to increase the number of iterations. Duality gap: 0.370326306580921, tolerance: 0.05497110714285686
  model = cd_fast.enet_coordinate_descent_gram(

[2024-05-22T01:07:16.082+0000] {warnings.py:109} WARNING - /home/***/.local/lib/python3.8/site-packages/sklearn/linear_model/_coordinate_descent.py:614: ConvergenceWarning: Objective did not converge. You might want to increase the number of iterations. Duality gap: 0.4167927874072177, tolerance: 0.05497110714285686
  model = cd_fast.enet_coordinate_descent_gram(

[2024-05-22T01:07:17.765+0000] {fraud.py:64} INFO - Best alpha value: 0.001485110932027063
[2024-05-22T01:07:19.557+0000] {fraud.py:75} INFO - ['Local_feature_2', 'Local_feature_3', 'Local_feature_6', 'Local_feature_7', 'Local_feature_8', 'Local_feature_10', 'Local_feature_13', 'Local_feature_15', 'Local_feature_18', 'Local_feature_20', 'Local_feature_22', 'Local_feature_27', 'Local_feature_28', 'Local_feature_33', 'Local_feature_35', 'Local_feature_36', 'Local_feature_38', 'Local_feature_40', 'Local_feature_42', 'Local_feature_45', 'Local_feature_48', 'Local_feature_49', 'Local_feature_51', 'Local_feature_52', 'Local_feature_53', 'Local_feature_54', 'Local_feature_57', 'Local_feature_59', 'Local_feature_60', 'Local_feature_65', 'Local_feature_66', 'Local_feature_71', 'Local_feature_72', 'Local_feature_75', 'Local_feature_76', 'Local_feature_77', 'Local_feature_81', 'Local_feature_82', 'Local_feature_83', 'Local_feature_87', 'Local_feature_88', 'Local_feature_90', 'Local_feature_93', 'Aggregate_feature_2', 'Aggregate_feature_3', 'Aggregate_feature_5', 'Aggregate_feature_8', 'Aggregate_feature_9', 'Aggregate_feature_12', 'Aggregate_feature_13', 'Aggregate_feature_14', 'Aggregate_feature_17', 'Aggregate_feature_19', 'Aggregate_feature_20', 'Aggregate_feature_21', 'Aggregate_feature_24', 'Aggregate_feature_30', 'Aggregate_feature_31', 'Aggregate_feature_32', 'Aggregate_feature_34', 'Aggregate_feature_35', 'Aggregate_feature_37', 'Aggregate_feature_41', 'Aggregate_feature_44', 'Aggregate_feature_48', 'Aggregate_feature_49', 'Aggregate_feature_50', 'Aggregate_feature_52', 'Aggregate_feature_53', 'Aggregate_feature_56', 'Aggregate_feature_57', 'Aggregate_feature_58', 'Aggregate_feature_60', 'Aggregate_feature_61', 'Aggregate_feature_63', 'Aggregate_feature_65', 'Aggregate_feature_67', 'Aggregate_feature_70', 'Aggregate_feature_71']
[2024-05-22T01:07:19.569+0000] {fraud.py:81} INFO - Number of features selected: 79 out of 166
[2024-05-22T01:07:19.627+0000] {python.py:194} INFO - Done. Returned value was: None
[2024-05-22T01:07:19.656+0000] {taskinstance.py:1400} INFO - Marking task as SUCCESS. dag_id=fraud_bitcoin, task_id=load_and_prepare_data, execution_date=20240521T000000, start_date=20240522T010656, end_date=20240522T010719
[2024-05-22T01:07:19.737+0000] {local_task_job_runner.py:228} INFO - Task exited with return code 0
[2024-05-22T01:07:19.777+0000] {taskinstance.py:2778} INFO - 5 downstream tasks scheduled from follow-on schedule check
