[2024-05-22T00:40:18.586+0000] {taskinstance.py:1159} INFO - Dependencies all met for dep_context=non-requeueable deps ti=<TaskInstance: fraud_bitcoin.load_and_prepare_data scheduled__2024-05-21T00:00:00+00:00 [queued]>
[2024-05-22T00:40:18.599+0000] {taskinstance.py:1159} INFO - Dependencies all met for dep_context=requeueable deps ti=<TaskInstance: fraud_bitcoin.load_and_prepare_data scheduled__2024-05-21T00:00:00+00:00 [queued]>
[2024-05-22T00:40:18.600+0000] {taskinstance.py:1361} INFO - Starting attempt 4 of 5
[2024-05-22T00:40:18.619+0000] {taskinstance.py:1382} INFO - Executing <Task(PythonOperator): load_and_prepare_data> on 2024-05-21 00:00:00+00:00
[2024-05-22T00:40:18.690+0000] {standard_task_runner.py:57} INFO - Started process 4242 to run task
[2024-05-22T00:40:18.700+0000] {standard_task_runner.py:84} INFO - Running: ['***', 'tasks', 'run', 'fraud_bitcoin', 'load_and_prepare_data', 'scheduled__2024-05-21T00:00:00+00:00', '--job-id', '395', '--raw', '--subdir', 'DAGS_FOLDER/fraud.py', '--cfg-path', '/tmp/tmpp7dhg2r0']
[2024-05-22T00:40:18.711+0000] {standard_task_runner.py:85} INFO - Job 395: Subtask load_and_prepare_data
[2024-05-22T00:40:18.860+0000] {task_command.py:416} INFO - Running <TaskInstance: fraud_bitcoin.load_and_prepare_data scheduled__2024-05-21T00:00:00+00:00 [running]> on host 66abfe055500
[2024-05-22T00:40:19.012+0000] {taskinstance.py:1662} INFO - Exporting env vars: AIRFLOW_CTX_DAG_OWNER='***' AIRFLOW_CTX_DAG_ID='fraud_bitcoin' AIRFLOW_CTX_TASK_ID='load_and_prepare_data' AIRFLOW_CTX_EXECUTION_DATE='2024-05-21T00:00:00+00:00' AIRFLOW_CTX_TRY_NUMBER='4' AIRFLOW_CTX_DAG_RUN_ID='scheduled__2024-05-21T00:00:00+00:00'
[2024-05-22T00:40:19.802+0000] {fraud.py:46} INFO - Data loaded successfully
[2024-05-22T00:40:19.845+0000] {fraud.py:52} INFO - Data filtered and columns separated
[2024-05-22T00:40:19.861+0000] {fraud.py:57} INFO - Data scaled
[2024-05-22T00:40:19.868+0000] {fraud.py:61} INFO - Data split into training and test sets
[2024-05-22T00:40:21.776+0000] {warnings.py:109} WARNING - /home/***/.local/lib/python3.8/site-packages/sklearn/linear_model/_coordinate_descent.py:614: ConvergenceWarning: Objective did not converge. You might want to increase the number of iterations. Duality gap: 0.0003109234027185437, tolerance: 0.0002988079470198671
  model = cd_fast.enet_coordinate_descent_gram(

[2024-05-22T00:40:22.554+0000] {warnings.py:109} WARNING - /home/***/.local/lib/python3.8/site-packages/sklearn/linear_model/_coordinate_descent.py:614: ConvergenceWarning: Objective did not converge. You might want to increase the number of iterations. Duality gap: 0.0007373463163005134, tolerance: 0.0002988079470198671
  model = cd_fast.enet_coordinate_descent_gram(

[2024-05-22T00:40:22.699+0000] {warnings.py:109} WARNING - /home/***/.local/lib/python3.8/site-packages/sklearn/linear_model/_coordinate_descent.py:614: ConvergenceWarning: Objective did not converge. You might want to increase the number of iterations. Duality gap: 0.0012624580457596402, tolerance: 0.0002988079470198671
  model = cd_fast.enet_coordinate_descent_gram(

[2024-05-22T00:40:22.887+0000] {warnings.py:109} WARNING - /home/***/.local/lib/python3.8/site-packages/sklearn/linear_model/_coordinate_descent.py:614: ConvergenceWarning: Objective did not converge. You might want to increase the number of iterations. Duality gap: 0.0012316136421057777, tolerance: 0.0002988079470198671
  model = cd_fast.enet_coordinate_descent_gram(

[2024-05-22T00:40:23.003+0000] {warnings.py:109} WARNING - /home/***/.local/lib/python3.8/site-packages/sklearn/linear_model/_coordinate_descent.py:614: ConvergenceWarning: Objective did not converge. You might want to increase the number of iterations. Duality gap: 0.0015583290493590418, tolerance: 0.0002988079470198671
  model = cd_fast.enet_coordinate_descent_gram(

[2024-05-22T00:40:23.192+0000] {warnings.py:109} WARNING - /home/***/.local/lib/python3.8/site-packages/sklearn/linear_model/_coordinate_descent.py:614: ConvergenceWarning: Objective did not converge. You might want to increase the number of iterations. Duality gap: 0.0016521995461515893, tolerance: 0.0002988079470198671
  model = cd_fast.enet_coordinate_descent_gram(

[2024-05-22T00:40:23.301+0000] {warnings.py:109} WARNING - /home/***/.local/lib/python3.8/site-packages/sklearn/linear_model/_coordinate_descent.py:614: ConvergenceWarning: Objective did not converge. You might want to increase the number of iterations. Duality gap: 0.0014651271420118572, tolerance: 0.0002988079470198671
  model = cd_fast.enet_coordinate_descent_gram(

[2024-05-22T00:40:23.477+0000] {warnings.py:109} WARNING - /home/***/.local/lib/python3.8/site-packages/sklearn/linear_model/_coordinate_descent.py:614: ConvergenceWarning: Objective did not converge. You might want to increase the number of iterations. Duality gap: 0.001978832416819065, tolerance: 0.0002988079470198671
  model = cd_fast.enet_coordinate_descent_gram(

[2024-05-22T00:40:23.612+0000] {warnings.py:109} WARNING - /home/***/.local/lib/python3.8/site-packages/sklearn/linear_model/_coordinate_descent.py:614: ConvergenceWarning: Objective did not converge. You might want to increase the number of iterations. Duality gap: 0.010335938992067195, tolerance: 0.0002988079470198671
  model = cd_fast.enet_coordinate_descent_gram(

[2024-05-22T00:40:23.728+0000] {warnings.py:109} WARNING - /home/***/.local/lib/python3.8/site-packages/sklearn/linear_model/_coordinate_descent.py:614: ConvergenceWarning: Objective did not converge. You might want to increase the number of iterations. Duality gap: 0.014935209820374551, tolerance: 0.0002988079470198671
  model = cd_fast.enet_coordinate_descent_gram(

[2024-05-22T00:40:23.916+0000] {warnings.py:109} WARNING - /home/***/.local/lib/python3.8/site-packages/sklearn/linear_model/_coordinate_descent.py:614: ConvergenceWarning: Objective did not converge. You might want to increase the number of iterations. Duality gap: 0.016539170343639054, tolerance: 0.0002988079470198671
  model = cd_fast.enet_coordinate_descent_gram(

[2024-05-22T00:40:24.069+0000] {warnings.py:109} WARNING - /home/***/.local/lib/python3.8/site-packages/sklearn/linear_model/_coordinate_descent.py:614: ConvergenceWarning: Objective did not converge. You might want to increase the number of iterations. Duality gap: 0.017086448614088035, tolerance: 0.0002988079470198671
  model = cd_fast.enet_coordinate_descent_gram(

[2024-05-22T00:40:24.258+0000] {warnings.py:109} WARNING - /home/***/.local/lib/python3.8/site-packages/sklearn/linear_model/_coordinate_descent.py:614: ConvergenceWarning: Objective did not converge. You might want to increase the number of iterations. Duality gap: 0.016034928345769695, tolerance: 0.0002988079470198671
  model = cd_fast.enet_coordinate_descent_gram(

[2024-05-22T00:40:24.395+0000] {warnings.py:109} WARNING - /home/***/.local/lib/python3.8/site-packages/sklearn/linear_model/_coordinate_descent.py:614: ConvergenceWarning: Objective did not converge. You might want to increase the number of iterations. Duality gap: 0.017345787301003, tolerance: 0.0002988079470198671
  model = cd_fast.enet_coordinate_descent_gram(

[2024-05-22T00:40:24.625+0000] {warnings.py:109} WARNING - /home/***/.local/lib/python3.8/site-packages/sklearn/linear_model/_coordinate_descent.py:614: ConvergenceWarning: Objective did not converge. You might want to increase the number of iterations. Duality gap: 0.01687621582914578, tolerance: 0.0002988079470198671
  model = cd_fast.enet_coordinate_descent_gram(

[2024-05-22T00:40:24.791+0000] {warnings.py:109} WARNING - /home/***/.local/lib/python3.8/site-packages/sklearn/linear_model/_coordinate_descent.py:614: ConvergenceWarning: Objective did not converge. You might want to increase the number of iterations. Duality gap: 0.017344442149732853, tolerance: 0.0002988079470198671
  model = cd_fast.enet_coordinate_descent_gram(

[2024-05-22T00:40:24.962+0000] {warnings.py:109} WARNING - /home/***/.local/lib/python3.8/site-packages/sklearn/linear_model/_coordinate_descent.py:614: ConvergenceWarning: Objective did not converge. You might want to increase the number of iterations. Duality gap: 0.017395312841832933, tolerance: 0.0002988079470198671
  model = cd_fast.enet_coordinate_descent_gram(

[2024-05-22T00:40:25.142+0000] {warnings.py:109} WARNING - /home/***/.local/lib/python3.8/site-packages/sklearn/linear_model/_coordinate_descent.py:614: ConvergenceWarning: Objective did not converge. You might want to increase the number of iterations. Duality gap: 0.017278657384348417, tolerance: 0.0002988079470198671
  model = cd_fast.enet_coordinate_descent_gram(

[2024-05-22T00:40:25.365+0000] {warnings.py:109} WARNING - /home/***/.local/lib/python3.8/site-packages/sklearn/linear_model/_coordinate_descent.py:614: ConvergenceWarning: Objective did not converge. You might want to increase the number of iterations. Duality gap: 0.016989729071983373, tolerance: 0.0002988079470198671
  model = cd_fast.enet_coordinate_descent_gram(

[2024-05-22T00:40:25.556+0000] {warnings.py:109} WARNING - /home/***/.local/lib/python3.8/site-packages/sklearn/linear_model/_coordinate_descent.py:614: ConvergenceWarning: Objective did not converge. You might want to increase the number of iterations. Duality gap: 0.018528147836587294, tolerance: 0.0002988079470198671
  model = cd_fast.enet_coordinate_descent_gram(

[2024-05-22T00:40:25.786+0000] {warnings.py:109} WARNING - /home/***/.local/lib/python3.8/site-packages/sklearn/linear_model/_coordinate_descent.py:614: ConvergenceWarning: Objective did not converge. You might want to increase the number of iterations. Duality gap: 0.019383531047422187, tolerance: 0.0002988079470198671
  model = cd_fast.enet_coordinate_descent_gram(

[2024-05-22T00:40:25.947+0000] {warnings.py:109} WARNING - /home/***/.local/lib/python3.8/site-packages/sklearn/linear_model/_coordinate_descent.py:614: ConvergenceWarning: Objective did not converge. You might want to increase the number of iterations. Duality gap: 0.019514550766245753, tolerance: 0.0002988079470198671
  model = cd_fast.enet_coordinate_descent_gram(

[2024-05-22T00:40:26.059+0000] {warnings.py:109} WARNING - /home/***/.local/lib/python3.8/site-packages/sklearn/linear_model/_coordinate_descent.py:614: ConvergenceWarning: Objective did not converge. You might want to increase the number of iterations. Duality gap: 0.019802586285350587, tolerance: 0.0002988079470198671
  model = cd_fast.enet_coordinate_descent_gram(

[2024-05-22T00:40:26.210+0000] {warnings.py:109} WARNING - /home/***/.local/lib/python3.8/site-packages/sklearn/linear_model/_coordinate_descent.py:614: ConvergenceWarning: Objective did not converge. You might want to increase the number of iterations. Duality gap: 0.019734948639244854, tolerance: 0.0002988079470198671
  model = cd_fast.enet_coordinate_descent_gram(

[2024-05-22T00:40:26.396+0000] {warnings.py:109} WARNING - /home/***/.local/lib/python3.8/site-packages/sklearn/linear_model/_coordinate_descent.py:614: ConvergenceWarning: Objective did not converge. You might want to increase the number of iterations. Duality gap: 0.019295646841597458, tolerance: 0.0002988079470198671
  model = cd_fast.enet_coordinate_descent_gram(

[2024-05-22T00:40:26.567+0000] {warnings.py:109} WARNING - /home/***/.local/lib/python3.8/site-packages/sklearn/linear_model/_coordinate_descent.py:614: ConvergenceWarning: Objective did not converge. You might want to increase the number of iterations. Duality gap: 0.021727844889072756, tolerance: 0.0002988079470198671
  model = cd_fast.enet_coordinate_descent_gram(

[2024-05-22T00:40:26.708+0000] {warnings.py:109} WARNING - /home/***/.local/lib/python3.8/site-packages/sklearn/linear_model/_coordinate_descent.py:614: ConvergenceWarning: Objective did not converge. You might want to increase the number of iterations. Duality gap: 0.031097015937506578, tolerance: 0.0002988079470198671
  model = cd_fast.enet_coordinate_descent_gram(

[2024-05-22T00:40:26.809+0000] {warnings.py:109} WARNING - /home/***/.local/lib/python3.8/site-packages/sklearn/linear_model/_coordinate_descent.py:614: ConvergenceWarning: Objective did not converge. You might want to increase the number of iterations. Duality gap: 0.02332600835243026, tolerance: 0.0002988079470198671
  model = cd_fast.enet_coordinate_descent_gram(

[2024-05-22T00:40:26.956+0000] {warnings.py:109} WARNING - /home/***/.local/lib/python3.8/site-packages/sklearn/linear_model/_coordinate_descent.py:614: ConvergenceWarning: Objective did not converge. You might want to increase the number of iterations. Duality gap: 0.023585688052035758, tolerance: 0.0002988079470198671
  model = cd_fast.enet_coordinate_descent_gram(

[2024-05-22T00:40:27.093+0000] {warnings.py:109} WARNING - /home/***/.local/lib/python3.8/site-packages/sklearn/linear_model/_coordinate_descent.py:614: ConvergenceWarning: Objective did not converge. You might want to increase the number of iterations. Duality gap: 0.026846299693671805, tolerance: 0.0002988079470198671
  model = cd_fast.enet_coordinate_descent_gram(

[2024-05-22T00:40:27.248+0000] {warnings.py:109} WARNING - /home/***/.local/lib/python3.8/site-packages/sklearn/linear_model/_coordinate_descent.py:614: ConvergenceWarning: Objective did not converge. You might want to increase the number of iterations. Duality gap: 0.038949656884746275, tolerance: 0.0002988079470198671
  model = cd_fast.enet_coordinate_descent_gram(

[2024-05-22T00:40:27.456+0000] {warnings.py:109} WARNING - /home/***/.local/lib/python3.8/site-packages/sklearn/linear_model/_coordinate_descent.py:614: ConvergenceWarning: Objective did not converge. You might want to increase the number of iterations. Duality gap: 0.050902302290140033, tolerance: 0.0002988079470198671
  model = cd_fast.enet_coordinate_descent_gram(

[2024-05-22T00:40:27.625+0000] {warnings.py:109} WARNING - /home/***/.local/lib/python3.8/site-packages/sklearn/linear_model/_coordinate_descent.py:614: ConvergenceWarning: Objective did not converge. You might want to increase the number of iterations. Duality gap: 0.05569383679139617, tolerance: 0.0002988079470198671
  model = cd_fast.enet_coordinate_descent_gram(

[2024-05-22T00:40:27.779+0000] {warnings.py:109} WARNING - /home/***/.local/lib/python3.8/site-packages/sklearn/linear_model/_coordinate_descent.py:614: ConvergenceWarning: Objective did not converge. You might want to increase the number of iterations. Duality gap: 0.06370949930917225, tolerance: 0.0002988079470198671
  model = cd_fast.enet_coordinate_descent_gram(

[2024-05-22T00:40:27.967+0000] {warnings.py:109} WARNING - /home/***/.local/lib/python3.8/site-packages/sklearn/linear_model/_coordinate_descent.py:614: ConvergenceWarning: Objective did not converge. You might want to increase the number of iterations. Duality gap: 0.07818034839090049, tolerance: 0.0002988079470198671
  model = cd_fast.enet_coordinate_descent_gram(

[2024-05-22T00:40:28.393+0000] {warnings.py:109} WARNING - /home/***/.local/lib/python3.8/site-packages/sklearn/linear_model/_coordinate_descent.py:614: ConvergenceWarning: Objective did not converge. You might want to increase the number of iterations. Duality gap: 0.08926634371536801, tolerance: 0.0002988079470198671
  model = cd_fast.enet_coordinate_descent_gram(

[2024-05-22T00:40:28.786+0000] {warnings.py:109} WARNING - /home/***/.local/lib/python3.8/site-packages/sklearn/linear_model/_coordinate_descent.py:614: ConvergenceWarning: Objective did not converge. You might want to increase the number of iterations. Duality gap: 0.09195758584893143, tolerance: 0.0002988079470198671
  model = cd_fast.enet_coordinate_descent_gram(

[2024-05-22T00:40:29.054+0000] {warnings.py:109} WARNING - /home/***/.local/lib/python3.8/site-packages/sklearn/linear_model/_coordinate_descent.py:614: ConvergenceWarning: Objective did not converge. You might want to increase the number of iterations. Duality gap: 0.08786408835563231, tolerance: 0.0002988079470198671
  model = cd_fast.enet_coordinate_descent_gram(

[2024-05-22T00:40:29.235+0000] {warnings.py:109} WARNING - /home/***/.local/lib/python3.8/site-packages/sklearn/linear_model/_coordinate_descent.py:614: ConvergenceWarning: Objective did not converge. You might want to increase the number of iterations. Duality gap: 0.08506983337242935, tolerance: 0.0002988079470198671
  model = cd_fast.enet_coordinate_descent_gram(

[2024-05-22T00:40:29.465+0000] {warnings.py:109} WARNING - /home/***/.local/lib/python3.8/site-packages/sklearn/linear_model/_coordinate_descent.py:614: ConvergenceWarning: Objective did not converge. You might want to increase the number of iterations. Duality gap: 0.09343999798653901, tolerance: 0.0002988079470198671
  model = cd_fast.enet_coordinate_descent_gram(

[2024-05-22T00:40:29.731+0000] {warnings.py:109} WARNING - /home/***/.local/lib/python3.8/site-packages/sklearn/linear_model/_coordinate_descent.py:614: ConvergenceWarning: Objective did not converge. You might want to increase the number of iterations. Duality gap: 0.07963892755252, tolerance: 0.0002988079470198671
  model = cd_fast.enet_coordinate_descent_gram(

[2024-05-22T00:40:29.950+0000] {warnings.py:109} WARNING - /home/***/.local/lib/python3.8/site-packages/sklearn/linear_model/_coordinate_descent.py:614: ConvergenceWarning: Objective did not converge. You might want to increase the number of iterations. Duality gap: 0.09335797778882626, tolerance: 0.0002988079470198671
  model = cd_fast.enet_coordinate_descent_gram(

[2024-05-22T00:40:30.234+0000] {warnings.py:109} WARNING - /home/***/.local/lib/python3.8/site-packages/sklearn/linear_model/_coordinate_descent.py:614: ConvergenceWarning: Objective did not converge. You might want to increase the number of iterations. Duality gap: 0.12470892347786755, tolerance: 0.0002988079470198671
  model = cd_fast.enet_coordinate_descent_gram(

[2024-05-22T00:40:30.466+0000] {warnings.py:109} WARNING - /home/***/.local/lib/python3.8/site-packages/sklearn/linear_model/_coordinate_descent.py:614: ConvergenceWarning: Objective did not converge. You might want to increase the number of iterations. Duality gap: 0.15448807103565088, tolerance: 0.0002988079470198671
  model = cd_fast.enet_coordinate_descent_gram(

[2024-05-22T00:40:33.041+0000] {warnings.py:109} WARNING - /home/***/.local/lib/python3.8/site-packages/sklearn/linear_model/_coordinate_descent.py:614: ConvergenceWarning: Objective did not converge. You might want to increase the number of iterations. Duality gap: 0.0004107808445064087, tolerance: 0.00039788079470198817
  model = cd_fast.enet_coordinate_descent_gram(

[2024-05-22T00:40:33.129+0000] {warnings.py:109} WARNING - /home/***/.local/lib/python3.8/site-packages/sklearn/linear_model/_coordinate_descent.py:614: ConvergenceWarning: Objective did not converge. You might want to increase the number of iterations. Duality gap: 0.0005013221036875848, tolerance: 0.00039788079470198817
  model = cd_fast.enet_coordinate_descent_gram(

[2024-05-22T00:40:33.337+0000] {warnings.py:109} WARNING - /home/***/.local/lib/python3.8/site-packages/sklearn/linear_model/_coordinate_descent.py:614: ConvergenceWarning: Objective did not converge. You might want to increase the number of iterations. Duality gap: 0.0005106449491041332, tolerance: 0.00039788079470198817
  model = cd_fast.enet_coordinate_descent_gram(

[2024-05-22T00:40:33.479+0000] {warnings.py:109} WARNING - /home/***/.local/lib/python3.8/site-packages/sklearn/linear_model/_coordinate_descent.py:614: ConvergenceWarning: Objective did not converge. You might want to increase the number of iterations. Duality gap: 0.0005033732808001901, tolerance: 0.00039788079470198817
  model = cd_fast.enet_coordinate_descent_gram(

[2024-05-22T00:40:33.621+0000] {warnings.py:109} WARNING - /home/***/.local/lib/python3.8/site-packages/sklearn/linear_model/_coordinate_descent.py:614: ConvergenceWarning: Objective did not converge. You might want to increase the number of iterations. Duality gap: 0.0005670171935210355, tolerance: 0.00039788079470198817
  model = cd_fast.enet_coordinate_descent_gram(

[2024-05-22T00:40:33.766+0000] {warnings.py:109} WARNING - /home/***/.local/lib/python3.8/site-packages/sklearn/linear_model/_coordinate_descent.py:614: ConvergenceWarning: Objective did not converge. You might want to increase the number of iterations. Duality gap: 0.0005945067030106443, tolerance: 0.00039788079470198817
  model = cd_fast.enet_coordinate_descent_gram(

[2024-05-22T00:40:33.931+0000] {warnings.py:109} WARNING - /home/***/.local/lib/python3.8/site-packages/sklearn/linear_model/_coordinate_descent.py:614: ConvergenceWarning: Objective did not converge. You might want to increase the number of iterations. Duality gap: 0.0005554440592865362, tolerance: 0.00039788079470198817
  model = cd_fast.enet_coordinate_descent_gram(

[2024-05-22T00:40:34.107+0000] {warnings.py:109} WARNING - /home/***/.local/lib/python3.8/site-packages/sklearn/linear_model/_coordinate_descent.py:614: ConvergenceWarning: Objective did not converge. You might want to increase the number of iterations. Duality gap: 0.0006105709575576768, tolerance: 0.00039788079470198817
  model = cd_fast.enet_coordinate_descent_gram(

[2024-05-22T00:40:34.283+0000] {warnings.py:109} WARNING - /home/***/.local/lib/python3.8/site-packages/sklearn/linear_model/_coordinate_descent.py:614: ConvergenceWarning: Objective did not converge. You might want to increase the number of iterations. Duality gap: 0.0012183574007038622, tolerance: 0.00039788079470198817
  model = cd_fast.enet_coordinate_descent_gram(

[2024-05-22T00:40:34.443+0000] {warnings.py:109} WARNING - /home/***/.local/lib/python3.8/site-packages/sklearn/linear_model/_coordinate_descent.py:614: ConvergenceWarning: Objective did not converge. You might want to increase the number of iterations. Duality gap: 0.005615804737161945, tolerance: 0.00039788079470198817
  model = cd_fast.enet_coordinate_descent_gram(

[2024-05-22T00:40:34.625+0000] {warnings.py:109} WARNING - /home/***/.local/lib/python3.8/site-packages/sklearn/linear_model/_coordinate_descent.py:614: ConvergenceWarning: Objective did not converge. You might want to increase the number of iterations. Duality gap: 0.006850509275524441, tolerance: 0.00039788079470198817
  model = cd_fast.enet_coordinate_descent_gram(

[2024-05-22T00:40:34.807+0000] {warnings.py:109} WARNING - /home/***/.local/lib/python3.8/site-packages/sklearn/linear_model/_coordinate_descent.py:614: ConvergenceWarning: Objective did not converge. You might want to increase the number of iterations. Duality gap: 0.007086307105362621, tolerance: 0.00039788079470198817
  model = cd_fast.enet_coordinate_descent_gram(

[2024-05-22T00:40:34.902+0000] {warnings.py:109} WARNING - /home/***/.local/lib/python3.8/site-packages/sklearn/linear_model/_coordinate_descent.py:614: ConvergenceWarning: Objective did not converge. You might want to increase the number of iterations. Duality gap: 0.006863059432476337, tolerance: 0.00039788079470198817
  model = cd_fast.enet_coordinate_descent_gram(

[2024-05-22T00:40:35.026+0000] {warnings.py:109} WARNING - /home/***/.local/lib/python3.8/site-packages/sklearn/linear_model/_coordinate_descent.py:614: ConvergenceWarning: Objective did not converge. You might want to increase the number of iterations. Duality gap: 0.0068083750839984525, tolerance: 0.00039788079470198817
  model = cd_fast.enet_coordinate_descent_gram(

[2024-05-22T00:40:35.161+0000] {warnings.py:109} WARNING - /home/***/.local/lib/python3.8/site-packages/sklearn/linear_model/_coordinate_descent.py:614: ConvergenceWarning: Objective did not converge. You might want to increase the number of iterations. Duality gap: 0.0066156000736334875, tolerance: 0.00039788079470198817
  model = cd_fast.enet_coordinate_descent_gram(

[2024-05-22T00:40:35.342+0000] {warnings.py:109} WARNING - /home/***/.local/lib/python3.8/site-packages/sklearn/linear_model/_coordinate_descent.py:614: ConvergenceWarning: Objective did not converge. You might want to increase the number of iterations. Duality gap: 0.006940787176423768, tolerance: 0.00039788079470198817
  model = cd_fast.enet_coordinate_descent_gram(

[2024-05-22T00:40:35.468+0000] {warnings.py:109} WARNING - /home/***/.local/lib/python3.8/site-packages/sklearn/linear_model/_coordinate_descent.py:614: ConvergenceWarning: Objective did not converge. You might want to increase the number of iterations. Duality gap: 0.0076509120820418275, tolerance: 0.00039788079470198817
  model = cd_fast.enet_coordinate_descent_gram(

[2024-05-22T00:40:35.607+0000] {warnings.py:109} WARNING - /home/***/.local/lib/python3.8/site-packages/sklearn/linear_model/_coordinate_descent.py:614: ConvergenceWarning: Objective did not converge. You might want to increase the number of iterations. Duality gap: 0.006794312457369056, tolerance: 0.00039788079470198817
  model = cd_fast.enet_coordinate_descent_gram(

[2024-05-22T00:40:35.739+0000] {warnings.py:109} WARNING - /home/***/.local/lib/python3.8/site-packages/sklearn/linear_model/_coordinate_descent.py:614: ConvergenceWarning: Objective did not converge. You might want to increase the number of iterations. Duality gap: 0.00657601051571266, tolerance: 0.00039788079470198817
  model = cd_fast.enet_coordinate_descent_gram(

[2024-05-22T00:40:35.865+0000] {warnings.py:109} WARNING - /home/***/.local/lib/python3.8/site-packages/sklearn/linear_model/_coordinate_descent.py:614: ConvergenceWarning: Objective did not converge. You might want to increase the number of iterations. Duality gap: 0.005626908263507868, tolerance: 0.00039788079470198817
  model = cd_fast.enet_coordinate_descent_gram(

[2024-05-22T00:40:36.039+0000] {warnings.py:109} WARNING - /home/***/.local/lib/python3.8/site-packages/sklearn/linear_model/_coordinate_descent.py:614: ConvergenceWarning: Objective did not converge. You might want to increase the number of iterations. Duality gap: 0.004223590196869242, tolerance: 0.00039788079470198817
  model = cd_fast.enet_coordinate_descent_gram(

[2024-05-22T00:40:36.147+0000] {warnings.py:109} WARNING - /home/***/.local/lib/python3.8/site-packages/sklearn/linear_model/_coordinate_descent.py:614: ConvergenceWarning: Objective did not converge. You might want to increase the number of iterations. Duality gap: 0.0036751268871579867, tolerance: 0.00039788079470198817
  model = cd_fast.enet_coordinate_descent_gram(

[2024-05-22T00:40:36.350+0000] {warnings.py:109} WARNING - /home/***/.local/lib/python3.8/site-packages/sklearn/linear_model/_coordinate_descent.py:614: ConvergenceWarning: Objective did not converge. You might want to increase the number of iterations. Duality gap: 0.003462384287381326, tolerance: 0.00039788079470198817
  model = cd_fast.enet_coordinate_descent_gram(

[2024-05-22T00:40:36.613+0000] {warnings.py:109} WARNING - /home/***/.local/lib/python3.8/site-packages/sklearn/linear_model/_coordinate_descent.py:614: ConvergenceWarning: Objective did not converge. You might want to increase the number of iterations. Duality gap: 0.0033107842998068016, tolerance: 0.00039788079470198817
  model = cd_fast.enet_coordinate_descent_gram(

[2024-05-22T00:40:36.881+0000] {warnings.py:109} WARNING - /home/***/.local/lib/python3.8/site-packages/sklearn/linear_model/_coordinate_descent.py:614: ConvergenceWarning: Objective did not converge. You might want to increase the number of iterations. Duality gap: 0.0033329750909936173, tolerance: 0.00039788079470198817
  model = cd_fast.enet_coordinate_descent_gram(

[2024-05-22T00:40:37.051+0000] {warnings.py:109} WARNING - /home/***/.local/lib/python3.8/site-packages/sklearn/linear_model/_coordinate_descent.py:614: ConvergenceWarning: Objective did not converge. You might want to increase the number of iterations. Duality gap: 0.0034447072199355055, tolerance: 0.00039788079470198817
  model = cd_fast.enet_coordinate_descent_gram(

[2024-05-22T00:40:37.166+0000] {warnings.py:109} WARNING - /home/***/.local/lib/python3.8/site-packages/sklearn/linear_model/_coordinate_descent.py:614: ConvergenceWarning: Objective did not converge. You might want to increase the number of iterations. Duality gap: 0.003699629383666636, tolerance: 0.00039788079470198817
  model = cd_fast.enet_coordinate_descent_gram(

[2024-05-22T00:40:37.393+0000] {warnings.py:109} WARNING - /home/***/.local/lib/python3.8/site-packages/sklearn/linear_model/_coordinate_descent.py:614: ConvergenceWarning: Objective did not converge. You might want to increase the number of iterations. Duality gap: 0.003598909335484901, tolerance: 0.00039788079470198817
  model = cd_fast.enet_coordinate_descent_gram(

[2024-05-22T00:40:37.548+0000] {warnings.py:109} WARNING - /home/***/.local/lib/python3.8/site-packages/sklearn/linear_model/_coordinate_descent.py:614: ConvergenceWarning: Objective did not converge. You might want to increase the number of iterations. Duality gap: 0.011434930115156838, tolerance: 0.00039788079470198817
  model = cd_fast.enet_coordinate_descent_gram(

[2024-05-22T00:40:37.815+0000] {warnings.py:109} WARNING - /home/***/.local/lib/python3.8/site-packages/sklearn/linear_model/_coordinate_descent.py:614: ConvergenceWarning: Objective did not converge. You might want to increase the number of iterations. Duality gap: 0.020084208911690826, tolerance: 0.00039788079470198817
  model = cd_fast.enet_coordinate_descent_gram(

[2024-05-22T00:40:37.977+0000] {warnings.py:109} WARNING - /home/***/.local/lib/python3.8/site-packages/sklearn/linear_model/_coordinate_descent.py:614: ConvergenceWarning: Objective did not converge. You might want to increase the number of iterations. Duality gap: 0.00897443331304526, tolerance: 0.00039788079470198817
  model = cd_fast.enet_coordinate_descent_gram(

[2024-05-22T00:40:38.096+0000] {warnings.py:109} WARNING - /home/***/.local/lib/python3.8/site-packages/sklearn/linear_model/_coordinate_descent.py:614: ConvergenceWarning: Objective did not converge. You might want to increase the number of iterations. Duality gap: 0.00989230101522498, tolerance: 0.00039788079470198817
  model = cd_fast.enet_coordinate_descent_gram(

[2024-05-22T00:40:38.264+0000] {warnings.py:109} WARNING - /home/***/.local/lib/python3.8/site-packages/sklearn/linear_model/_coordinate_descent.py:614: ConvergenceWarning: Objective did not converge. You might want to increase the number of iterations. Duality gap: 0.010210558888438026, tolerance: 0.00039788079470198817
  model = cd_fast.enet_coordinate_descent_gram(

[2024-05-22T00:40:38.569+0000] {warnings.py:109} WARNING - /home/***/.local/lib/python3.8/site-packages/sklearn/linear_model/_coordinate_descent.py:614: ConvergenceWarning: Objective did not converge. You might want to increase the number of iterations. Duality gap: 0.010303283104456273, tolerance: 0.00039788079470198817
  model = cd_fast.enet_coordinate_descent_gram(

[2024-05-22T00:40:38.759+0000] {warnings.py:109} WARNING - /home/***/.local/lib/python3.8/site-packages/sklearn/linear_model/_coordinate_descent.py:614: ConvergenceWarning: Objective did not converge. You might want to increase the number of iterations. Duality gap: 0.010244924235974562, tolerance: 0.00039788079470198817
  model = cd_fast.enet_coordinate_descent_gram(

[2024-05-22T00:40:38.861+0000] {warnings.py:109} WARNING - /home/***/.local/lib/python3.8/site-packages/sklearn/linear_model/_coordinate_descent.py:614: ConvergenceWarning: Objective did not converge. You might want to increase the number of iterations. Duality gap: 0.010811072604407723, tolerance: 0.00039788079470198817
  model = cd_fast.enet_coordinate_descent_gram(

[2024-05-22T00:40:39.032+0000] {warnings.py:109} WARNING - /home/***/.local/lib/python3.8/site-packages/sklearn/linear_model/_coordinate_descent.py:614: ConvergenceWarning: Objective did not converge. You might want to increase the number of iterations. Duality gap: 0.011659508269610708, tolerance: 0.00039788079470198817
  model = cd_fast.enet_coordinate_descent_gram(

[2024-05-22T00:40:39.163+0000] {warnings.py:109} WARNING - /home/***/.local/lib/python3.8/site-packages/sklearn/linear_model/_coordinate_descent.py:614: ConvergenceWarning: Objective did not converge. You might want to increase the number of iterations. Duality gap: 0.011837157020343714, tolerance: 0.00039788079470198817
  model = cd_fast.enet_coordinate_descent_gram(

[2024-05-22T00:40:39.403+0000] {warnings.py:109} WARNING - /home/***/.local/lib/python3.8/site-packages/sklearn/linear_model/_coordinate_descent.py:614: ConvergenceWarning: Objective did not converge. You might want to increase the number of iterations. Duality gap: 0.013421330935118547, tolerance: 0.00039788079470198817
  model = cd_fast.enet_coordinate_descent_gram(

[2024-05-22T00:40:39.544+0000] {warnings.py:109} WARNING - /home/***/.local/lib/python3.8/site-packages/sklearn/linear_model/_coordinate_descent.py:614: ConvergenceWarning: Objective did not converge. You might want to increase the number of iterations. Duality gap: 0.016411409492113282, tolerance: 0.00039788079470198817
  model = cd_fast.enet_coordinate_descent_gram(

[2024-05-22T00:40:39.787+0000] {warnings.py:109} WARNING - /home/***/.local/lib/python3.8/site-packages/sklearn/linear_model/_coordinate_descent.py:614: ConvergenceWarning: Objective did not converge. You might want to increase the number of iterations. Duality gap: 0.056128134526467255, tolerance: 0.00039788079470198817
  model = cd_fast.enet_coordinate_descent_gram(

[2024-05-22T00:40:40.167+0000] {warnings.py:109} WARNING - /home/***/.local/lib/python3.8/site-packages/sklearn/linear_model/_coordinate_descent.py:614: ConvergenceWarning: Objective did not converge. You might want to increase the number of iterations. Duality gap: 0.09772153802243833, tolerance: 0.00039788079470198817
  model = cd_fast.enet_coordinate_descent_gram(

[2024-05-22T00:40:40.457+0000] {warnings.py:109} WARNING - /home/***/.local/lib/python3.8/site-packages/sklearn/linear_model/_coordinate_descent.py:614: ConvergenceWarning: Objective did not converge. You might want to increase the number of iterations. Duality gap: 0.1329345439972971, tolerance: 0.00039788079470198817
  model = cd_fast.enet_coordinate_descent_gram(

[2024-05-22T00:40:40.727+0000] {warnings.py:109} WARNING - /home/***/.local/lib/python3.8/site-packages/sklearn/linear_model/_coordinate_descent.py:614: ConvergenceWarning: Objective did not converge. You might want to increase the number of iterations. Duality gap: 0.15897090924139778, tolerance: 0.00039788079470198817
  model = cd_fast.enet_coordinate_descent_gram(

[2024-05-22T00:40:40.964+0000] {warnings.py:109} WARNING - /home/***/.local/lib/python3.8/site-packages/sklearn/linear_model/_coordinate_descent.py:614: ConvergenceWarning: Objective did not converge. You might want to increase the number of iterations. Duality gap: 0.18405394154172416, tolerance: 0.00039788079470198817
  model = cd_fast.enet_coordinate_descent_gram(

[2024-05-22T00:40:41.191+0000] {warnings.py:109} WARNING - /home/***/.local/lib/python3.8/site-packages/sklearn/linear_model/_coordinate_descent.py:614: ConvergenceWarning: Objective did not converge. You might want to increase the number of iterations. Duality gap: 0.20960936104162142, tolerance: 0.00039788079470198817
  model = cd_fast.enet_coordinate_descent_gram(

[2024-05-22T00:40:41.311+0000] {warnings.py:109} WARNING - /home/***/.local/lib/python3.8/site-packages/sklearn/linear_model/_coordinate_descent.py:614: ConvergenceWarning: Objective did not converge. You might want to increase the number of iterations. Duality gap: 0.2306975660274071, tolerance: 0.00039788079470198817
  model = cd_fast.enet_coordinate_descent_gram(

[2024-05-22T00:40:41.437+0000] {warnings.py:109} WARNING - /home/***/.local/lib/python3.8/site-packages/sklearn/linear_model/_coordinate_descent.py:614: ConvergenceWarning: Objective did not converge. You might want to increase the number of iterations. Duality gap: 0.25592928145949423, tolerance: 0.00039788079470198817
  model = cd_fast.enet_coordinate_descent_gram(

[2024-05-22T00:40:41.668+0000] {warnings.py:109} WARNING - /home/***/.local/lib/python3.8/site-packages/sklearn/linear_model/_coordinate_descent.py:614: ConvergenceWarning: Objective did not converge. You might want to increase the number of iterations. Duality gap: 0.2697015416827737, tolerance: 0.00039788079470198817
  model = cd_fast.enet_coordinate_descent_gram(

[2024-05-22T00:40:41.909+0000] {warnings.py:109} WARNING - /home/***/.local/lib/python3.8/site-packages/sklearn/linear_model/_coordinate_descent.py:614: ConvergenceWarning: Objective did not converge. You might want to increase the number of iterations. Duality gap: 0.27351832526291275, tolerance: 0.00039788079470198817
  model = cd_fast.enet_coordinate_descent_gram(

[2024-05-22T00:40:42.087+0000] {warnings.py:109} WARNING - /home/***/.local/lib/python3.8/site-packages/sklearn/linear_model/_coordinate_descent.py:614: ConvergenceWarning: Objective did not converge. You might want to increase the number of iterations. Duality gap: 0.2779347742632827, tolerance: 0.00039788079470198817
  model = cd_fast.enet_coordinate_descent_gram(

[2024-05-22T00:40:42.199+0000] {warnings.py:109} WARNING - /home/***/.local/lib/python3.8/site-packages/sklearn/linear_model/_coordinate_descent.py:614: ConvergenceWarning: Objective did not converge. You might want to increase the number of iterations. Duality gap: 0.2735042190263821, tolerance: 0.00039788079470198817
  model = cd_fast.enet_coordinate_descent_gram(

[2024-05-22T00:40:43.923+0000] {warnings.py:109} WARNING - /home/***/.local/lib/python3.8/site-packages/sklearn/linear_model/_coordinate_descent.py:614: ConvergenceWarning: Objective did not converge. You might want to increase the number of iterations. Duality gap: 0.0007449951950813105, tolerance: 0.00029880794701986693
  model = cd_fast.enet_coordinate_descent_gram(

[2024-05-22T00:40:44.953+0000] {warnings.py:109} WARNING - /home/***/.local/lib/python3.8/site-packages/sklearn/linear_model/_coordinate_descent.py:614: ConvergenceWarning: Objective did not converge. You might want to increase the number of iterations. Duality gap: 0.00047513783933350595, tolerance: 0.00029880794701986693
  model = cd_fast.enet_coordinate_descent_gram(

[2024-05-22T00:40:45.142+0000] {warnings.py:109} WARNING - /home/***/.local/lib/python3.8/site-packages/sklearn/linear_model/_coordinate_descent.py:614: ConvergenceWarning: Objective did not converge. You might want to increase the number of iterations. Duality gap: 0.0009060943867542637, tolerance: 0.00029880794701986693
  model = cd_fast.enet_coordinate_descent_gram(

[2024-05-22T00:40:45.237+0000] {warnings.py:109} WARNING - /home/***/.local/lib/python3.8/site-packages/sklearn/linear_model/_coordinate_descent.py:614: ConvergenceWarning: Objective did not converge. You might want to increase the number of iterations. Duality gap: 0.0021268433517231955, tolerance: 0.00029880794701986693
  model = cd_fast.enet_coordinate_descent_gram(

[2024-05-22T00:40:45.385+0000] {warnings.py:109} WARNING - /home/***/.local/lib/python3.8/site-packages/sklearn/linear_model/_coordinate_descent.py:614: ConvergenceWarning: Objective did not converge. You might want to increase the number of iterations. Duality gap: 0.006035364650408992, tolerance: 0.00029880794701986693
  model = cd_fast.enet_coordinate_descent_gram(

[2024-05-22T00:40:45.561+0000] {warnings.py:109} WARNING - /home/***/.local/lib/python3.8/site-packages/sklearn/linear_model/_coordinate_descent.py:614: ConvergenceWarning: Objective did not converge. You might want to increase the number of iterations. Duality gap: 0.007828437273752265, tolerance: 0.00029880794701986693
  model = cd_fast.enet_coordinate_descent_gram(

[2024-05-22T00:40:45.774+0000] {warnings.py:109} WARNING - /home/***/.local/lib/python3.8/site-packages/sklearn/linear_model/_coordinate_descent.py:614: ConvergenceWarning: Objective did not converge. You might want to increase the number of iterations. Duality gap: 0.008019465814779636, tolerance: 0.00029880794701986693
  model = cd_fast.enet_coordinate_descent_gram(

[2024-05-22T00:40:45.915+0000] {warnings.py:109} WARNING - /home/***/.local/lib/python3.8/site-packages/sklearn/linear_model/_coordinate_descent.py:614: ConvergenceWarning: Objective did not converge. You might want to increase the number of iterations. Duality gap: 0.0018054888188330231, tolerance: 0.00029880794701986693
  model = cd_fast.enet_coordinate_descent_gram(

[2024-05-22T00:40:46.037+0000] {warnings.py:109} WARNING - /home/***/.local/lib/python3.8/site-packages/sklearn/linear_model/_coordinate_descent.py:614: ConvergenceWarning: Objective did not converge. You might want to increase the number of iterations. Duality gap: 0.002462288680512792, tolerance: 0.00029880794701986693
  model = cd_fast.enet_coordinate_descent_gram(

[2024-05-22T00:40:46.201+0000] {warnings.py:109} WARNING - /home/***/.local/lib/python3.8/site-packages/sklearn/linear_model/_coordinate_descent.py:614: ConvergenceWarning: Objective did not converge. You might want to increase the number of iterations. Duality gap: 0.0022025031045243004, tolerance: 0.00029880794701986693
  model = cd_fast.enet_coordinate_descent_gram(

[2024-05-22T00:40:46.300+0000] {warnings.py:109} WARNING - /home/***/.local/lib/python3.8/site-packages/sklearn/linear_model/_coordinate_descent.py:614: ConvergenceWarning: Objective did not converge. You might want to increase the number of iterations. Duality gap: 0.0022121252000775193, tolerance: 0.00029880794701986693
  model = cd_fast.enet_coordinate_descent_gram(

[2024-05-22T00:40:46.445+0000] {warnings.py:109} WARNING - /home/***/.local/lib/python3.8/site-packages/sklearn/linear_model/_coordinate_descent.py:614: ConvergenceWarning: Objective did not converge. You might want to increase the number of iterations. Duality gap: 0.002189081963939632, tolerance: 0.00029880794701986693
  model = cd_fast.enet_coordinate_descent_gram(

[2024-05-22T00:40:46.540+0000] {warnings.py:109} WARNING - /home/***/.local/lib/python3.8/site-packages/sklearn/linear_model/_coordinate_descent.py:614: ConvergenceWarning: Objective did not converge. You might want to increase the number of iterations. Duality gap: 0.0028175581866025645, tolerance: 0.00029880794701986693
  model = cd_fast.enet_coordinate_descent_gram(

[2024-05-22T00:40:46.709+0000] {warnings.py:109} WARNING - /home/***/.local/lib/python3.8/site-packages/sklearn/linear_model/_coordinate_descent.py:614: ConvergenceWarning: Objective did not converge. You might want to increase the number of iterations. Duality gap: 0.0029500862103384318, tolerance: 0.00029880794701986693
  model = cd_fast.enet_coordinate_descent_gram(

[2024-05-22T00:40:46.826+0000] {warnings.py:109} WARNING - /home/***/.local/lib/python3.8/site-packages/sklearn/linear_model/_coordinate_descent.py:614: ConvergenceWarning: Objective did not converge. You might want to increase the number of iterations. Duality gap: 0.00302582063103074, tolerance: 0.00029880794701986693
  model = cd_fast.enet_coordinate_descent_gram(

[2024-05-22T00:40:46.952+0000] {warnings.py:109} WARNING - /home/***/.local/lib/python3.8/site-packages/sklearn/linear_model/_coordinate_descent.py:614: ConvergenceWarning: Objective did not converge. You might want to increase the number of iterations. Duality gap: 0.0030799810374229075, tolerance: 0.00029880794701986693
  model = cd_fast.enet_coordinate_descent_gram(

[2024-05-22T00:40:47.091+0000] {warnings.py:109} WARNING - /home/***/.local/lib/python3.8/site-packages/sklearn/linear_model/_coordinate_descent.py:614: ConvergenceWarning: Objective did not converge. You might want to increase the number of iterations. Duality gap: 0.0028421355753076583, tolerance: 0.00029880794701986693
  model = cd_fast.enet_coordinate_descent_gram(

[2024-05-22T00:40:47.170+0000] {warnings.py:109} WARNING - /home/***/.local/lib/python3.8/site-packages/sklearn/linear_model/_coordinate_descent.py:614: ConvergenceWarning: Objective did not converge. You might want to increase the number of iterations. Duality gap: 0.0024795630928764467, tolerance: 0.00029880794701986693
  model = cd_fast.enet_coordinate_descent_gram(

[2024-05-22T00:40:47.294+0000] {warnings.py:109} WARNING - /home/***/.local/lib/python3.8/site-packages/sklearn/linear_model/_coordinate_descent.py:614: ConvergenceWarning: Objective did not converge. You might want to increase the number of iterations. Duality gap: 0.0012915739551346839, tolerance: 0.00029880794701986693
  model = cd_fast.enet_coordinate_descent_gram(

[2024-05-22T00:40:47.446+0000] {warnings.py:109} WARNING - /home/***/.local/lib/python3.8/site-packages/sklearn/linear_model/_coordinate_descent.py:614: ConvergenceWarning: Objective did not converge. You might want to increase the number of iterations. Duality gap: 0.003229605731615015, tolerance: 0.00029880794701986693
  model = cd_fast.enet_coordinate_descent_gram(

[2024-05-22T00:40:47.633+0000] {warnings.py:109} WARNING - /home/***/.local/lib/python3.8/site-packages/sklearn/linear_model/_coordinate_descent.py:614: ConvergenceWarning: Objective did not converge. You might want to increase the number of iterations. Duality gap: 0.007118764425658952, tolerance: 0.00029880794701986693
  model = cd_fast.enet_coordinate_descent_gram(

[2024-05-22T00:40:47.795+0000] {warnings.py:109} WARNING - /home/***/.local/lib/python3.8/site-packages/sklearn/linear_model/_coordinate_descent.py:614: ConvergenceWarning: Objective did not converge. You might want to increase the number of iterations. Duality gap: 0.008638320288082202, tolerance: 0.00029880794701986693
  model = cd_fast.enet_coordinate_descent_gram(

[2024-05-22T00:40:48.014+0000] {warnings.py:109} WARNING - /home/***/.local/lib/python3.8/site-packages/sklearn/linear_model/_coordinate_descent.py:614: ConvergenceWarning: Objective did not converge. You might want to increase the number of iterations. Duality gap: 0.009421497744857676, tolerance: 0.00029880794701986693
  model = cd_fast.enet_coordinate_descent_gram(

[2024-05-22T00:40:48.527+0000] {warnings.py:109} WARNING - /home/***/.local/lib/python3.8/site-packages/sklearn/linear_model/_coordinate_descent.py:614: ConvergenceWarning: Objective did not converge. You might want to increase the number of iterations. Duality gap: 0.009917146426833279, tolerance: 0.00029880794701986693
  model = cd_fast.enet_coordinate_descent_gram(

[2024-05-22T00:40:48.756+0000] {warnings.py:109} WARNING - /home/***/.local/lib/python3.8/site-packages/sklearn/linear_model/_coordinate_descent.py:614: ConvergenceWarning: Objective did not converge. You might want to increase the number of iterations. Duality gap: 0.009878553172758098, tolerance: 0.00029880794701986693
  model = cd_fast.enet_coordinate_descent_gram(

[2024-05-22T00:40:48.922+0000] {warnings.py:109} WARNING - /home/***/.local/lib/python3.8/site-packages/sklearn/linear_model/_coordinate_descent.py:614: ConvergenceWarning: Objective did not converge. You might want to increase the number of iterations. Duality gap: 0.009425507998557903, tolerance: 0.00029880794701986693
  model = cd_fast.enet_coordinate_descent_gram(

[2024-05-22T00:40:49.082+0000] {warnings.py:109} WARNING - /home/***/.local/lib/python3.8/site-packages/sklearn/linear_model/_coordinate_descent.py:614: ConvergenceWarning: Objective did not converge. You might want to increase the number of iterations. Duality gap: 0.010201314228309055, tolerance: 0.00029880794701986693
  model = cd_fast.enet_coordinate_descent_gram(

[2024-05-22T00:40:49.226+0000] {warnings.py:109} WARNING - /home/***/.local/lib/python3.8/site-packages/sklearn/linear_model/_coordinate_descent.py:614: ConvergenceWarning: Objective did not converge. You might want to increase the number of iterations. Duality gap: 0.013617980109714045, tolerance: 0.00029880794701986693
  model = cd_fast.enet_coordinate_descent_gram(

[2024-05-22T00:40:49.386+0000] {warnings.py:109} WARNING - /home/***/.local/lib/python3.8/site-packages/sklearn/linear_model/_coordinate_descent.py:614: ConvergenceWarning: Objective did not converge. You might want to increase the number of iterations. Duality gap: 0.015647876947670003, tolerance: 0.00029880794701986693
  model = cd_fast.enet_coordinate_descent_gram(

[2024-05-22T00:40:49.582+0000] {warnings.py:109} WARNING - /home/***/.local/lib/python3.8/site-packages/sklearn/linear_model/_coordinate_descent.py:614: ConvergenceWarning: Objective did not converge. You might want to increase the number of iterations. Duality gap: 0.016752212782912057, tolerance: 0.00029880794701986693
  model = cd_fast.enet_coordinate_descent_gram(

[2024-05-22T00:40:49.725+0000] {warnings.py:109} WARNING - /home/***/.local/lib/python3.8/site-packages/sklearn/linear_model/_coordinate_descent.py:614: ConvergenceWarning: Objective did not converge. You might want to increase the number of iterations. Duality gap: 0.017076791674150105, tolerance: 0.00029880794701986693
  model = cd_fast.enet_coordinate_descent_gram(

[2024-05-22T00:40:49.840+0000] {warnings.py:109} WARNING - /home/***/.local/lib/python3.8/site-packages/sklearn/linear_model/_coordinate_descent.py:614: ConvergenceWarning: Objective did not converge. You might want to increase the number of iterations. Duality gap: 0.017295308626458228, tolerance: 0.00029880794701986693
  model = cd_fast.enet_coordinate_descent_gram(

[2024-05-22T00:40:49.993+0000] {warnings.py:109} WARNING - /home/***/.local/lib/python3.8/site-packages/sklearn/linear_model/_coordinate_descent.py:614: ConvergenceWarning: Objective did not converge. You might want to increase the number of iterations. Duality gap: 0.017563736023361365, tolerance: 0.00029880794701986693
  model = cd_fast.enet_coordinate_descent_gram(

[2024-05-22T00:40:50.229+0000] {warnings.py:109} WARNING - /home/***/.local/lib/python3.8/site-packages/sklearn/linear_model/_coordinate_descent.py:614: ConvergenceWarning: Objective did not converge. You might want to increase the number of iterations. Duality gap: 0.018210920610782555, tolerance: 0.00029880794701986693
  model = cd_fast.enet_coordinate_descent_gram(

[2024-05-22T00:40:50.465+0000] {warnings.py:109} WARNING - /home/***/.local/lib/python3.8/site-packages/sklearn/linear_model/_coordinate_descent.py:614: ConvergenceWarning: Objective did not converge. You might want to increase the number of iterations. Duality gap: 0.01879501327923805, tolerance: 0.00029880794701986693
  model = cd_fast.enet_coordinate_descent_gram(

[2024-05-22T00:40:50.691+0000] {warnings.py:109} WARNING - /home/***/.local/lib/python3.8/site-packages/sklearn/linear_model/_coordinate_descent.py:614: ConvergenceWarning: Objective did not converge. You might want to increase the number of iterations. Duality gap: 0.018947898844994704, tolerance: 0.00029880794701986693
  model = cd_fast.enet_coordinate_descent_gram(

[2024-05-22T00:40:50.883+0000] {warnings.py:109} WARNING - /home/***/.local/lib/python3.8/site-packages/sklearn/linear_model/_coordinate_descent.py:614: ConvergenceWarning: Objective did not converge. You might want to increase the number of iterations. Duality gap: 0.018727567595631545, tolerance: 0.00029880794701986693
  model = cd_fast.enet_coordinate_descent_gram(

[2024-05-22T00:40:51.030+0000] {warnings.py:109} WARNING - /home/***/.local/lib/python3.8/site-packages/sklearn/linear_model/_coordinate_descent.py:614: ConvergenceWarning: Objective did not converge. You might want to increase the number of iterations. Duality gap: 0.01858855296646289, tolerance: 0.00029880794701986693
  model = cd_fast.enet_coordinate_descent_gram(

[2024-05-22T00:40:51.173+0000] {warnings.py:109} WARNING - /home/***/.local/lib/python3.8/site-packages/sklearn/linear_model/_coordinate_descent.py:614: ConvergenceWarning: Objective did not converge. You might want to increase the number of iterations. Duality gap: 0.01768696879811449, tolerance: 0.00029880794701986693
  model = cd_fast.enet_coordinate_descent_gram(

[2024-05-22T00:40:51.335+0000] {warnings.py:109} WARNING - /home/***/.local/lib/python3.8/site-packages/sklearn/linear_model/_coordinate_descent.py:614: ConvergenceWarning: Objective did not converge. You might want to increase the number of iterations. Duality gap: 0.021159368615631946, tolerance: 0.00029880794701986693
  model = cd_fast.enet_coordinate_descent_gram(

[2024-05-22T00:40:51.511+0000] {warnings.py:109} WARNING - /home/***/.local/lib/python3.8/site-packages/sklearn/linear_model/_coordinate_descent.py:614: ConvergenceWarning: Objective did not converge. You might want to increase the number of iterations. Duality gap: 0.027417657885836055, tolerance: 0.00029880794701986693
  model = cd_fast.enet_coordinate_descent_gram(

[2024-05-22T00:40:51.735+0000] {warnings.py:109} WARNING - /home/***/.local/lib/python3.8/site-packages/sklearn/linear_model/_coordinate_descent.py:614: ConvergenceWarning: Objective did not converge. You might want to increase the number of iterations. Duality gap: 0.03175741737340165, tolerance: 0.00029880794701986693
  model = cd_fast.enet_coordinate_descent_gram(

[2024-05-22T00:40:51.920+0000] {warnings.py:109} WARNING - /home/***/.local/lib/python3.8/site-packages/sklearn/linear_model/_coordinate_descent.py:614: ConvergenceWarning: Objective did not converge. You might want to increase the number of iterations. Duality gap: 0.03503081349145876, tolerance: 0.00029880794701986693
  model = cd_fast.enet_coordinate_descent_gram(

[2024-05-22T00:40:52.213+0000] {warnings.py:109} WARNING - /home/***/.local/lib/python3.8/site-packages/sklearn/linear_model/_coordinate_descent.py:614: ConvergenceWarning: Objective did not converge. You might want to increase the number of iterations. Duality gap: 0.030389646327355857, tolerance: 0.00029880794701986693
  model = cd_fast.enet_coordinate_descent_gram(

[2024-05-22T00:40:52.440+0000] {warnings.py:109} WARNING - /home/***/.local/lib/python3.8/site-packages/sklearn/linear_model/_coordinate_descent.py:614: ConvergenceWarning: Objective did not converge. You might want to increase the number of iterations. Duality gap: 0.047982868217901986, tolerance: 0.00029880794701986693
  model = cd_fast.enet_coordinate_descent_gram(

[2024-05-22T00:40:53.913+0000] {warnings.py:109} WARNING - /home/***/.local/lib/python3.8/site-packages/sklearn/linear_model/_coordinate_descent.py:614: ConvergenceWarning: Objective did not converge. You might want to increase the number of iterations. Duality gap: 0.00032717472430432437, tolerance: 0.000298807947019867
  model = cd_fast.enet_coordinate_descent_gram(

[2024-05-22T00:40:54.000+0000] {warnings.py:109} WARNING - /home/***/.local/lib/python3.8/site-packages/sklearn/linear_model/_coordinate_descent.py:614: ConvergenceWarning: Objective did not converge. You might want to increase the number of iterations. Duality gap: 0.000380883425208145, tolerance: 0.000298807947019867
  model = cd_fast.enet_coordinate_descent_gram(

[2024-05-22T00:40:54.136+0000] {warnings.py:109} WARNING - /home/***/.local/lib/python3.8/site-packages/sklearn/linear_model/_coordinate_descent.py:614: ConvergenceWarning: Objective did not converge. You might want to increase the number of iterations. Duality gap: 0.0003866497298314897, tolerance: 0.000298807947019867
  model = cd_fast.enet_coordinate_descent_gram(

[2024-05-22T00:40:54.227+0000] {warnings.py:109} WARNING - /home/***/.local/lib/python3.8/site-packages/sklearn/linear_model/_coordinate_descent.py:614: ConvergenceWarning: Objective did not converge. You might want to increase the number of iterations. Duality gap: 0.0004208115688886238, tolerance: 0.000298807947019867
  model = cd_fast.enet_coordinate_descent_gram(

[2024-05-22T00:40:54.366+0000] {warnings.py:109} WARNING - /home/***/.local/lib/python3.8/site-packages/sklearn/linear_model/_coordinate_descent.py:614: ConvergenceWarning: Objective did not converge. You might want to increase the number of iterations. Duality gap: 0.000804178303680736, tolerance: 0.000298807947019867
  model = cd_fast.enet_coordinate_descent_gram(

[2024-05-22T00:40:54.447+0000] {warnings.py:109} WARNING - /home/***/.local/lib/python3.8/site-packages/sklearn/linear_model/_coordinate_descent.py:614: ConvergenceWarning: Objective did not converge. You might want to increase the number of iterations. Duality gap: 0.0009055058471294508, tolerance: 0.000298807947019867
  model = cd_fast.enet_coordinate_descent_gram(

[2024-05-22T00:40:54.543+0000] {warnings.py:109} WARNING - /home/***/.local/lib/python3.8/site-packages/sklearn/linear_model/_coordinate_descent.py:614: ConvergenceWarning: Objective did not converge. You might want to increase the number of iterations. Duality gap: 0.0010093438560399015, tolerance: 0.000298807947019867
  model = cd_fast.enet_coordinate_descent_gram(

[2024-05-22T00:40:54.713+0000] {warnings.py:109} WARNING - /home/***/.local/lib/python3.8/site-packages/sklearn/linear_model/_coordinate_descent.py:614: ConvergenceWarning: Objective did not converge. You might want to increase the number of iterations. Duality gap: 0.0013305975110449175, tolerance: 0.000298807947019867
  model = cd_fast.enet_coordinate_descent_gram(

[2024-05-22T00:40:54.876+0000] {warnings.py:109} WARNING - /home/***/.local/lib/python3.8/site-packages/sklearn/linear_model/_coordinate_descent.py:614: ConvergenceWarning: Objective did not converge. You might want to increase the number of iterations. Duality gap: 0.0017462141343032034, tolerance: 0.000298807947019867
  model = cd_fast.enet_coordinate_descent_gram(

[2024-05-22T00:40:55.072+0000] {warnings.py:109} WARNING - /home/***/.local/lib/python3.8/site-packages/sklearn/linear_model/_coordinate_descent.py:614: ConvergenceWarning: Objective did not converge. You might want to increase the number of iterations. Duality gap: 0.0010275224209592704, tolerance: 0.000298807947019867
  model = cd_fast.enet_coordinate_descent_gram(

[2024-05-22T00:40:55.145+0000] {warnings.py:109} WARNING - /home/***/.local/lib/python3.8/site-packages/sklearn/linear_model/_coordinate_descent.py:614: ConvergenceWarning: Objective did not converge. You might want to increase the number of iterations. Duality gap: 0.0009011042760895815, tolerance: 0.000298807947019867
  model = cd_fast.enet_coordinate_descent_gram(

[2024-05-22T00:40:55.392+0000] {warnings.py:109} WARNING - /home/***/.local/lib/python3.8/site-packages/sklearn/linear_model/_coordinate_descent.py:614: ConvergenceWarning: Objective did not converge. You might want to increase the number of iterations. Duality gap: 0.0008626599384788936, tolerance: 0.000298807947019867
  model = cd_fast.enet_coordinate_descent_gram(

[2024-05-22T00:40:55.615+0000] {warnings.py:109} WARNING - /home/***/.local/lib/python3.8/site-packages/sklearn/linear_model/_coordinate_descent.py:614: ConvergenceWarning: Objective did not converge. You might want to increase the number of iterations. Duality gap: 0.0012034577969097793, tolerance: 0.000298807947019867
  model = cd_fast.enet_coordinate_descent_gram(

[2024-05-22T00:40:55.705+0000] {warnings.py:109} WARNING - /home/***/.local/lib/python3.8/site-packages/sklearn/linear_model/_coordinate_descent.py:614: ConvergenceWarning: Objective did not converge. You might want to increase the number of iterations. Duality gap: 0.003886877769036179, tolerance: 0.000298807947019867
  model = cd_fast.enet_coordinate_descent_gram(

[2024-05-22T00:40:55.782+0000] {warnings.py:109} WARNING - /home/***/.local/lib/python3.8/site-packages/sklearn/linear_model/_coordinate_descent.py:614: ConvergenceWarning: Objective did not converge. You might want to increase the number of iterations. Duality gap: 0.001857728662215008, tolerance: 0.000298807947019867
  model = cd_fast.enet_coordinate_descent_gram(

[2024-05-22T00:40:55.896+0000] {warnings.py:109} WARNING - /home/***/.local/lib/python3.8/site-packages/sklearn/linear_model/_coordinate_descent.py:614: ConvergenceWarning: Objective did not converge. You might want to increase the number of iterations. Duality gap: 0.009093304614663955, tolerance: 0.000298807947019867
  model = cd_fast.enet_coordinate_descent_gram(

[2024-05-22T00:40:56.090+0000] {warnings.py:109} WARNING - /home/***/.local/lib/python3.8/site-packages/sklearn/linear_model/_coordinate_descent.py:614: ConvergenceWarning: Objective did not converge. You might want to increase the number of iterations. Duality gap: 0.012310340061256753, tolerance: 0.000298807947019867
  model = cd_fast.enet_coordinate_descent_gram(

[2024-05-22T00:40:56.262+0000] {warnings.py:109} WARNING - /home/***/.local/lib/python3.8/site-packages/sklearn/linear_model/_coordinate_descent.py:614: ConvergenceWarning: Objective did not converge. You might want to increase the number of iterations. Duality gap: 0.013701967356622546, tolerance: 0.000298807947019867
  model = cd_fast.enet_coordinate_descent_gram(

[2024-05-22T00:40:56.373+0000] {warnings.py:109} WARNING - /home/***/.local/lib/python3.8/site-packages/sklearn/linear_model/_coordinate_descent.py:614: ConvergenceWarning: Objective did not converge. You might want to increase the number of iterations. Duality gap: 0.01227499989522296, tolerance: 0.000298807947019867
  model = cd_fast.enet_coordinate_descent_gram(

[2024-05-22T00:40:56.563+0000] {warnings.py:109} WARNING - /home/***/.local/lib/python3.8/site-packages/sklearn/linear_model/_coordinate_descent.py:614: ConvergenceWarning: Objective did not converge. You might want to increase the number of iterations. Duality gap: 0.011548508589222628, tolerance: 0.000298807947019867
  model = cd_fast.enet_coordinate_descent_gram(

[2024-05-22T00:40:56.727+0000] {warnings.py:109} WARNING - /home/***/.local/lib/python3.8/site-packages/sklearn/linear_model/_coordinate_descent.py:614: ConvergenceWarning: Objective did not converge. You might want to increase the number of iterations. Duality gap: 0.013229136941829367, tolerance: 0.000298807947019867
  model = cd_fast.enet_coordinate_descent_gram(

[2024-05-22T00:40:56.869+0000] {warnings.py:109} WARNING - /home/***/.local/lib/python3.8/site-packages/sklearn/linear_model/_coordinate_descent.py:614: ConvergenceWarning: Objective did not converge. You might want to increase the number of iterations. Duality gap: 0.014259240363607928, tolerance: 0.000298807947019867
  model = cd_fast.enet_coordinate_descent_gram(

[2024-05-22T00:40:57.079+0000] {warnings.py:109} WARNING - /home/***/.local/lib/python3.8/site-packages/sklearn/linear_model/_coordinate_descent.py:614: ConvergenceWarning: Objective did not converge. You might want to increase the number of iterations. Duality gap: 0.014486081353610958, tolerance: 0.000298807947019867
  model = cd_fast.enet_coordinate_descent_gram(

[2024-05-22T00:40:57.326+0000] {warnings.py:109} WARNING - /home/***/.local/lib/python3.8/site-packages/sklearn/linear_model/_coordinate_descent.py:614: ConvergenceWarning: Objective did not converge. You might want to increase the number of iterations. Duality gap: 0.014241881545570712, tolerance: 0.000298807947019867
  model = cd_fast.enet_coordinate_descent_gram(

[2024-05-22T00:40:57.509+0000] {warnings.py:109} WARNING - /home/***/.local/lib/python3.8/site-packages/sklearn/linear_model/_coordinate_descent.py:614: ConvergenceWarning: Objective did not converge. You might want to increase the number of iterations. Duality gap: 0.017677870405168328, tolerance: 0.000298807947019867
  model = cd_fast.enet_coordinate_descent_gram(

[2024-05-22T00:40:57.749+0000] {warnings.py:109} WARNING - /home/***/.local/lib/python3.8/site-packages/sklearn/linear_model/_coordinate_descent.py:614: ConvergenceWarning: Objective did not converge. You might want to increase the number of iterations. Duality gap: 0.026293870878840053, tolerance: 0.000298807947019867
  model = cd_fast.enet_coordinate_descent_gram(

[2024-05-22T00:40:57.896+0000] {warnings.py:109} WARNING - /home/***/.local/lib/python3.8/site-packages/sklearn/linear_model/_coordinate_descent.py:614: ConvergenceWarning: Objective did not converge. You might want to increase the number of iterations. Duality gap: 0.033815644144110646, tolerance: 0.000298807947019867
  model = cd_fast.enet_coordinate_descent_gram(

[2024-05-22T00:40:58.046+0000] {warnings.py:109} WARNING - /home/***/.local/lib/python3.8/site-packages/sklearn/linear_model/_coordinate_descent.py:614: ConvergenceWarning: Objective did not converge. You might want to increase the number of iterations. Duality gap: 0.023524773871992366, tolerance: 0.000298807947019867
  model = cd_fast.enet_coordinate_descent_gram(

[2024-05-22T00:40:58.203+0000] {warnings.py:109} WARNING - /home/***/.local/lib/python3.8/site-packages/sklearn/linear_model/_coordinate_descent.py:614: ConvergenceWarning: Objective did not converge. You might want to increase the number of iterations. Duality gap: 0.03186576006866004, tolerance: 0.000298807947019867
  model = cd_fast.enet_coordinate_descent_gram(

[2024-05-22T00:40:58.380+0000] {warnings.py:109} WARNING - /home/***/.local/lib/python3.8/site-packages/sklearn/linear_model/_coordinate_descent.py:614: ConvergenceWarning: Objective did not converge. You might want to increase the number of iterations. Duality gap: 0.03758219358767323, tolerance: 0.000298807947019867
  model = cd_fast.enet_coordinate_descent_gram(

[2024-05-22T00:40:58.581+0000] {warnings.py:109} WARNING - /home/***/.local/lib/python3.8/site-packages/sklearn/linear_model/_coordinate_descent.py:614: ConvergenceWarning: Objective did not converge. You might want to increase the number of iterations. Duality gap: 0.04154614240189081, tolerance: 0.000298807947019867
  model = cd_fast.enet_coordinate_descent_gram(

[2024-05-22T00:40:58.753+0000] {warnings.py:109} WARNING - /home/***/.local/lib/python3.8/site-packages/sklearn/linear_model/_coordinate_descent.py:614: ConvergenceWarning: Objective did not converge. You might want to increase the number of iterations. Duality gap: 0.04284083221389512, tolerance: 0.000298807947019867
  model = cd_fast.enet_coordinate_descent_gram(

[2024-05-22T00:40:59.055+0000] {warnings.py:109} WARNING - /home/***/.local/lib/python3.8/site-packages/sklearn/linear_model/_coordinate_descent.py:614: ConvergenceWarning: Objective did not converge. You might want to increase the number of iterations. Duality gap: 0.043024943189557296, tolerance: 0.000298807947019867
  model = cd_fast.enet_coordinate_descent_gram(

[2024-05-22T00:40:59.235+0000] {warnings.py:109} WARNING - /home/***/.local/lib/python3.8/site-packages/sklearn/linear_model/_coordinate_descent.py:614: ConvergenceWarning: Objective did not converge. You might want to increase the number of iterations. Duality gap: 0.04365014394708, tolerance: 0.000298807947019867
  model = cd_fast.enet_coordinate_descent_gram(

[2024-05-22T00:40:59.431+0000] {warnings.py:109} WARNING - /home/***/.local/lib/python3.8/site-packages/sklearn/linear_model/_coordinate_descent.py:614: ConvergenceWarning: Objective did not converge. You might want to increase the number of iterations. Duality gap: 0.044284409581157425, tolerance: 0.000298807947019867
  model = cd_fast.enet_coordinate_descent_gram(

[2024-05-22T00:40:59.596+0000] {warnings.py:109} WARNING - /home/***/.local/lib/python3.8/site-packages/sklearn/linear_model/_coordinate_descent.py:614: ConvergenceWarning: Objective did not converge. You might want to increase the number of iterations. Duality gap: 0.04455939258377373, tolerance: 0.000298807947019867
  model = cd_fast.enet_coordinate_descent_gram(

[2024-05-22T00:40:59.730+0000] {warnings.py:109} WARNING - /home/***/.local/lib/python3.8/site-packages/sklearn/linear_model/_coordinate_descent.py:614: ConvergenceWarning: Objective did not converge. You might want to increase the number of iterations. Duality gap: 0.04548959730666158, tolerance: 0.000298807947019867
  model = cd_fast.enet_coordinate_descent_gram(

[2024-05-22T00:40:59.913+0000] {warnings.py:109} WARNING - /home/***/.local/lib/python3.8/site-packages/sklearn/linear_model/_coordinate_descent.py:614: ConvergenceWarning: Objective did not converge. You might want to increase the number of iterations. Duality gap: 0.04685917384706717, tolerance: 0.000298807947019867
  model = cd_fast.enet_coordinate_descent_gram(

[2024-05-22T00:41:00.092+0000] {warnings.py:109} WARNING - /home/***/.local/lib/python3.8/site-packages/sklearn/linear_model/_coordinate_descent.py:614: ConvergenceWarning: Objective did not converge. You might want to increase the number of iterations. Duality gap: 0.06483821288750358, tolerance: 0.000298807947019867
  model = cd_fast.enet_coordinate_descent_gram(

[2024-05-22T00:41:00.289+0000] {warnings.py:109} WARNING - /home/***/.local/lib/python3.8/site-packages/sklearn/linear_model/_coordinate_descent.py:614: ConvergenceWarning: Objective did not converge. You might want to increase the number of iterations. Duality gap: 0.0834263747707431, tolerance: 0.000298807947019867
  model = cd_fast.enet_coordinate_descent_gram(

[2024-05-22T00:41:00.404+0000] {warnings.py:109} WARNING - /home/***/.local/lib/python3.8/site-packages/sklearn/linear_model/_coordinate_descent.py:614: ConvergenceWarning: Objective did not converge. You might want to increase the number of iterations. Duality gap: 0.09818832464799332, tolerance: 0.000298807947019867
  model = cd_fast.enet_coordinate_descent_gram(

[2024-05-22T00:41:00.537+0000] {warnings.py:109} WARNING - /home/***/.local/lib/python3.8/site-packages/sklearn/linear_model/_coordinate_descent.py:614: ConvergenceWarning: Objective did not converge. You might want to increase the number of iterations. Duality gap: 0.11060602000857478, tolerance: 0.000298807947019867
  model = cd_fast.enet_coordinate_descent_gram(

[2024-05-22T00:41:00.712+0000] {warnings.py:109} WARNING - /home/***/.local/lib/python3.8/site-packages/sklearn/linear_model/_coordinate_descent.py:614: ConvergenceWarning: Objective did not converge. You might want to increase the number of iterations. Duality gap: 0.12166145253363658, tolerance: 0.000298807947019867
  model = cd_fast.enet_coordinate_descent_gram(

[2024-05-22T00:41:00.923+0000] {warnings.py:109} WARNING - /home/***/.local/lib/python3.8/site-packages/sklearn/linear_model/_coordinate_descent.py:614: ConvergenceWarning: Objective did not converge. You might want to increase the number of iterations. Duality gap: 0.12971551098874712, tolerance: 0.000298807947019867
  model = cd_fast.enet_coordinate_descent_gram(

[2024-05-22T00:41:01.138+0000] {warnings.py:109} WARNING - /home/***/.local/lib/python3.8/site-packages/sklearn/linear_model/_coordinate_descent.py:614: ConvergenceWarning: Objective did not converge. You might want to increase the number of iterations. Duality gap: 0.13342405063400964, tolerance: 0.000298807947019867
  model = cd_fast.enet_coordinate_descent_gram(

[2024-05-22T00:41:01.333+0000] {warnings.py:109} WARNING - /home/***/.local/lib/python3.8/site-packages/sklearn/linear_model/_coordinate_descent.py:614: ConvergenceWarning: Objective did not converge. You might want to increase the number of iterations. Duality gap: 0.13372283808624164, tolerance: 0.000298807947019867
  model = cd_fast.enet_coordinate_descent_gram(

[2024-05-22T00:41:01.465+0000] {warnings.py:109} WARNING - /home/***/.local/lib/python3.8/site-packages/sklearn/linear_model/_coordinate_descent.py:614: ConvergenceWarning: Objective did not converge. You might want to increase the number of iterations. Duality gap: 0.13185801202520087, tolerance: 0.000298807947019867
  model = cd_fast.enet_coordinate_descent_gram(

[2024-05-22T00:41:01.678+0000] {warnings.py:109} WARNING - /home/***/.local/lib/python3.8/site-packages/sklearn/linear_model/_coordinate_descent.py:614: ConvergenceWarning: Objective did not converge. You might want to increase the number of iterations. Duality gap: 0.13208469561528502, tolerance: 0.000298807947019867
  model = cd_fast.enet_coordinate_descent_gram(

[2024-05-22T00:41:01.833+0000] {warnings.py:109} WARNING - /home/***/.local/lib/python3.8/site-packages/sklearn/linear_model/_coordinate_descent.py:614: ConvergenceWarning: Objective did not converge. You might want to increase the number of iterations. Duality gap: 0.165464755931077, tolerance: 0.000298807947019867
  model = cd_fast.enet_coordinate_descent_gram(

[2024-05-22T00:41:03.070+0000] {warnings.py:109} WARNING - /home/***/.local/lib/python3.8/site-packages/sklearn/linear_model/_coordinate_descent.py:614: ConvergenceWarning: Objective did not converge. You might want to increase the number of iterations. Duality gap: 0.0005959240732753557, tolerance: 0.00029880952380952254
  model = cd_fast.enet_coordinate_descent_gram(

[2024-05-22T00:41:03.160+0000] {warnings.py:109} WARNING - /home/***/.local/lib/python3.8/site-packages/sklearn/linear_model/_coordinate_descent.py:614: ConvergenceWarning: Objective did not converge. You might want to increase the number of iterations. Duality gap: 0.0009647128734799892, tolerance: 0.00029880952380952254
  model = cd_fast.enet_coordinate_descent_gram(

[2024-05-22T00:41:03.510+0000] {warnings.py:109} WARNING - /home/***/.local/lib/python3.8/site-packages/sklearn/linear_model/_coordinate_descent.py:614: ConvergenceWarning: Objective did not converge. You might want to increase the number of iterations. Duality gap: 0.0006980080249747722, tolerance: 0.00029880952380952254
  model = cd_fast.enet_coordinate_descent_gram(

[2024-05-22T00:41:03.667+0000] {warnings.py:109} WARNING - /home/***/.local/lib/python3.8/site-packages/sklearn/linear_model/_coordinate_descent.py:614: ConvergenceWarning: Objective did not converge. You might want to increase the number of iterations. Duality gap: 0.001103860427351222, tolerance: 0.00029880952380952254
  model = cd_fast.enet_coordinate_descent_gram(

[2024-05-22T00:41:03.799+0000] {warnings.py:109} WARNING - /home/***/.local/lib/python3.8/site-packages/sklearn/linear_model/_coordinate_descent.py:614: ConvergenceWarning: Objective did not converge. You might want to increase the number of iterations. Duality gap: 0.0013528410089906906, tolerance: 0.00029880952380952254
  model = cd_fast.enet_coordinate_descent_gram(

[2024-05-22T00:41:03.947+0000] {warnings.py:109} WARNING - /home/***/.local/lib/python3.8/site-packages/sklearn/linear_model/_coordinate_descent.py:614: ConvergenceWarning: Objective did not converge. You might want to increase the number of iterations. Duality gap: 0.0013884667358237124, tolerance: 0.00029880952380952254
  model = cd_fast.enet_coordinate_descent_gram(

[2024-05-22T00:41:04.332+0000] {warnings.py:109} WARNING - /home/***/.local/lib/python3.8/site-packages/sklearn/linear_model/_coordinate_descent.py:614: ConvergenceWarning: Objective did not converge. You might want to increase the number of iterations. Duality gap: 0.0006926955866783935, tolerance: 0.00029880952380952254
  model = cd_fast.enet_coordinate_descent_gram(

[2024-05-22T00:41:04.509+0000] {warnings.py:109} WARNING - /home/***/.local/lib/python3.8/site-packages/sklearn/linear_model/_coordinate_descent.py:614: ConvergenceWarning: Objective did not converge. You might want to increase the number of iterations. Duality gap: 0.0011290847864628972, tolerance: 0.00029880952380952254
  model = cd_fast.enet_coordinate_descent_gram(

[2024-05-22T00:41:04.623+0000] {warnings.py:109} WARNING - /home/***/.local/lib/python3.8/site-packages/sklearn/linear_model/_coordinate_descent.py:614: ConvergenceWarning: Objective did not converge. You might want to increase the number of iterations. Duality gap: 0.006176692284994623, tolerance: 0.00029880952380952254
  model = cd_fast.enet_coordinate_descent_gram(

[2024-05-22T00:41:04.883+0000] {warnings.py:109} WARNING - /home/***/.local/lib/python3.8/site-packages/sklearn/linear_model/_coordinate_descent.py:614: ConvergenceWarning: Objective did not converge. You might want to increase the number of iterations. Duality gap: 0.0012368566251264035, tolerance: 0.00029880952380952254
  model = cd_fast.enet_coordinate_descent_gram(

[2024-05-22T00:41:05.040+0000] {warnings.py:109} WARNING - /home/***/.local/lib/python3.8/site-packages/sklearn/linear_model/_coordinate_descent.py:614: ConvergenceWarning: Objective did not converge. You might want to increase the number of iterations. Duality gap: 0.0011350499165594385, tolerance: 0.00029880952380952254
  model = cd_fast.enet_coordinate_descent_gram(

[2024-05-22T00:41:05.163+0000] {warnings.py:109} WARNING - /home/***/.local/lib/python3.8/site-packages/sklearn/linear_model/_coordinate_descent.py:614: ConvergenceWarning: Objective did not converge. You might want to increase the number of iterations. Duality gap: 0.0008298045438861479, tolerance: 0.00029880952380952254
  model = cd_fast.enet_coordinate_descent_gram(

[2024-05-22T00:41:05.369+0000] {warnings.py:109} WARNING - /home/***/.local/lib/python3.8/site-packages/sklearn/linear_model/_coordinate_descent.py:614: ConvergenceWarning: Objective did not converge. You might want to increase the number of iterations. Duality gap: 0.0008994592121362999, tolerance: 0.00029880952380952254
  model = cd_fast.enet_coordinate_descent_gram(

[2024-05-22T00:41:05.544+0000] {warnings.py:109} WARNING - /home/***/.local/lib/python3.8/site-packages/sklearn/linear_model/_coordinate_descent.py:614: ConvergenceWarning: Objective did not converge. You might want to increase the number of iterations. Duality gap: 0.0012303071404713428, tolerance: 0.00029880952380952254
  model = cd_fast.enet_coordinate_descent_gram(

[2024-05-22T00:41:05.725+0000] {warnings.py:109} WARNING - /home/***/.local/lib/python3.8/site-packages/sklearn/linear_model/_coordinate_descent.py:614: ConvergenceWarning: Objective did not converge. You might want to increase the number of iterations. Duality gap: 0.0015984493862846172, tolerance: 0.00029880952380952254
  model = cd_fast.enet_coordinate_descent_gram(

[2024-05-22T00:41:05.934+0000] {warnings.py:109} WARNING - /home/***/.local/lib/python3.8/site-packages/sklearn/linear_model/_coordinate_descent.py:614: ConvergenceWarning: Objective did not converge. You might want to increase the number of iterations. Duality gap: 0.001258094259567688, tolerance: 0.00029880952380952254
  model = cd_fast.enet_coordinate_descent_gram(

[2024-05-22T00:41:06.103+0000] {warnings.py:109} WARNING - /home/***/.local/lib/python3.8/site-packages/sklearn/linear_model/_coordinate_descent.py:614: ConvergenceWarning: Objective did not converge. You might want to increase the number of iterations. Duality gap: 0.001403861867231626, tolerance: 0.00029880952380952254
  model = cd_fast.enet_coordinate_descent_gram(

[2024-05-22T00:41:06.291+0000] {warnings.py:109} WARNING - /home/***/.local/lib/python3.8/site-packages/sklearn/linear_model/_coordinate_descent.py:614: ConvergenceWarning: Objective did not converge. You might want to increase the number of iterations. Duality gap: 0.008636235033149475, tolerance: 0.00029880952380952254
  model = cd_fast.enet_coordinate_descent_gram(

[2024-05-22T00:41:06.462+0000] {warnings.py:109} WARNING - /home/***/.local/lib/python3.8/site-packages/sklearn/linear_model/_coordinate_descent.py:614: ConvergenceWarning: Objective did not converge. You might want to increase the number of iterations. Duality gap: 0.018605357921984922, tolerance: 0.00029880952380952254
  model = cd_fast.enet_coordinate_descent_gram(

[2024-05-22T00:41:06.572+0000] {warnings.py:109} WARNING - /home/***/.local/lib/python3.8/site-packages/sklearn/linear_model/_coordinate_descent.py:614: ConvergenceWarning: Objective did not converge. You might want to increase the number of iterations. Duality gap: 0.03064360751819417, tolerance: 0.00029880952380952254
  model = cd_fast.enet_coordinate_descent_gram(

[2024-05-22T00:41:06.817+0000] {warnings.py:109} WARNING - /home/***/.local/lib/python3.8/site-packages/sklearn/linear_model/_coordinate_descent.py:614: ConvergenceWarning: Objective did not converge. You might want to increase the number of iterations. Duality gap: 0.039655112781791235, tolerance: 0.00029880952380952254
  model = cd_fast.enet_coordinate_descent_gram(

[2024-05-22T00:41:06.960+0000] {warnings.py:109} WARNING - /home/***/.local/lib/python3.8/site-packages/sklearn/linear_model/_coordinate_descent.py:614: ConvergenceWarning: Objective did not converge. You might want to increase the number of iterations. Duality gap: 0.04620539326349382, tolerance: 0.00029880952380952254
  model = cd_fast.enet_coordinate_descent_gram(

[2024-05-22T00:41:07.098+0000] {warnings.py:109} WARNING - /home/***/.local/lib/python3.8/site-packages/sklearn/linear_model/_coordinate_descent.py:614: ConvergenceWarning: Objective did not converge. You might want to increase the number of iterations. Duality gap: 0.04393804173890503, tolerance: 0.00029880952380952254
  model = cd_fast.enet_coordinate_descent_gram(

[2024-05-22T00:41:07.323+0000] {warnings.py:109} WARNING - /home/***/.local/lib/python3.8/site-packages/sklearn/linear_model/_coordinate_descent.py:614: ConvergenceWarning: Objective did not converge. You might want to increase the number of iterations. Duality gap: 0.03994225823042541, tolerance: 0.00029880952380952254
  model = cd_fast.enet_coordinate_descent_gram(

[2024-05-22T00:41:07.496+0000] {warnings.py:109} WARNING - /home/***/.local/lib/python3.8/site-packages/sklearn/linear_model/_coordinate_descent.py:614: ConvergenceWarning: Objective did not converge. You might want to increase the number of iterations. Duality gap: 0.03590999387164118, tolerance: 0.00029880952380952254
  model = cd_fast.enet_coordinate_descent_gram(

[2024-05-22T00:41:07.640+0000] {warnings.py:109} WARNING - /home/***/.local/lib/python3.8/site-packages/sklearn/linear_model/_coordinate_descent.py:614: ConvergenceWarning: Objective did not converge. You might want to increase the number of iterations. Duality gap: 0.0316669712865969, tolerance: 0.00029880952380952254
  model = cd_fast.enet_coordinate_descent_gram(

[2024-05-22T00:41:07.776+0000] {warnings.py:109} WARNING - /home/***/.local/lib/python3.8/site-packages/sklearn/linear_model/_coordinate_descent.py:614: ConvergenceWarning: Objective did not converge. You might want to increase the number of iterations. Duality gap: 0.026802511283835928, tolerance: 0.00029880952380952254
  model = cd_fast.enet_coordinate_descent_gram(

[2024-05-22T00:41:08.023+0000] {warnings.py:109} WARNING - /home/***/.local/lib/python3.8/site-packages/sklearn/linear_model/_coordinate_descent.py:614: ConvergenceWarning: Objective did not converge. You might want to increase the number of iterations. Duality gap: 0.022412060914495324, tolerance: 0.00029880952380952254
  model = cd_fast.enet_coordinate_descent_gram(

[2024-05-22T00:41:08.239+0000] {warnings.py:109} WARNING - /home/***/.local/lib/python3.8/site-packages/sklearn/linear_model/_coordinate_descent.py:614: ConvergenceWarning: Objective did not converge. You might want to increase the number of iterations. Duality gap: 0.023393744519289106, tolerance: 0.00029880952380952254
  model = cd_fast.enet_coordinate_descent_gram(

[2024-05-22T00:41:08.457+0000] {warnings.py:109} WARNING - /home/***/.local/lib/python3.8/site-packages/sklearn/linear_model/_coordinate_descent.py:614: ConvergenceWarning: Objective did not converge. You might want to increase the number of iterations. Duality gap: 0.029561117060862063, tolerance: 0.00029880952380952254
  model = cd_fast.enet_coordinate_descent_gram(

[2024-05-22T00:41:08.663+0000] {warnings.py:109} WARNING - /home/***/.local/lib/python3.8/site-packages/sklearn/linear_model/_coordinate_descent.py:614: ConvergenceWarning: Objective did not converge. You might want to increase the number of iterations. Duality gap: 0.04639899678640913, tolerance: 0.00029880952380952254
  model = cd_fast.enet_coordinate_descent_gram(

[2024-05-22T00:41:08.811+0000] {warnings.py:109} WARNING - /home/***/.local/lib/python3.8/site-packages/sklearn/linear_model/_coordinate_descent.py:614: ConvergenceWarning: Objective did not converge. You might want to increase the number of iterations. Duality gap: 0.06399837615767368, tolerance: 0.00029880952380952254
  model = cd_fast.enet_coordinate_descent_gram(

[2024-05-22T00:41:08.966+0000] {warnings.py:109} WARNING - /home/***/.local/lib/python3.8/site-packages/sklearn/linear_model/_coordinate_descent.py:614: ConvergenceWarning: Objective did not converge. You might want to increase the number of iterations. Duality gap: 0.08012198978885121, tolerance: 0.00029880952380952254
  model = cd_fast.enet_coordinate_descent_gram(

[2024-05-22T00:41:09.322+0000] {warnings.py:109} WARNING - /home/***/.local/lib/python3.8/site-packages/sklearn/linear_model/_coordinate_descent.py:614: ConvergenceWarning: Objective did not converge. You might want to increase the number of iterations. Duality gap: 0.09818665377124902, tolerance: 0.00029880952380952254
  model = cd_fast.enet_coordinate_descent_gram(

[2024-05-22T00:41:09.527+0000] {warnings.py:109} WARNING - /home/***/.local/lib/python3.8/site-packages/sklearn/linear_model/_coordinate_descent.py:614: ConvergenceWarning: Objective did not converge. You might want to increase the number of iterations. Duality gap: 0.11628463180121562, tolerance: 0.00029880952380952254
  model = cd_fast.enet_coordinate_descent_gram(

[2024-05-22T00:41:09.897+0000] {warnings.py:109} WARNING - /home/***/.local/lib/python3.8/site-packages/sklearn/linear_model/_coordinate_descent.py:614: ConvergenceWarning: Objective did not converge. You might want to increase the number of iterations. Duality gap: 0.13376451343444007, tolerance: 0.00029880952380952254
  model = cd_fast.enet_coordinate_descent_gram(

[2024-05-22T00:41:10.178+0000] {warnings.py:109} WARNING - /home/***/.local/lib/python3.8/site-packages/sklearn/linear_model/_coordinate_descent.py:614: ConvergenceWarning: Objective did not converge. You might want to increase the number of iterations. Duality gap: 0.15076936697145582, tolerance: 0.00029880952380952254
  model = cd_fast.enet_coordinate_descent_gram(

[2024-05-22T00:41:10.299+0000] {fraud.py:73} WARNING - No significant features found. Check Lasso feature selection.
[2024-05-22T00:41:10.350+0000] {taskinstance.py:1937} ERROR - Task failed with exception
Traceback (most recent call last):
  File "/home/airflow/.local/lib/python3.8/site-packages/airflow/operators/python.py", line 192, in execute
    return_value = self.execute_callable()
  File "/home/airflow/.local/lib/python3.8/site-packages/airflow/operators/python.py", line 209, in execute_callable
    return self.python_callable(*self.op_args, **self.op_kwargs)
  File "/opt/airflow/dags/fraud.py", line 74, in load_and_prepare_data
    raise ValueError("No significant features found. Check Lasso feature selection.")
ValueError: No significant features found. Check Lasso feature selection.
[2024-05-22T00:41:10.454+0000] {taskinstance.py:1400} INFO - Marking task as UP_FOR_RETRY. dag_id=fraud_bitcoin, task_id=load_and_prepare_data, execution_date=20240521T000000, start_date=20240522T004018, end_date=20240522T004110
[2024-05-22T00:41:10.491+0000] {standard_task_runner.py:104} ERROR - Failed to execute job 395 for task load_and_prepare_data (No significant features found. Check Lasso feature selection.; 4242)
[2024-05-22T00:41:10.627+0000] {local_task_job_runner.py:228} INFO - Task exited with return code 1
[2024-05-22T00:41:10.745+0000] {taskinstance.py:2778} INFO - 0 downstream tasks scheduled from follow-on schedule check
