[2024-05-05T10:50:44.196+0000] {taskinstance.py:1159} INFO - Dependencies all met for dep_context=non-requeueable deps ti=<TaskInstance: bitcoin_transaction_analysis.scrub_data manual__2024-05-05T10:48:08.751997+00:00 [queued]>
[2024-05-05T10:50:44.204+0000] {taskinstance.py:1159} INFO - Dependencies all met for dep_context=requeueable deps ti=<TaskInstance: bitcoin_transaction_analysis.scrub_data manual__2024-05-05T10:48:08.751997+00:00 [queued]>
[2024-05-05T10:50:44.204+0000] {taskinstance.py:1361} INFO - Starting attempt 2 of 3
[2024-05-05T10:50:44.216+0000] {taskinstance.py:1382} INFO - Executing <Task(PythonOperator): scrub_data> on 2024-05-05 10:48:08.751997+00:00
[2024-05-05T10:50:44.224+0000] {standard_task_runner.py:57} INFO - Started process 3441 to run task
[2024-05-05T10:50:44.230+0000] {standard_task_runner.py:84} INFO - Running: ['***', 'tasks', 'run', 'bitcoin_transaction_analysis', 'scrub_data', 'manual__2024-05-05T10:48:08.751997+00:00', '--job-id', '230', '--raw', '--subdir', 'DAGS_FOLDER/bitcoin.py', '--cfg-path', '/tmp/tmpmn_f8e3o']
[2024-05-05T10:50:44.239+0000] {standard_task_runner.py:85} INFO - Job 230: Subtask scrub_data
[2024-05-05T10:50:44.302+0000] {task_command.py:416} INFO - Running <TaskInstance: bitcoin_transaction_analysis.scrub_data manual__2024-05-05T10:48:08.751997+00:00 [running]> on host c967b8493ef9
[2024-05-05T10:50:44.373+0000] {taskinstance.py:1662} INFO - Exporting env vars: AIRFLOW_CTX_DAG_OWNER='***' AIRFLOW_CTX_DAG_ID='bitcoin_transaction_analysis' AIRFLOW_CTX_TASK_ID='scrub_data' AIRFLOW_CTX_EXECUTION_DATE='2024-05-05T10:48:08.751997+00:00' AIRFLOW_CTX_TRY_NUMBER='2' AIRFLOW_CTX_DAG_RUN_ID='manual__2024-05-05T10:48:08.751997+00:00'
[2024-05-05T10:50:50.285+0000] {taskinstance.py:1937} ERROR - Task failed with exception
Traceback (most recent call last):
  File "/home/airflow/.local/lib/python3.8/site-packages/airflow/operators/python.py", line 192, in execute
    return_value = self.execute_callable()
  File "/home/airflow/.local/lib/python3.8/site-packages/airflow/operators/python.py", line 209, in execute_callable
    return self.python_callable(*self.op_args, **self.op_kwargs)
  File "/opt/airflow/dags/bitcoin.py", line 75, in scrub_data
    df_merged = df_features.merge(df_classes, left_on=column_0, right_on='txId')
NameError: name 'column_0' is not defined
[2024-05-05T10:50:50.300+0000] {taskinstance.py:1400} INFO - Marking task as UP_FOR_RETRY. dag_id=bitcoin_transaction_analysis, task_id=scrub_data, execution_date=20240505T104808, start_date=20240505T105044, end_date=20240505T105050
[2024-05-05T10:50:50.314+0000] {standard_task_runner.py:104} ERROR - Failed to execute job 230 for task scrub_data (name 'column_0' is not defined; 3441)
[2024-05-05T10:50:50.354+0000] {local_task_job_runner.py:228} INFO - Task exited with return code 1
[2024-05-05T10:50:50.377+0000] {taskinstance.py:2778} INFO - 0 downstream tasks scheduled from follow-on schedule check
