[2023-12-22T09:34:58.156+0000] {taskinstance.py:1159} INFO - Dependencies all met for dep_context=non-requeueable deps ti=<TaskInstance: dd_mssql_snapshot.generate_date_strings manual__2023-12-22T09:27:33.989721+00:00 [queued]>
[2023-12-22T09:34:58.161+0000] {taskinstance.py:1159} INFO - Dependencies all met for dep_context=requeueable deps ti=<TaskInstance: dd_mssql_snapshot.generate_date_strings manual__2023-12-22T09:27:33.989721+00:00 [queued]>
[2023-12-22T09:34:58.161+0000] {taskinstance.py:1361} INFO - Starting attempt 7 of 8
[2023-12-22T09:34:58.167+0000] {taskinstance.py:1382} INFO - Executing <Task(_PythonDecoratedOperator): generate_date_strings> on 2023-12-22 09:27:33.989721+00:00
[2023-12-22T09:34:58.171+0000] {standard_task_runner.py:57} INFO - Started process 565 to run task
[2023-12-22T09:34:58.174+0000] {standard_task_runner.py:84} INFO - Running: ['***', 'tasks', 'run', 'dd_mssql_snapshot', 'generate_date_strings', 'manual__2023-12-22T09:27:33.989721+00:00', '--job-id', '25', '--raw', '--subdir', 'DAGS_FOLDER/test-date.py', '--cfg-path', '/tmp/tmpgcntqklo']
[2023-12-22T09:34:58.175+0000] {standard_task_runner.py:85} INFO - Job 25: Subtask generate_date_strings
[2023-12-22T09:34:58.216+0000] {task_command.py:416} INFO - Running <TaskInstance: dd_mssql_snapshot.generate_date_strings manual__2023-12-22T09:27:33.989721+00:00 [running]> on host 90263e0a625e
[2023-12-22T09:34:58.273+0000] {taskinstance.py:1662} INFO - Exporting env vars: AIRFLOW_CTX_DAG_OWNER='***' AIRFLOW_CTX_DAG_ID='dd_mssql_snapshot' AIRFLOW_CTX_TASK_ID='generate_date_strings' AIRFLOW_CTX_EXECUTION_DATE='2023-12-22T09:27:33.989721+00:00' AIRFLOW_CTX_TRY_NUMBER='7' AIRFLOW_CTX_DAG_RUN_ID='manual__2023-12-22T09:27:33.989721+00:00'
[2023-12-22T09:34:58.275+0000] {taskinstance.py:1937} ERROR - Task failed with exception
Traceback (most recent call last):
  File "/home/airflow/.local/lib/python3.8/site-packages/airflow/decorators/base.py", line 221, in execute
    return_value = super().execute(context)
  File "/home/airflow/.local/lib/python3.8/site-packages/airflow/operators/python.py", line 192, in execute
    return_value = self.execute_callable()
  File "/home/airflow/.local/lib/python3.8/site-packages/airflow/operators/python.py", line 209, in execute_callable
    return self.python_callable(*self.op_args, **self.op_kwargs)
  File "/opt/airflow/dags/test-date.py", line 52, in generate_date_strings
    yst_date = (current_time - timedelta(days=1)).isoformat() + ".000"
TypeError: unsupported operand type(s) for -: 'str' and 'datetime.timedelta'
[2023-12-22T09:34:58.284+0000] {taskinstance.py:1400} INFO - Marking task as UP_FOR_RETRY. dag_id=dd_mssql_snapshot, task_id=generate_date_strings, execution_date=20231222T092733, start_date=20231222T093458, end_date=20231222T093458
[2023-12-22T09:34:58.291+0000] {standard_task_runner.py:104} ERROR - Failed to execute job 25 for task generate_date_strings (unsupported operand type(s) for -: 'str' and 'datetime.timedelta'; 565)
[2023-12-22T09:34:58.306+0000] {local_task_job_runner.py:228} INFO - Task exited with return code 1
[2023-12-22T09:34:58.319+0000] {taskinstance.py:2778} INFO - 0 downstream tasks scheduled from follow-on schedule check
