[2024-05-23T02:51:53.786+0000] {taskinstance.py:1159} INFO - Dependencies all met for dep_context=non-requeueable deps ti=<TaskInstance: fraud_bitcoin.push_github_task scheduled__2024-05-22T00:00:00+00:00 [queued]>
[2024-05-23T02:51:53.804+0000] {taskinstance.py:1159} INFO - Dependencies all met for dep_context=requeueable deps ti=<TaskInstance: fraud_bitcoin.push_github_task scheduled__2024-05-22T00:00:00+00:00 [queued]>
[2024-05-23T02:51:53.805+0000] {taskinstance.py:1361} INFO - Starting attempt 2 of 2
[2024-05-23T02:51:53.836+0000] {taskinstance.py:1382} INFO - Executing <Task(PythonOperator): push_github_task> on 2024-05-22 00:00:00+00:00
[2024-05-23T02:51:53.847+0000] {standard_task_runner.py:57} INFO - Started process 3457 to run task
[2024-05-23T02:51:53.853+0000] {standard_task_runner.py:84} INFO - Running: ['***', 'tasks', 'run', 'fraud_bitcoin', 'push_github_task', 'scheduled__2024-05-22T00:00:00+00:00', '--job-id', '462', '--raw', '--subdir', 'DAGS_FOLDER/fraud.py', '--cfg-path', '/tmp/tmp4_huqyzi']
[2024-05-23T02:51:53.859+0000] {standard_task_runner.py:85} INFO - Job 462: Subtask push_github_task
[2024-05-23T02:51:53.971+0000] {task_command.py:416} INFO - Running <TaskInstance: fraud_bitcoin.push_github_task scheduled__2024-05-22T00:00:00+00:00 [running]> on host 73682f8f7a2b
[2024-05-23T02:51:54.065+0000] {taskinstance.py:1662} INFO - Exporting env vars: AIRFLOW_CTX_DAG_OWNER='***' AIRFLOW_CTX_DAG_ID='fraud_bitcoin' AIRFLOW_CTX_TASK_ID='push_github_task' AIRFLOW_CTX_EXECUTION_DATE='2024-05-22T00:00:00+00:00' AIRFLOW_CTX_TRY_NUMBER='2' AIRFLOW_CTX_DAG_RUN_ID='scheduled__2024-05-22T00:00:00+00:00'
[2024-05-23T02:51:55.814+0000] {taskinstance.py:1937} ERROR - Task failed with exception
Traceback (most recent call last):
  File "/home/airflow/.local/lib/python3.8/site-packages/airflow/operators/python.py", line 192, in execute
    return_value = self.execute_callable()
  File "/home/airflow/.local/lib/python3.8/site-packages/airflow/operators/python.py", line 209, in execute_callable
    return self.python_callable(*self.op_args, **self.op_kwargs)
  File "/opt/airflow/dags/fraud.py", line 356, in push_to_github
    os.chmod(dest_model_path, stat.S_IWUSR | stat.S_IWGRP | stat.S_IWOTH)
FileNotFoundError: [Errno 2] No such file or directory: '/best_model.pkl'
[2024-05-23T02:51:55.975+0000] {taskinstance.py:1400} INFO - Marking task as FAILED. dag_id=fraud_bitcoin, task_id=push_github_task, execution_date=20240522T000000, start_date=20240523T025153, end_date=20240523T025155
[2024-05-23T02:51:56.038+0000] {standard_task_runner.py:104} ERROR - Failed to execute job 462 for task push_github_task ([Errno 2] No such file or directory: '/best_model.pkl'; 3457)
[2024-05-23T02:51:56.137+0000] {local_task_job_runner.py:228} INFO - Task exited with return code 1
[2024-05-23T02:51:56.237+0000] {taskinstance.py:2778} INFO - 0 downstream tasks scheduled from follow-on schedule check
